-- Found ament_cmake: 1.3.3 (/opt/ros/humble/share/ament_cmake/cmake)
-- Found rclcpp: 16.0.3 (/opt/ros/humble/share/rclcpp/cmake)
-- Found rosidl_generator_c: 3.1.4 (/opt/ros/humble/share/rosidl_generator_c/cmake)
-- Found rosidl_adapter: 3.1.4 (/opt/ros/humble/share/rosidl_adapter/cmake)
-- Found rosidl_generator_cpp: 3.1.4 (/opt/ros/humble/share/rosidl_generator_cpp/cmake)
-- Using all available rosidl_typesupport_c: rosidl_typesupport_fastrtps_c;rosidl_typesupport_introspection_c
-- Using all available rosidl_typesupport_cpp: rosidl_typesupport_fastrtps_cpp;rosidl_typesupport_introspection_cpp
-- Found rmw_implementation_cmake: 6.1.1 (/opt/ros/humble/share/rmw_implementation_cmake/cmake)
-- Found rmw_fastrtps_cpp: 6.2.2 (/opt/ros/humble/share/rmw_fastrtps_cpp/cmake)
-- Using RMW implementation 'rmw_fastrtps_cpp' as default
-- Configuring done
-- Generating done
-- Build files have been written to: /home/sebas/Desktop/Projects/ur_ros2/build/ball_picker
[35m[1mConsolidate compiler generated dependencies of target ball_publisher[0m
[35m[1mConsolidate compiler generated dependencies of target ball_listener[0m
[100%] Built target ball_listener
[100%] Built target ball_publisher
-- Install configuration: ""
-- Up-to-date: /home/sebas/Desktop/Projects/ur_ros2/install/ball_picker/lib/ball_picker/ball_publisher
-- Up-to-date: /home/sebas/Desktop/Projects/ur_ros2/install/ball_picker/lib/ball_picker/ball_listener
-- Up-to-date: /home/sebas/Desktop/Projects/ur_ros2/install/ball_picker/share/ball_picker/launch
-- Up-to-date: /home/sebas/Desktop/Projects/ur_ros2/install/ball_picker/share/ball_picker/launch/ball_picker_rviz_launch.py
-- Up-to-date: /home/sebas/Desktop/Projects/ur_ros2/install/ball_picker/share/ball_picker/launch/ball_picker_gazebo_launch.py
-- Up-to-date: /home/sebas/Desktop/Projects/ur_ros2/install/ball_picker/share/ball_picker/launch/__pycache__
-- Up-to-date: /home/sebas/Desktop/Projects/ur_ros2/install/ball_picker/share/ball_picker/launch/__pycache__/ball_picker_launch.cpython-310.pyc
-- Installing: /home/sebas/Desktop/Projects/ur_ros2/install/ball_picker/share/ball_picker/launch/arm_gazebo_launch.py
-- Installing: /home/sebas/Desktop/Projects/ur_ros2/install/ball_picker/share/ball_picker/urdf
-- Installing: /home/sebas/Desktop/Projects/ur_ros2/install/ball_picker/share/ball_picker/urdf/ball_picker.urdf
-- Up-to-date: /home/sebas/Desktop/Projects/ur_ros2/install/ball_picker/share/ament_index/resource_index/package_run_dependencies/ball_picker
-- Up-to-date: /home/sebas/Desktop/Projects/ur_ros2/install/ball_picker/share/ament_index/resource_index/parent_prefix_path/ball_picker
-- Up-to-date: /home/sebas/Desktop/Projects/ur_ros2/install/ball_picker/share/ball_picker/environment/ament_prefix_path.sh
-- Installing: /home/sebas/Desktop/Projects/ur_ros2/install/ball_picker/share/ball_picker/environment/ament_prefix_path.dsv
-- Up-to-date: /home/sebas/Desktop/Projects/ur_ros2/install/ball_picker/share/ball_picker/environment/path.sh
-- Installing: /home/sebas/Desktop/Projects/ur_ros2/install/ball_picker/share/ball_picker/environment/path.dsv
-- Up-to-date: /home/sebas/Desktop/Projects/ur_ros2/install/ball_picker/share/ball_picker/local_setup.bash
-- Up-to-date: /home/sebas/Desktop/Projects/ur_ros2/install/ball_picker/share/ball_picker/local_setup.sh
-- Up-to-date: /home/sebas/Desktop/Projects/ur_ros2/install/ball_picker/share/ball_picker/local_setup.zsh
-- Installing: /home/sebas/Desktop/Projects/ur_ros2/install/ball_picker/share/ball_picker/local_setup.dsv
-- Installing: /home/sebas/Desktop/Projects/ur_ros2/install/ball_picker/share/ball_picker/package.dsv
-- Up-to-date: /home/sebas/Desktop/Projects/ur_ros2/install/ball_picker/share/ament_index/resource_index/packages/ball_picker
-- Up-to-date: /home/sebas/Desktop/Projects/ur_ros2/install/ball_picker/share/ball_picker/cmake/ball_pickerConfig.cmake
-- Up-to-date: /home/sebas/Desktop/Projects/ur_ros2/install/ball_picker/share/ball_picker/cmake/ball_pickerConfig-version.cmake
-- Up-to-date: /home/sebas/Desktop/Projects/ur_ros2/install/ball_picker/share/ball_picker/package.xml
