[0.012s] Invoking command in '/home/sebas/Desktop/Projects/ur_ros2/build/ball_picker': CMAKE_PREFIX_PATH=${CMAKE_PREFIX_PATH}:/opt/ros/humble /usr/bin/cmake /home/sebas/Desktop/Projects/ur_ros2/src/ball_picker -DAMENT_CMAKE_SYMLINK_INSTALL=1 -DCMAKE_INSTALL_PREFIX=/home/sebas/Desktop/Projects/ur_ros2/install/ball_picker
[0.021s] -- Found ament_cmake: 1.3.3 (/opt/ros/humble/share/ament_cmake/cmake)
[0.109s] -- Override CMake install command with custom implementation using symlinks instead of copying resources
[0.115s] -- Found rclcpp: 16.0.3 (/opt/ros/humble/share/rclcpp/cmake)
[0.136s] -- Found rosidl_generator_c: 3.1.4 (/opt/ros/humble/share/rosidl_generator_c/cmake)
[0.137s] -- Found rosidl_adapter: 3.1.4 (/opt/ros/humble/share/rosidl_adapter/cmake)
[0.141s] -- Found rosidl_generator_cpp: 3.1.4 (/opt/ros/humble/share/rosidl_generator_cpp/cmake)
[0.149s] -- Using all available rosidl_typesupport_c: rosidl_typesupport_fastrtps_c;rosidl_typesupport_introspection_c
[0.159s] -- Using all available rosidl_typesupport_cpp: rosidl_typesupport_fastrtps_cpp;rosidl_typesupport_introspection_cpp
[0.196s] -- Found rmw_implementation_cmake: 6.1.1 (/opt/ros/humble/share/rmw_implementation_cmake/cmake)
[0.197s] -- Found rmw_fastrtps_cpp: 6.2.2 (/opt/ros/humble/share/rmw_fastrtps_cpp/cmake)
[0.280s] -- Using RMW implementation 'rmw_fastrtps_cpp' as default
[0.426s] -- Configuring done
[0.433s] -- Generating done
[0.434s] -- Build files have been written to: /home/sebas/Desktop/Projects/ur_ros2/build/ball_picker
[0.440s] Invoked command in '/home/sebas/Desktop/Projects/ur_ros2/build/ball_picker' returned '0': CMAKE_PREFIX_PATH=${CMAKE_PREFIX_PATH}:/opt/ros/humble /usr/bin/cmake /home/sebas/Desktop/Projects/ur_ros2/src/ball_picker -DAMENT_CMAKE_SYMLINK_INSTALL=1 -DCMAKE_INSTALL_PREFIX=/home/sebas/Desktop/Projects/ur_ros2/install/ball_picker
[0.441s] Invoking command in '/home/sebas/Desktop/Projects/ur_ros2/build/ball_picker': CMAKE_PREFIX_PATH=${CMAKE_PREFIX_PATH}:/opt/ros/humble /usr/bin/cmake --build /home/sebas/Desktop/Projects/ur_ros2/build/ball_picker -- -j16 -l16
[0.465s] [35m[1mConsolidate compiler generated dependencies of target ball_listener[0m
[0.465s] [35m[1mConsolidate compiler generated dependencies of target ball_publisher[0m
[0.476s] [ 50%] [32mBuilding CXX object CMakeFiles/ball_listener.dir/src/ball_listener.cpp.o[0m
[0.476s] [ 50%] [32mBuilding CXX object CMakeFiles/ball_publisher.dir/src/ball_publisher.cpp.o[0m
[3.596s] [ 75%] [32m[1mLinking CXX executable ball_publisher[0m
[3.719s] [ 75%] Built target ball_publisher
[6.195s] [100%] [32m[1mLinking CXX executable ball_listener[0m
[6.405s] [100%] Built target ball_listener
[6.418s] Invoked command in '/home/sebas/Desktop/Projects/ur_ros2/build/ball_picker' returned '0': CMAKE_PREFIX_PATH=${CMAKE_PREFIX_PATH}:/opt/ros/humble /usr/bin/cmake --build /home/sebas/Desktop/Projects/ur_ros2/build/ball_picker -- -j16 -l16
[6.433s] Invoking command in '/home/sebas/Desktop/Projects/ur_ros2/build/ball_picker': CMAKE_PREFIX_PATH=${CMAKE_PREFIX_PATH}:/opt/ros/humble /usr/bin/cmake --install /home/sebas/Desktop/Projects/ur_ros2/build/ball_picker
[6.438s] -- Install configuration: ""
[6.438s] -- Execute custom install script
[6.438s] -- Symlinking: /home/sebas/Desktop/Projects/ur_ros2/install/ball_picker/lib/ball_picker/ball_publisher
[6.443s] -- Symlinking: /home/sebas/Desktop/Projects/ur_ros2/install/ball_picker/lib/ball_picker/ball_listener
[6.447s] -- Symlinking: /home/sebas/Desktop/Projects/ur_ros2/install/ball_picker/share/ball_picker/launch/arm_gazebo.launch.py
[6.451s] -- Symlinking: /home/sebas/Desktop/Projects/ur_ros2/install/ball_picker/share/ball_picker/launch/ball_picker_gazebo_launch.py
[6.455s] -- Symlinking: /home/sebas/Desktop/Projects/ur_ros2/install/ball_picker/share/ball_picker/launch/ball_picker_rviz_launch.py
[6.459s] -- Symlinking: /home/sebas/Desktop/Projects/ur_ros2/install/ball_picker/share/ball_picker/urdf/ball_picker.urdf
[6.464s] -- Symlinking: /home/sebas/Desktop/Projects/ur_ros2/install/ball_picker/share/ball_picker/urdf/ur5e.urdf
[6.468s] -- Symlinking: /home/sebas/Desktop/Projects/ur_ros2/install/ball_picker/share/ball_picker/config/ur_controllers.yaml
[6.472s] -- Symlinking: /home/sebas/Desktop/Projects/ur_ros2/install/ball_picker/share/ament_index/resource_index/package_run_dependencies/ball_picker
[6.477s] -- Symlinking: /home/sebas/Desktop/Projects/ur_ros2/install/ball_picker/share/ament_index/resource_index/parent_prefix_path/ball_picker
[6.481s] -- Symlinking: /home/sebas/Desktop/Projects/ur_ros2/install/ball_picker/share/ball_picker/environment/ament_prefix_path.sh
[6.485s] -- Symlinking: /home/sebas/Desktop/Projects/ur_ros2/install/ball_picker/share/ball_picker/environment/ament_prefix_path.dsv
[6.489s] -- Symlinking: /home/sebas/Desktop/Projects/ur_ros2/install/ball_picker/share/ball_picker/environment/path.sh
[6.493s] -- Symlinking: /home/sebas/Desktop/Projects/ur_ros2/install/ball_picker/share/ball_picker/environment/path.dsv
[6.497s] -- Symlinking: /home/sebas/Desktop/Projects/ur_ros2/install/ball_picker/share/ball_picker/local_setup.bash
[6.501s] -- Symlinking: /home/sebas/Desktop/Projects/ur_ros2/install/ball_picker/share/ball_picker/local_setup.sh
[6.505s] -- Symlinking: /home/sebas/Desktop/Projects/ur_ros2/install/ball_picker/share/ball_picker/local_setup.zsh
[6.509s] -- Symlinking: /home/sebas/Desktop/Projects/ur_ros2/install/ball_picker/share/ball_picker/local_setup.dsv
[6.513s] -- Symlinking: /home/sebas/Desktop/Projects/ur_ros2/install/ball_picker/share/ball_picker/package.dsv
[6.517s] -- Symlinking: /home/sebas/Desktop/Projects/ur_ros2/install/ball_picker/share/ament_index/resource_index/packages/ball_picker
[6.521s] -- Symlinking: /home/sebas/Desktop/Projects/ur_ros2/install/ball_picker/share/ball_picker/cmake/ball_pickerConfig.cmake
[6.525s] -- Symlinking: /home/sebas/Desktop/Projects/ur_ros2/install/ball_picker/share/ball_picker/cmake/ball_pickerConfig-version.cmake
[6.529s] -- Symlinking: /home/sebas/Desktop/Projects/ur_ros2/install/ball_picker/share/ball_picker/package.xml
[6.534s] Invoked command in '/home/sebas/Desktop/Projects/ur_ros2/build/ball_picker' returned '0': CMAKE_PREFIX_PATH=${CMAKE_PREFIX_PATH}:/opt/ros/humble /usr/bin/cmake --install /home/sebas/Desktop/Projects/ur_ros2/build/ball_picker
