[0.012s] Invoking command in '/home/sebas/Desktop/Projects/ur_ros2/build/ball_picker': CMAKE_PREFIX_PATH=${CMAKE_PREFIX_PATH}:/opt/ros/humble /usr/bin/cmake --build /home/sebas/Desktop/Projects/ur_ros2/build/ball_picker -- -j16 -l16
[0.025s] -- Found ament_cmake: 1.3.3 (/opt/ros/humble/share/ament_cmake/cmake)
[0.122s] -- Found rclcpp: 16.0.3 (/opt/ros/humble/share/rclcpp/cmake)
[0.144s] -- Found rosidl_generator_c: 3.1.4 (/opt/ros/humble/share/rosidl_generator_c/cmake)
[0.147s] -- Found rosidl_adapter: 3.1.4 (/opt/ros/humble/share/rosidl_adapter/cmake)
[0.150s] -- Found rosidl_generator_cpp: 3.1.4 (/opt/ros/humble/share/rosidl_generator_cpp/cmake)
[0.157s] -- Using all available rosidl_typesupport_c: rosidl_typesupport_fastrtps_c;rosidl_typesupport_introspection_c
[0.168s] -- Using all available rosidl_typesupport_cpp: rosidl_typesupport_fastrtps_cpp;rosidl_typesupport_introspection_cpp
[0.207s] -- Found rmw_implementation_cmake: 6.1.1 (/opt/ros/humble/share/rmw_implementation_cmake/cmake)
[0.208s] -- Found rmw_fastrtps_cpp: 6.2.2 (/opt/ros/humble/share/rmw_fastrtps_cpp/cmake)
[0.290s] -- Using RMW implementation 'rmw_fastrtps_cpp' as default
[0.432s] -- Configuring done
[0.438s] -- Generating done
[0.439s] -- Build files have been written to: /home/sebas/Desktop/Projects/ur_ros2/build/ball_picker
[0.460s] [ 50%] [32mBuilding CXX object CMakeFiles/ball_publisher.dir/src/ball_publisher.cpp.o[0m
[0.460s] [ 50%] [32mBuilding CXX object CMakeFiles/ball_listener.dir/src/ball_listener.cpp.o[0m
[3.450s] [ 75%] [32m[1mLinking CXX executable ball_publisher[0m
[3.568s] [ 75%] Built target ball_publisher
[5.994s] [100%] [32m[1mLinking CXX executable ball_listener[0m
[6.200s] [100%] Built target ball_listener
[6.213s] Invoked command in '/home/sebas/Desktop/Projects/ur_ros2/build/ball_picker' returned '0': CMAKE_PREFIX_PATH=${CMAKE_PREFIX_PATH}:/opt/ros/humble /usr/bin/cmake --build /home/sebas/Desktop/Projects/ur_ros2/build/ball_picker -- -j16 -l16
[6.228s] Invoking command in '/home/sebas/Desktop/Projects/ur_ros2/build/ball_picker': CMAKE_PREFIX_PATH=${CMAKE_PREFIX_PATH}:/opt/ros/humble /usr/bin/cmake --install /home/sebas/Desktop/Projects/ur_ros2/build/ball_picker
[6.232s] -- Install configuration: ""
[6.232s] -- Installing: /home/sebas/Desktop/Projects/ur_ros2/install/ball_picker/lib/ball_picker/ball_publisher
[6.233s] -- Set runtime path of "/home/sebas/Desktop/Projects/ur_ros2/install/ball_picker/lib/ball_picker/ball_publisher" to ""
[6.233s] -- Installing: /home/sebas/Desktop/Projects/ur_ros2/install/ball_picker/lib/ball_picker/ball_listener
[6.235s] -- Set runtime path of "/home/sebas/Desktop/Projects/ur_ros2/install/ball_picker/lib/ball_picker/ball_listener" to ""
[6.235s] -- Installing: /home/sebas/Desktop/Projects/ur_ros2/install/ball_picker/share/ament_index/resource_index/package_run_dependencies/ball_picker
[6.235s] -- Installing: /home/sebas/Desktop/Projects/ur_ros2/install/ball_picker/share/ament_index/resource_index/parent_prefix_path/ball_picker
[6.236s] -- Up-to-date: /home/sebas/Desktop/Projects/ur_ros2/install/ball_picker/share/ball_picker/environment/ament_prefix_path.sh
[6.236s] -- Installing: /home/sebas/Desktop/Projects/ur_ros2/install/ball_picker/share/ball_picker/environment/ament_prefix_path.dsv
[6.236s] -- Up-to-date: /home/sebas/Desktop/Projects/ur_ros2/install/ball_picker/share/ball_picker/environment/path.sh
[6.236s] -- Installing: /home/sebas/Desktop/Projects/ur_ros2/install/ball_picker/share/ball_picker/environment/path.dsv
[6.236s] -- Up-to-date: /home/sebas/Desktop/Projects/ur_ros2/install/ball_picker/share/ball_picker/local_setup.bash
[6.236s] -- Up-to-date: /home/sebas/Desktop/Projects/ur_ros2/install/ball_picker/share/ball_picker/local_setup.sh
[6.236s] -- Up-to-date: /home/sebas/Desktop/Projects/ur_ros2/install/ball_picker/share/ball_picker/local_setup.zsh
[6.236s] -- Installing: /home/sebas/Desktop/Projects/ur_ros2/install/ball_picker/share/ball_picker/local_setup.dsv
[6.236s] -- Installing: /home/sebas/Desktop/Projects/ur_ros2/install/ball_picker/share/ball_picker/package.dsv
[6.236s] -- Up-to-date: /home/sebas/Desktop/Projects/ur_ros2/install/ball_picker/share/ament_index/resource_index/packages/ball_picker
[6.236s] -- Up-to-date: /home/sebas/Desktop/Projects/ur_ros2/install/ball_picker/share/ball_picker/cmake/ball_pickerConfig.cmake
[6.236s] -- Up-to-date: /home/sebas/Desktop/Projects/ur_ros2/install/ball_picker/share/ball_picker/cmake/ball_pickerConfig-version.cmake
[6.236s] -- Installing: /home/sebas/Desktop/Projects/ur_ros2/install/ball_picker/share/ball_picker/package.xml
[6.237s] Invoked command in '/home/sebas/Desktop/Projects/ur_ros2/build/ball_picker' returned '0': CMAKE_PREFIX_PATH=${CMAKE_PREFIX_PATH}:/opt/ros/humble /usr/bin/cmake --install /home/sebas/Desktop/Projects/ur_ros2/build/ball_picker
