[0.016s] Invoking command in '/home/sebas/Documents/galactic_ws/build/ur_robot_driver': CMAKE_PREFIX_PATH=/home/sebas/Documents/galactic_ws/install/ur_bringup:/home/sebas/Documents/galactic_ws/install/ur_controllers:/home/sebas/Documents/galactic_ws/install/ur_dashboard_msgs:/home/sebas/Documents/galactic_ws/install/ur_simulation_gazebo:/home/sebas/Documents/galactic_ws/install/ur_calibration:/home/sebas/Documents/galactic_ws/install/ur_robot_driver:/home/sebas/Documents/galactic_ws/install/ur_moveit_config:/home/sebas/Documents/galactic_ws/install/ur_description:/home/sebas/Documents/galactic_ws/install/ball_picker:/opt/ros/galactic LD_LIBRARY_PATH=/home/sebas/Documents/galactic_ws/install/ur_controllers/lib:/home/sebas/Documents/galactic_ws/install/ur_dashboard_msgs/lib:/home/sebas/Documents/galactic_ws/install/ur_robot_driver/lib:/opt/ros/galactic/opt/yaml_cpp_vendor/lib:/opt/ros/galactic/opt/rviz_ogre_vendor/lib:/opt/ros/galactic/lib/x86_64-linux-gnu:/opt/ros/galactic/lib PYTHONPATH=/home/sebas/Documents/galactic_ws/install/ur_dashboard_msgs/lib/python3.8/site-packages:/home/sebas/Documents/galactic_ws/install/ur_robot_driver/lib/python3.8/site-packages:/home/sebas/Documents/galactic_ws/install/ur_moveit_config/lib/python3.8/site-packages:/opt/ros/galactic/lib/python3.8/site-packages /usr/bin/cmake --build /home/sebas/Documents/galactic_ws/build/ur_robot_driver -- -j16 -l16
[0.068s] [  0%] Built target ament_cmake_python_copy_ur_robot_driver
[0.071s] [ 15%] Built target ur_ros2_control_node
[0.071s] [ 38%] Built target controller_stopper_node
[0.071s] [ 69%] Built target dashboard_client
[0.075s] [100%] Built target ur_robot_driver_plugin
[0.224s] running egg_info
[0.224s] writing ur_robot_driver.egg-info/PKG-INFO
[0.224s] writing dependency_links to ur_robot_driver.egg-info/dependency_links.txt
[0.225s] writing top-level names to ur_robot_driver.egg-info/top_level.txt
[0.248s] reading manifest file 'ur_robot_driver.egg-info/SOURCES.txt'
[0.248s] writing manifest file 'ur_robot_driver.egg-info/SOURCES.txt'
[0.273s] [100%] Built target ament_cmake_python_build_ur_robot_driver_egg
[0.291s] Invoked command in '/home/sebas/Documents/galactic_ws/build/ur_robot_driver' returned '0': CMAKE_PREFIX_PATH=/home/sebas/Documents/galactic_ws/install/ur_bringup:/home/sebas/Documents/galactic_ws/install/ur_controllers:/home/sebas/Documents/galactic_ws/install/ur_dashboard_msgs:/home/sebas/Documents/galactic_ws/install/ur_simulation_gazebo:/home/sebas/Documents/galactic_ws/install/ur_calibration:/home/sebas/Documents/galactic_ws/install/ur_robot_driver:/home/sebas/Documents/galactic_ws/install/ur_moveit_config:/home/sebas/Documents/galactic_ws/install/ur_description:/home/sebas/Documents/galactic_ws/install/ball_picker:/opt/ros/galactic LD_LIBRARY_PATH=/home/sebas/Documents/galactic_ws/install/ur_controllers/lib:/home/sebas/Documents/galactic_ws/install/ur_dashboard_msgs/lib:/home/sebas/Documents/galactic_ws/install/ur_robot_driver/lib:/opt/ros/galactic/opt/yaml_cpp_vendor/lib:/opt/ros/galactic/opt/rviz_ogre_vendor/lib:/opt/ros/galactic/lib/x86_64-linux-gnu:/opt/ros/galactic/lib PYTHONPATH=/home/sebas/Documents/galactic_ws/install/ur_dashboard_msgs/lib/python3.8/site-packages:/home/sebas/Documents/galactic_ws/install/ur_robot_driver/lib/python3.8/site-packages:/home/sebas/Documents/galactic_ws/install/ur_moveit_config/lib/python3.8/site-packages:/opt/ros/galactic/lib/python3.8/site-packages /usr/bin/cmake --build /home/sebas/Documents/galactic_ws/build/ur_robot_driver -- -j16 -l16
[0.358s] Invoking command in '/home/sebas/Documents/galactic_ws/build/ur_robot_driver': CMAKE_PREFIX_PATH=/home/sebas/Documents/galactic_ws/install/ur_bringup:/home/sebas/Documents/galactic_ws/install/ur_controllers:/home/sebas/Documents/galactic_ws/install/ur_dashboard_msgs:/home/sebas/Documents/galactic_ws/install/ur_simulation_gazebo:/home/sebas/Documents/galactic_ws/install/ur_calibration:/home/sebas/Documents/galactic_ws/install/ur_robot_driver:/home/sebas/Documents/galactic_ws/install/ur_moveit_config:/home/sebas/Documents/galactic_ws/install/ur_description:/home/sebas/Documents/galactic_ws/install/ball_picker:/opt/ros/galactic LD_LIBRARY_PATH=/home/sebas/Documents/galactic_ws/install/ur_controllers/lib:/home/sebas/Documents/galactic_ws/install/ur_dashboard_msgs/lib:/home/sebas/Documents/galactic_ws/install/ur_robot_driver/lib:/opt/ros/galactic/opt/yaml_cpp_vendor/lib:/opt/ros/galactic/opt/rviz_ogre_vendor/lib:/opt/ros/galactic/lib/x86_64-linux-gnu:/opt/ros/galactic/lib PYTHONPATH=/home/sebas/Documents/galactic_ws/install/ur_dashboard_msgs/lib/python3.8/site-packages:/home/sebas/Documents/galactic_ws/install/ur_robot_driver/lib/python3.8/site-packages:/home/sebas/Documents/galactic_ws/install/ur_moveit_config/lib/python3.8/site-packages:/opt/ros/galactic/lib/python3.8/site-packages /usr/bin/cmake --install /home/sebas/Documents/galactic_ws/build/ur_robot_driver
[0.373s] -- Install configuration: "RelWithDebInfo"
[0.374s] -- Up-to-date: /home/sebas/Documents/galactic_ws/install/ur_robot_driver/share/ur_robot_driver/hardware_interface_plugin.xml
[0.374s] -- Up-to-date: /home/sebas/Documents/galactic_ws/install/ur_robot_driver/lib/ur_robot_driver/dashboard_client
[0.374s] -- Up-to-date: /home/sebas/Documents/galactic_ws/install/ur_robot_driver/lib/ur_robot_driver/ur_ros2_control_node
[0.375s] -- Up-to-date: /home/sebas/Documents/galactic_ws/install/ur_robot_driver/lib/ur_robot_driver/controller_stopper_node
[0.375s] -- Up-to-date: /home/sebas/Documents/galactic_ws/install/ur_robot_driver/lib/libur_robot_driver_plugin.so
[0.375s] -- Up-to-date: /home/sebas/Documents/galactic_ws/install/ur_robot_driver/include
[0.375s] -- Up-to-date: /home/sebas/Documents/galactic_ws/install/ur_robot_driver/include/ur_robot_driver
[0.375s] -- Up-to-date: /home/sebas/Documents/galactic_ws/install/ur_robot_driver/include/ur_robot_driver/hardware_interface.hpp
[0.375s] -- Up-to-date: /home/sebas/Documents/galactic_ws/install/ur_robot_driver/include/ur_robot_driver/controller_stopper.hpp
[0.375s] -- Up-to-date: /home/sebas/Documents/galactic_ws/install/ur_robot_driver/include/ur_robot_driver/dashboard_client_ros.hpp
[0.375s] -- Up-to-date: /home/sebas/Documents/galactic_ws/install/ur_robot_driver/include/ur_robot_driver/urcl_log_handler.hpp
[0.376s] -- Up-to-date: /home/sebas/Documents/galactic_ws/install/ur_robot_driver/share/ur_robot_driver/environment/library_path.sh
[0.376s] -- Up-to-date: /home/sebas/Documents/galactic_ws/install/ur_robot_driver/share/ur_robot_driver/environment/library_path.dsv
[0.376s] -- Up-to-date: /home/sebas/Documents/galactic_ws/install/ur_robot_driver/share/ur_robot_driver/resources
[0.376s] -- Up-to-date: /home/sebas/Documents/galactic_ws/install/ur_robot_driver/share/ur_robot_driver/resources/rtde_input_recipe.txt
[0.376s] -- Up-to-date: /home/sebas/Documents/galactic_ws/install/ur_robot_driver/share/ur_robot_driver/resources/rs485-1.0.urcap
[0.376s] -- Up-to-date: /home/sebas/Documents/galactic_ws/install/ur_robot_driver/share/ur_robot_driver/resources/externalcontrol-1.0.5.urcap
[0.376s] -- Up-to-date: /home/sebas/Documents/galactic_ws/install/ur_robot_driver/share/ur_robot_driver/resources/ursim_driver
[0.376s] -- Up-to-date: /home/sebas/Documents/galactic_ws/install/ur_robot_driver/share/ur_robot_driver/resources/ursim_driver/build_and_run_docker_ursim_with_driver.sh
[0.376s] -- Up-to-date: /home/sebas/Documents/galactic_ws/install/ur_robot_driver/share/ur_robot_driver/resources/ursim_driver/resources
[0.376s] -- Up-to-date: /home/sebas/Documents/galactic_ws/install/ur_robot_driver/share/ur_robot_driver/resources/ursim_driver/resources/added_urcap.png
[0.376s] -- Up-to-date: /home/sebas/Documents/galactic_ws/install/ur_robot_driver/share/ur_robot_driver/resources/ursim_driver/resources/running_external_ctrl.png
[0.376s] -- Up-to-date: /home/sebas/Documents/galactic_ws/install/ur_robot_driver/share/ur_robot_driver/resources/ursim_driver/resources/terminal.png
[0.376s] -- Up-to-date: /home/sebas/Documents/galactic_ws/install/ur_robot_driver/share/ur_robot_driver/resources/ursim_driver/resources/poweron_proc.png
[0.376s] -- Up-to-date: /home/sebas/Documents/galactic_ws/install/ur_robot_driver/share/ur_robot_driver/resources/ursim_driver/resources/vncviewer_list.png
[0.376s] -- Up-to-date: /home/sebas/Documents/galactic_ws/install/ur_robot_driver/share/ur_robot_driver/resources/ursim_driver/resources/move_tab.png
[0.376s] -- Up-to-date: /home/sebas/Documents/galactic_ws/install/ur_robot_driver/share/ur_robot_driver/resources/ursim_driver/resources/settings.png
[0.376s] -- Up-to-date: /home/sebas/Documents/galactic_ws/install/ur_robot_driver/share/ur_robot_driver/resources/ursim_driver/resources/urcap_menu.png
[0.377s] -- Up-to-date: /home/sebas/Documents/galactic_ws/install/ur_robot_driver/share/ur_robot_driver/resources/ursim_driver/resources/add_urcap.png
[0.377s] -- Up-to-date: /home/sebas/Documents/galactic_ws/install/ur_robot_driver/share/ur_robot_driver/resources/ursim_driver/resources/powered_on.png
[0.377s] -- Up-to-date: /home/sebas/Documents/galactic_ws/install/ur_robot_driver/share/ur_robot_driver/resources/ursim_driver/resources/rviz.png
[0.377s] -- Up-to-date: /home/sebas/Documents/galactic_ws/install/ur_robot_driver/share/ur_robot_driver/resources/ursim_driver/resources/added_external_ctrl.png
[0.377s] -- Up-to-date: /home/sebas/Documents/galactic_ws/install/ur_robot_driver/share/ur_robot_driver/resources/ursim_driver/driver
[0.377s] -- Up-to-date: /home/sebas/Documents/galactic_ws/install/ur_robot_driver/share/ur_robot_driver/resources/ursim_driver/driver/wait_dashboard_server.sh
[0.377s] -- Up-to-date: /home/sebas/Documents/galactic_ws/install/ur_robot_driver/share/ur_robot_driver/resources/ursim_driver/driver/Dockerfile
[0.377s] -- Up-to-date: /home/sebas/Documents/galactic_ws/install/ur_robot_driver/share/ur_robot_driver/resources/ursim_driver/driver/entrypoint.sh
[0.377s] -- Up-to-date: /home/sebas/Documents/galactic_ws/install/ur_robot_driver/share/ur_robot_driver/resources/ursim_driver/README.md
[0.377s] -- Up-to-date: /home/sebas/Documents/galactic_ws/install/ur_robot_driver/share/ur_robot_driver/resources/ursim_driver/docker-compose.yml
[0.377s] -- Up-to-date: /home/sebas/Documents/galactic_ws/install/ur_robot_driver/share/ur_robot_driver/resources/ursim_driver/ursim
[0.377s] -- Up-to-date: /home/sebas/Documents/galactic_ws/install/ur_robot_driver/share/ur_robot_driver/resources/Dockerfile
[0.377s] -- Up-to-date: /home/sebas/Documents/galactic_ws/install/ur_robot_driver/share/ur_robot_driver/resources/rtde_output_recipe.txt
[0.377s] -- Up-to-date: /home/sebas/Documents/galactic_ws/install/ur_robot_driver/share/ur_robot_driver/resources/ros_control.urscript
[0.377s] -- Up-to-date: /home/sebas/Documents/galactic_ws/install/ur_robot_driver/include
[0.377s] -- Up-to-date: /home/sebas/Documents/galactic_ws/install/ur_robot_driver/include/ur_robot_driver
[0.377s] -- Up-to-date: /home/sebas/Documents/galactic_ws/install/ur_robot_driver/include/ur_robot_driver/hardware_interface.hpp
[0.377s] -- Up-to-date: /home/sebas/Documents/galactic_ws/install/ur_robot_driver/include/ur_robot_driver/controller_stopper.hpp
[0.377s] -- Up-to-date: /home/sebas/Documents/galactic_ws/install/ur_robot_driver/include/ur_robot_driver/dashboard_client_ros.hpp
[0.378s] -- Up-to-date: /home/sebas/Documents/galactic_ws/install/ur_robot_driver/include/ur_robot_driver/urcl_log_handler.hpp
[0.378s] -- Up-to-date: /home/sebas/Documents/galactic_ws/install/ur_robot_driver/share/ur_robot_driver/environment/pythonpath.sh
[0.378s] -- Up-to-date: /home/sebas/Documents/galactic_ws/install/ur_robot_driver/share/ur_robot_driver/environment/pythonpath.dsv
[0.378s] -- Up-to-date: /home/sebas/Documents/galactic_ws/install/ur_robot_driver/lib/python3.8/site-packages//ur_robot_driver.egg-info
[0.378s] -- Installing: /home/sebas/Documents/galactic_ws/install/ur_robot_driver/lib/python3.8/site-packages//ur_robot_driver.egg-info/dependency_links.txt
[0.378s] -- Installing: /home/sebas/Documents/galactic_ws/install/ur_robot_driver/lib/python3.8/site-packages//ur_robot_driver.egg-info/SOURCES.txt
[0.378s] -- Installing: /home/sebas/Documents/galactic_ws/install/ur_robot_driver/lib/python3.8/site-packages//ur_robot_driver.egg-info/PKG-INFO
[0.378s] -- Installing: /home/sebas/Documents/galactic_ws/install/ur_robot_driver/lib/python3.8/site-packages//ur_robot_driver.egg-info/top_level.txt
[0.378s] -- Up-to-date: /home/sebas/Documents/galactic_ws/install/ur_robot_driver/lib/python3.8/site-packages/ur_robot_driver
[0.378s] -- Up-to-date: /home/sebas/Documents/galactic_ws/install/ur_robot_driver/lib/python3.8/site-packages/ur_robot_driver/__init__.py
[0.407s] Listing '/home/sebas/Documents/galactic_ws/install/ur_robot_driver/lib/python3.8/site-packages/ur_robot_driver'...
[0.410s] -- Up-to-date: /home/sebas/Documents/galactic_ws/install/ur_robot_driver/lib/ur_robot_driver/tool_communication.py
[0.411s] -- Up-to-date: /home/sebas/Documents/galactic_ws/install/ur_robot_driver/bin/wait_dashboard_server.sh
[0.411s] -- Up-to-date: /home/sebas/Documents/galactic_ws/install/ur_robot_driver/share/ament_index/resource_index/package_run_dependencies/ur_robot_driver
[0.411s] -- Up-to-date: /home/sebas/Documents/galactic_ws/install/ur_robot_driver/share/ament_index/resource_index/parent_prefix_path/ur_robot_driver
[0.411s] -- Up-to-date: /home/sebas/Documents/galactic_ws/install/ur_robot_driver/share/ur_robot_driver/environment/ament_prefix_path.sh
[0.411s] -- Up-to-date: /home/sebas/Documents/galactic_ws/install/ur_robot_driver/share/ur_robot_driver/environment/ament_prefix_path.dsv
[0.411s] -- Up-to-date: /home/sebas/Documents/galactic_ws/install/ur_robot_driver/share/ur_robot_driver/environment/path.sh
[0.411s] -- Up-to-date: /home/sebas/Documents/galactic_ws/install/ur_robot_driver/share/ur_robot_driver/environment/path.dsv
[0.411s] -- Up-to-date: /home/sebas/Documents/galactic_ws/install/ur_robot_driver/share/ur_robot_driver/local_setup.bash
[0.411s] -- Up-to-date: /home/sebas/Documents/galactic_ws/install/ur_robot_driver/share/ur_robot_driver/local_setup.sh
[0.411s] -- Up-to-date: /home/sebas/Documents/galactic_ws/install/ur_robot_driver/share/ur_robot_driver/local_setup.zsh
[0.411s] -- Up-to-date: /home/sebas/Documents/galactic_ws/install/ur_robot_driver/share/ur_robot_driver/local_setup.dsv
[0.411s] -- Installing: /home/sebas/Documents/galactic_ws/install/ur_robot_driver/share/ur_robot_driver/package.dsv
[0.411s] -- Up-to-date: /home/sebas/Documents/galactic_ws/install/ur_robot_driver/share/ament_index/resource_index/packages/ur_robot_driver
[0.412s] -- Up-to-date: /home/sebas/Documents/galactic_ws/install/ur_robot_driver/share/ament_index/resource_index/hardware_interface__pluginlib__plugin/ur_robot_driver
[0.412s] -- Up-to-date: /home/sebas/Documents/galactic_ws/install/ur_robot_driver/share/ur_robot_driver/cmake/ament_cmake_export_include_directories-extras.cmake
[0.412s] -- Up-to-date: /home/sebas/Documents/galactic_ws/install/ur_robot_driver/share/ur_robot_driver/cmake/ament_cmake_export_libraries-extras.cmake
[0.412s] -- Up-to-date: /home/sebas/Documents/galactic_ws/install/ur_robot_driver/share/ur_robot_driver/cmake/ament_cmake_export_dependencies-extras.cmake
[0.412s] -- Up-to-date: /home/sebas/Documents/galactic_ws/install/ur_robot_driver/share/ur_robot_driver/cmake/ur_robot_driverConfig.cmake
[0.412s] -- Up-to-date: /home/sebas/Documents/galactic_ws/install/ur_robot_driver/share/ur_robot_driver/cmake/ur_robot_driverConfig-version.cmake
[0.412s] -- Up-to-date: /home/sebas/Documents/galactic_ws/install/ur_robot_driver/share/ur_robot_driver/package.xml
[0.413s] Invoked command in '/home/sebas/Documents/galactic_ws/build/ur_robot_driver' returned '0': CMAKE_PREFIX_PATH=/home/sebas/Documents/galactic_ws/install/ur_bringup:/home/sebas/Documents/galactic_ws/install/ur_controllers:/home/sebas/Documents/galactic_ws/install/ur_dashboard_msgs:/home/sebas/Documents/galactic_ws/install/ur_simulation_gazebo:/home/sebas/Documents/galactic_ws/install/ur_calibration:/home/sebas/Documents/galactic_ws/install/ur_robot_driver:/home/sebas/Documents/galactic_ws/install/ur_moveit_config:/home/sebas/Documents/galactic_ws/install/ur_description:/home/sebas/Documents/galactic_ws/install/ball_picker:/opt/ros/galactic LD_LIBRARY_PATH=/home/sebas/Documents/galactic_ws/install/ur_controllers/lib:/home/sebas/Documents/galactic_ws/install/ur_dashboard_msgs/lib:/home/sebas/Documents/galactic_ws/install/ur_robot_driver/lib:/opt/ros/galactic/opt/yaml_cpp_vendor/lib:/opt/ros/galactic/opt/rviz_ogre_vendor/lib:/opt/ros/galactic/lib/x86_64-linux-gnu:/opt/ros/galactic/lib PYTHONPATH=/home/sebas/Documents/galactic_ws/install/ur_dashboard_msgs/lib/python3.8/site-packages:/home/sebas/Documents/galactic_ws/install/ur_robot_driver/lib/python3.8/site-packages:/home/sebas/Documents/galactic_ws/install/ur_moveit_config/lib/python3.8/site-packages:/opt/ros/galactic/lib/python3.8/site-packages /usr/bin/cmake --install /home/sebas/Documents/galactic_ws/build/ur_robot_driver
