[0.014s] Invoking command in '/home/sebas/Documents/galactic_ws/build/ur_controllers': CMAKE_PREFIX_PATH=/home/sebas/Documents/galactic_ws/install/ur_dashboard_msgs:/home/sebas/Documents/galactic_ws/install/ur_simulation_gazebo:/home/sebas/Documents/galactic_ws/install/ur_calibration:/home/sebas/Documents/galactic_ws/install/ur_robot_driver:/home/sebas/Documents/galactic_ws/install/ur_moveit_config:/home/sebas/Documents/galactic_ws/install/ur_bringup:/home/sebas/Documents/galactic_ws/install/ur_description:/home/sebas/Documents/galactic_ws/install/ur_controllers:/home/sebas/Documents/galactic_ws/install/ball_picker:/opt/ros/galactic LD_LIBRARY_PATH=/home/sebas/Documents/galactic_ws/install/ur_dashboard_msgs/lib:/home/sebas/Documents/galactic_ws/install/ur_robot_driver/lib:/home/sebas/Documents/galactic_ws/install/ur_controllers/lib:/opt/ros/galactic/opt/yaml_cpp_vendor/lib:/opt/ros/galactic/opt/rviz_ogre_vendor/lib:/opt/ros/galactic/lib/x86_64-linux-gnu:/opt/ros/galactic/lib PYTHONPATH=/home/sebas/Documents/galactic_ws/install/ur_dashboard_msgs/lib/python3.8/site-packages:/home/sebas/Documents/galactic_ws/install/ur_robot_driver/lib/python3.8/site-packages:/home/sebas/Documents/galactic_ws/install/ur_moveit_config/lib/python3.8/site-packages:/opt/ros/galactic/lib/python3.8/site-packages /usr/bin/cmake --build /home/sebas/Documents/galactic_ws/build/ur_controllers -- -j16 -l16
[0.087s] [100%] Built target ur_controllers
[0.104s] Invoked command in '/home/sebas/Documents/galactic_ws/build/ur_controllers' returned '0': CMAKE_PREFIX_PATH=/home/sebas/Documents/galactic_ws/install/ur_dashboard_msgs:/home/sebas/Documents/galactic_ws/install/ur_simulation_gazebo:/home/sebas/Documents/galactic_ws/install/ur_calibration:/home/sebas/Documents/galactic_ws/install/ur_robot_driver:/home/sebas/Documents/galactic_ws/install/ur_moveit_config:/home/sebas/Documents/galactic_ws/install/ur_bringup:/home/sebas/Documents/galactic_ws/install/ur_description:/home/sebas/Documents/galactic_ws/install/ur_controllers:/home/sebas/Documents/galactic_ws/install/ball_picker:/opt/ros/galactic LD_LIBRARY_PATH=/home/sebas/Documents/galactic_ws/install/ur_dashboard_msgs/lib:/home/sebas/Documents/galactic_ws/install/ur_robot_driver/lib:/home/sebas/Documents/galactic_ws/install/ur_controllers/lib:/opt/ros/galactic/opt/yaml_cpp_vendor/lib:/opt/ros/galactic/opt/rviz_ogre_vendor/lib:/opt/ros/galactic/lib/x86_64-linux-gnu:/opt/ros/galactic/lib PYTHONPATH=/home/sebas/Documents/galactic_ws/install/ur_dashboard_msgs/lib/python3.8/site-packages:/home/sebas/Documents/galactic_ws/install/ur_robot_driver/lib/python3.8/site-packages:/home/sebas/Documents/galactic_ws/install/ur_moveit_config/lib/python3.8/site-packages:/opt/ros/galactic/lib/python3.8/site-packages /usr/bin/cmake --build /home/sebas/Documents/galactic_ws/build/ur_controllers -- -j16 -l16
[0.146s] Invoking command in '/home/sebas/Documents/galactic_ws/build/ur_controllers': CMAKE_PREFIX_PATH=/home/sebas/Documents/galactic_ws/install/ur_dashboard_msgs:/home/sebas/Documents/galactic_ws/install/ur_simulation_gazebo:/home/sebas/Documents/galactic_ws/install/ur_calibration:/home/sebas/Documents/galactic_ws/install/ur_robot_driver:/home/sebas/Documents/galactic_ws/install/ur_moveit_config:/home/sebas/Documents/galactic_ws/install/ur_bringup:/home/sebas/Documents/galactic_ws/install/ur_description:/home/sebas/Documents/galactic_ws/install/ur_controllers:/home/sebas/Documents/galactic_ws/install/ball_picker:/opt/ros/galactic LD_LIBRARY_PATH=/home/sebas/Documents/galactic_ws/install/ur_dashboard_msgs/lib:/home/sebas/Documents/galactic_ws/install/ur_robot_driver/lib:/home/sebas/Documents/galactic_ws/install/ur_controllers/lib:/opt/ros/galactic/opt/yaml_cpp_vendor/lib:/opt/ros/galactic/opt/rviz_ogre_vendor/lib:/opt/ros/galactic/lib/x86_64-linux-gnu:/opt/ros/galactic/lib PYTHONPATH=/home/sebas/Documents/galactic_ws/install/ur_dashboard_msgs/lib/python3.8/site-packages:/home/sebas/Documents/galactic_ws/install/ur_robot_driver/lib/python3.8/site-packages:/home/sebas/Documents/galactic_ws/install/ur_moveit_config/lib/python3.8/site-packages:/opt/ros/galactic/lib/python3.8/site-packages /usr/bin/cmake --install /home/sebas/Documents/galactic_ws/build/ur_controllers
[0.158s] -- Install configuration: ""
[0.158s] -- Up-to-date: /home/sebas/Documents/galactic_ws/install/ur_controllers/share/ur_controllers/controller_plugins.xml
[0.158s] -- Up-to-date: /home/sebas/Documents/galactic_ws/install/ur_controllers/lib/libur_controllers.so
[0.158s] -- Up-to-date: /home/sebas/Documents/galactic_ws/install/ur_controllers/include
[0.158s] -- Up-to-date: /home/sebas/Documents/galactic_ws/install/ur_controllers/include/ur_controllers
[0.158s] -- Up-to-date: /home/sebas/Documents/galactic_ws/install/ur_controllers/include/ur_controllers/scaled_joint_trajectory_controller.hpp
[0.158s] -- Up-to-date: /home/sebas/Documents/galactic_ws/install/ur_controllers/include/ur_controllers/gpio_controller.hpp
[0.158s] -- Up-to-date: /home/sebas/Documents/galactic_ws/install/ur_controllers/include/ur_controllers/speed_scaling_state_broadcaster.hpp
[0.158s] -- Up-to-date: /home/sebas/Documents/galactic_ws/install/ur_controllers/share/ur_controllers/controller_plugins.xml
[0.158s] -- Up-to-date: /home/sebas/Documents/galactic_ws/install/ur_controllers/share/ur_controllers/environment/library_path.sh
[0.158s] -- Up-to-date: /home/sebas/Documents/galactic_ws/install/ur_controllers/share/ur_controllers/environment/library_path.dsv
[0.158s] -- Up-to-date: /home/sebas/Documents/galactic_ws/install/ur_controllers/share/ament_index/resource_index/package_run_dependencies/ur_controllers
[0.158s] -- Up-to-date: /home/sebas/Documents/galactic_ws/install/ur_controllers/share/ament_index/resource_index/parent_prefix_path/ur_controllers
[0.159s] -- Up-to-date: /home/sebas/Documents/galactic_ws/install/ur_controllers/share/ur_controllers/environment/ament_prefix_path.sh
[0.159s] -- Up-to-date: /home/sebas/Documents/galactic_ws/install/ur_controllers/share/ur_controllers/environment/ament_prefix_path.dsv
[0.159s] -- Up-to-date: /home/sebas/Documents/galactic_ws/install/ur_controllers/share/ur_controllers/environment/path.sh
[0.159s] -- Up-to-date: /home/sebas/Documents/galactic_ws/install/ur_controllers/share/ur_controllers/environment/path.dsv
[0.159s] -- Up-to-date: /home/sebas/Documents/galactic_ws/install/ur_controllers/share/ur_controllers/local_setup.bash
[0.159s] -- Up-to-date: /home/sebas/Documents/galactic_ws/install/ur_controllers/share/ur_controllers/local_setup.sh
[0.159s] -- Up-to-date: /home/sebas/Documents/galactic_ws/install/ur_controllers/share/ur_controllers/local_setup.zsh
[0.159s] -- Up-to-date: /home/sebas/Documents/galactic_ws/install/ur_controllers/share/ur_controllers/local_setup.dsv
[0.159s] -- Installing: /home/sebas/Documents/galactic_ws/install/ur_controllers/share/ur_controllers/package.dsv
[0.159s] -- Up-to-date: /home/sebas/Documents/galactic_ws/install/ur_controllers/share/ament_index/resource_index/packages/ur_controllers
[0.159s] -- Up-to-date: /home/sebas/Documents/galactic_ws/install/ur_controllers/share/ament_index/resource_index/controller_interface__pluginlib__plugin/ur_controllers
[0.159s] -- Up-to-date: /home/sebas/Documents/galactic_ws/install/ur_controllers/share/ur_controllers/cmake/ament_cmake_export_dependencies-extras.cmake
[0.159s] -- Up-to-date: /home/sebas/Documents/galactic_ws/install/ur_controllers/share/ur_controllers/cmake/ament_cmake_export_include_directories-extras.cmake
[0.159s] -- Up-to-date: /home/sebas/Documents/galactic_ws/install/ur_controllers/share/ur_controllers/cmake/ament_cmake_export_libraries-extras.cmake
[0.159s] -- Up-to-date: /home/sebas/Documents/galactic_ws/install/ur_controllers/share/ur_controllers/cmake/ur_controllersConfig.cmake
[0.160s] -- Up-to-date: /home/sebas/Documents/galactic_ws/install/ur_controllers/share/ur_controllers/cmake/ur_controllersConfig-version.cmake
[0.160s] -- Up-to-date: /home/sebas/Documents/galactic_ws/install/ur_controllers/share/ur_controllers/package.xml
[0.160s] Invoked command in '/home/sebas/Documents/galactic_ws/build/ur_controllers' returned '0': CMAKE_PREFIX_PATH=/home/sebas/Documents/galactic_ws/install/ur_dashboard_msgs:/home/sebas/Documents/galactic_ws/install/ur_simulation_gazebo:/home/sebas/Documents/galactic_ws/install/ur_calibration:/home/sebas/Documents/galactic_ws/install/ur_robot_driver:/home/sebas/Documents/galactic_ws/install/ur_moveit_config:/home/sebas/Documents/galactic_ws/install/ur_bringup:/home/sebas/Documents/galactic_ws/install/ur_description:/home/sebas/Documents/galactic_ws/install/ur_controllers:/home/sebas/Documents/galactic_ws/install/ball_picker:/opt/ros/galactic LD_LIBRARY_PATH=/home/sebas/Documents/galactic_ws/install/ur_dashboard_msgs/lib:/home/sebas/Documents/galactic_ws/install/ur_robot_driver/lib:/home/sebas/Documents/galactic_ws/install/ur_controllers/lib:/opt/ros/galactic/opt/yaml_cpp_vendor/lib:/opt/ros/galactic/opt/rviz_ogre_vendor/lib:/opt/ros/galactic/lib/x86_64-linux-gnu:/opt/ros/galactic/lib PYTHONPATH=/home/sebas/Documents/galactic_ws/install/ur_dashboard_msgs/lib/python3.8/site-packages:/home/sebas/Documents/galactic_ws/install/ur_robot_driver/lib/python3.8/site-packages:/home/sebas/Documents/galactic_ws/install/ur_moveit_config/lib/python3.8/site-packages:/opt/ros/galactic/lib/python3.8/site-packages /usr/bin/cmake --install /home/sebas/Documents/galactic_ws/build/ur_controllers
