[0.197s] DEBUG:colcon:Command line arguments: ['/usr/bin/colcon', 'build']
[0.197s] DEBUG:colcon:Parsed command line arguments: Namespace(log_base=None, log_level=None, verb_name='build', build_base='build', install_base='install', merge_install=False, symlink_install=False, test_result_base=None, continue_on_error=False, executor='parallel', parallel_workers=16, event_handlers=None, ignore_user_meta=False, metas=['./colcon.meta'], base_paths=['.'], packages_ignore=None, packages_ignore_regex=None, paths=None, packages_up_to=None, packages_up_to_regex=None, packages_above=None, packages_above_and_dependencies=None, packages_above_depth=None, packages_select_by_dep=None, packages_skip_by_dep=None, packages_skip_up_to=None, packages_select_build_failed=False, packages_skip_build_finished=False, packages_select_test_failures=False, packages_skip_test_passed=False, packages_select=None, packages_skip=None, packages_select_regex=None, packages_skip_regex=None, packages_start=None, packages_end=None, allow_overriding=[], cmake_args=None, cmake_target=None, cmake_target_skip_unavailable=False, cmake_clean_cache=False, cmake_clean_first=False, cmake_force_configure=False, ament_cmake_args=None, catkin_cmake_args=None, catkin_skip_building_tests=False, verb_parser=<colcon_defaults.argument_parser.defaults.DefaultArgumentsDecorator object at 0x7f1ec1c42ad0>, verb_extension=<colcon_core.verb.build.BuildVerb object at 0x7f1ec1c42560>, main=<bound method BuildVerb.main of <colcon_core.verb.build.BuildVerb object at 0x7f1ec1c42560>>)
[0.213s] Level 1:colcon.colcon_core.package_discovery:discover_packages(colcon_meta) check parameters
[0.213s] Level 1:colcon.colcon_core.package_discovery:discover_packages(recursive) check parameters
[0.213s] Level 1:colcon.colcon_core.package_discovery:discover_packages(ignore) check parameters
[0.213s] Level 1:colcon.colcon_core.package_discovery:discover_packages(path) check parameters
[0.213s] Level 1:colcon.colcon_core.package_discovery:discover_packages(colcon_meta) discover
[0.213s] Level 1:colcon.colcon_core.package_discovery:discover_packages(recursive) discover
[0.213s] INFO:colcon.colcon_core.package_discovery:Crawling recursively for packages in '/home/sebas/Desktop/Projects/ur_ros2'
[0.213s] Level 1:colcon.colcon_core.package_identification:_identify(.) by extensions ['ignore', 'ignore_ament_install']
[0.213s] Level 1:colcon.colcon_core.package_identification:_identify(.) by extension 'ignore'
[0.213s] Level 1:colcon.colcon_core.package_identification:_identify(.) by extension 'ignore_ament_install'
[0.213s] Level 1:colcon.colcon_core.package_identification:_identify(.) by extensions ['colcon_pkg']
[0.213s] Level 1:colcon.colcon_core.package_identification:_identify(.) by extension 'colcon_pkg'
[0.213s] Level 1:colcon.colcon_core.package_identification:_identify(.) by extensions ['colcon_meta']
[0.213s] Level 1:colcon.colcon_core.package_identification:_identify(.) by extension 'colcon_meta'
[0.213s] Level 1:colcon.colcon_core.package_identification:_identify(.) by extensions ['ros']
[0.213s] Level 1:colcon.colcon_core.package_identification:_identify(.) by extension 'ros'
[0.220s] Level 1:colcon.colcon_core.package_identification:_identify(.) by extensions ['cmake', 'python']
[0.220s] Level 1:colcon.colcon_core.package_identification:_identify(.) by extension 'cmake'
[0.220s] Level 1:colcon.colcon_core.package_identification:_identify(.) by extension 'python'
[0.220s] Level 1:colcon.colcon_core.package_identification:_identify(.) by extensions ['python_setup_py']
[0.220s] Level 1:colcon.colcon_core.package_identification:_identify(.) by extension 'python_setup_py'
[0.221s] Level 1:colcon.colcon_core.package_identification:_identify(build) by extensions ['ignore', 'ignore_ament_install']
[0.221s] Level 1:colcon.colcon_core.package_identification:_identify(build) by extension 'ignore'
[0.221s] Level 1:colcon.colcon_core.package_identification:_identify(build) ignored
[0.221s] Level 1:colcon.colcon_core.package_identification:_identify(install) by extensions ['ignore', 'ignore_ament_install']
[0.221s] Level 1:colcon.colcon_core.package_identification:_identify(install) by extension 'ignore'
[0.221s] Level 1:colcon.colcon_core.package_identification:_identify(install) ignored
[0.221s] Level 1:colcon.colcon_core.package_identification:_identify(log) by extensions ['ignore', 'ignore_ament_install']
[0.221s] Level 1:colcon.colcon_core.package_identification:_identify(log) by extension 'ignore'
[0.221s] Level 1:colcon.colcon_core.package_identification:_identify(log) ignored
[0.221s] Level 1:colcon.colcon_core.package_identification:_identify(src) by extensions ['ignore', 'ignore_ament_install']
[0.221s] Level 1:colcon.colcon_core.package_identification:_identify(src) by extension 'ignore'
[0.221s] Level 1:colcon.colcon_core.package_identification:_identify(src) by extension 'ignore_ament_install'
[0.221s] Level 1:colcon.colcon_core.package_identification:_identify(src) by extensions ['colcon_pkg']
[0.221s] Level 1:colcon.colcon_core.package_identification:_identify(src) by extension 'colcon_pkg'
[0.221s] Level 1:colcon.colcon_core.package_identification:_identify(src) by extensions ['colcon_meta']
[0.221s] Level 1:colcon.colcon_core.package_identification:_identify(src) by extension 'colcon_meta'
[0.221s] Level 1:colcon.colcon_core.package_identification:_identify(src) by extensions ['ros']
[0.221s] Level 1:colcon.colcon_core.package_identification:_identify(src) by extension 'ros'
[0.221s] Level 1:colcon.colcon_core.package_identification:_identify(src) by extensions ['cmake', 'python']
[0.221s] Level 1:colcon.colcon_core.package_identification:_identify(src) by extension 'cmake'
[0.221s] Level 1:colcon.colcon_core.package_identification:_identify(src) by extension 'python'
[0.221s] Level 1:colcon.colcon_core.package_identification:_identify(src) by extensions ['python_setup_py']
[0.221s] Level 1:colcon.colcon_core.package_identification:_identify(src) by extension 'python_setup_py'
[0.222s] Level 1:colcon.colcon_core.package_identification:_identify(src/Universal_Robots_ROS2_Description) by extensions ['ignore', 'ignore_ament_install']
[0.222s] Level 1:colcon.colcon_core.package_identification:_identify(src/Universal_Robots_ROS2_Description) by extension 'ignore'
[0.222s] Level 1:colcon.colcon_core.package_identification:_identify(src/Universal_Robots_ROS2_Description) by extension 'ignore_ament_install'
[0.222s] Level 1:colcon.colcon_core.package_identification:_identify(src/Universal_Robots_ROS2_Description) by extensions ['colcon_pkg']
[0.222s] Level 1:colcon.colcon_core.package_identification:_identify(src/Universal_Robots_ROS2_Description) by extension 'colcon_pkg'
[0.222s] Level 1:colcon.colcon_core.package_identification:_identify(src/Universal_Robots_ROS2_Description) by extensions ['colcon_meta']
[0.222s] Level 1:colcon.colcon_core.package_identification:_identify(src/Universal_Robots_ROS2_Description) by extension 'colcon_meta'
[0.222s] Level 1:colcon.colcon_core.package_identification:_identify(src/Universal_Robots_ROS2_Description) by extensions ['ros']
[0.222s] Level 1:colcon.colcon_core.package_identification:_identify(src/Universal_Robots_ROS2_Description) by extension 'ros'
[0.224s] DEBUG:colcon.colcon_core.package_identification:Package 'src/Universal_Robots_ROS2_Description' with type 'ros.ament_cmake' and name 'ur_description'
[0.224s] Level 1:colcon.colcon_core.package_identification:_identify(src/ball_picker) by extensions ['ignore', 'ignore_ament_install']
[0.224s] Level 1:colcon.colcon_core.package_identification:_identify(src/ball_picker) by extension 'ignore'
[0.224s] Level 1:colcon.colcon_core.package_identification:_identify(src/ball_picker) by extension 'ignore_ament_install'
[0.224s] Level 1:colcon.colcon_core.package_identification:_identify(src/ball_picker) by extensions ['colcon_pkg']
[0.224s] Level 1:colcon.colcon_core.package_identification:_identify(src/ball_picker) by extension 'colcon_pkg'
[0.224s] Level 1:colcon.colcon_core.package_identification:_identify(src/ball_picker) by extensions ['colcon_meta']
[0.224s] Level 1:colcon.colcon_core.package_identification:_identify(src/ball_picker) by extension 'colcon_meta'
[0.224s] Level 1:colcon.colcon_core.package_identification:_identify(src/ball_picker) by extensions ['ros']
[0.224s] Level 1:colcon.colcon_core.package_identification:_identify(src/ball_picker) by extension 'ros'
[0.224s] DEBUG:colcon.colcon_core.package_identification:Package 'src/ball_picker' with type 'ros.ament_cmake' and name 'ball_picker'
[0.224s] Level 1:colcon.colcon_core.package_discovery:discover_packages(recursive) using defaults
[0.224s] Level 1:colcon.colcon_core.package_discovery:discover_packages(ignore) discover
[0.224s] Level 1:colcon.colcon_core.package_discovery:discover_packages(ignore) using defaults
[0.224s] Level 1:colcon.colcon_core.package_discovery:discover_packages(path) discover
[0.224s] Level 1:colcon.colcon_core.package_discovery:discover_packages(path) using defaults
[0.239s] Level 1:colcon.colcon_core.package_discovery:discover_packages(prefix_path) check parameters
[0.239s] Level 1:colcon.colcon_core.package_discovery:discover_packages(prefix_path) discover
[0.240s] Level 1:colcon.colcon_core.package_discovery:discover_packages(prefix_path) using defaults
[0.241s] Level 5:colcon.colcon_core.verb:set package 'ball_picker' build argument 'cmake_args' from command line to 'None'
[0.241s] Level 5:colcon.colcon_core.verb:set package 'ball_picker' build argument 'cmake_target' from command line to 'None'
[0.241s] Level 5:colcon.colcon_core.verb:set package 'ball_picker' build argument 'cmake_target_skip_unavailable' from command line to 'False'
[0.241s] Level 5:colcon.colcon_core.verb:set package 'ball_picker' build argument 'cmake_clean_cache' from command line to 'False'
[0.241s] Level 5:colcon.colcon_core.verb:set package 'ball_picker' build argument 'cmake_clean_first' from command line to 'False'
[0.241s] Level 5:colcon.colcon_core.verb:set package 'ball_picker' build argument 'cmake_force_configure' from command line to 'False'
[0.242s] Level 5:colcon.colcon_core.verb:set package 'ball_picker' build argument 'ament_cmake_args' from command line to 'None'
[0.242s] Level 5:colcon.colcon_core.verb:set package 'ball_picker' build argument 'catkin_cmake_args' from command line to 'None'
[0.242s] Level 5:colcon.colcon_core.verb:set package 'ball_picker' build argument 'catkin_skip_building_tests' from command line to 'False'
[0.242s] DEBUG:colcon.colcon_core.verb:Building package 'ball_picker' with the following arguments: {'ament_cmake_args': None, 'build_base': '/home/sebas/Desktop/Projects/ur_ros2/build/ball_picker', 'catkin_cmake_args': None, 'catkin_skip_building_tests': False, 'cmake_args': None, 'cmake_clean_cache': False, 'cmake_clean_first': False, 'cmake_force_configure': False, 'cmake_target': None, 'cmake_target_skip_unavailable': False, 'install_base': '/home/sebas/Desktop/Projects/ur_ros2/install/ball_picker', 'merge_install': False, 'path': '/home/sebas/Desktop/Projects/ur_ros2/src/ball_picker', 'symlink_install': False, 'test_result_base': None}
[0.242s] Level 5:colcon.colcon_core.verb:set package 'ur_description' build argument 'cmake_args' from command line to 'None'
[0.242s] Level 5:colcon.colcon_core.verb:set package 'ur_description' build argument 'cmake_target' from command line to 'None'
[0.242s] Level 5:colcon.colcon_core.verb:set package 'ur_description' build argument 'cmake_target_skip_unavailable' from command line to 'False'
[0.242s] Level 5:colcon.colcon_core.verb:set package 'ur_description' build argument 'cmake_clean_cache' from command line to 'False'
[0.242s] Level 5:colcon.colcon_core.verb:set package 'ur_description' build argument 'cmake_clean_first' from command line to 'False'
[0.242s] Level 5:colcon.colcon_core.verb:set package 'ur_description' build argument 'cmake_force_configure' from command line to 'False'
[0.242s] Level 5:colcon.colcon_core.verb:set package 'ur_description' build argument 'ament_cmake_args' from command line to 'None'
[0.242s] Level 5:colcon.colcon_core.verb:set package 'ur_description' build argument 'catkin_cmake_args' from command line to 'None'
[0.242s] Level 5:colcon.colcon_core.verb:set package 'ur_description' build argument 'catkin_skip_building_tests' from command line to 'False'
[0.242s] DEBUG:colcon.colcon_core.verb:Building package 'ur_description' with the following arguments: {'ament_cmake_args': None, 'build_base': '/home/sebas/Desktop/Projects/ur_ros2/build/ur_description', 'catkin_cmake_args': None, 'catkin_skip_building_tests': False, 'cmake_args': None, 'cmake_clean_cache': False, 'cmake_clean_first': False, 'cmake_force_configure': False, 'cmake_target': None, 'cmake_target_skip_unavailable': False, 'install_base': '/home/sebas/Desktop/Projects/ur_ros2/install/ur_description', 'merge_install': False, 'path': '/home/sebas/Desktop/Projects/ur_ros2/src/Universal_Robots_ROS2_Description', 'symlink_install': False, 'test_result_base': None}
[0.243s] INFO:colcon.colcon_core.executor:Executing jobs using 'parallel' executor
[0.245s] DEBUG:colcon.colcon_parallel_executor.executor.parallel:run_until_complete
[0.245s] INFO:colcon.colcon_ros.task.ament_cmake.build:Building ROS package in '/home/sebas/Desktop/Projects/ur_ros2/src/ball_picker' with build type 'ament_cmake'
[0.245s] INFO:colcon.colcon_cmake.task.cmake.build:Building CMake package in '/home/sebas/Desktop/Projects/ur_ros2/src/ball_picker'
[0.248s] INFO:colcon.colcon_core.plugin_system:Skipping extension 'colcon_core.shell.bat': Not used on non-Windows systems
[0.248s] INFO:colcon.colcon_core.shell:Skip shell extension 'powershell' for command environment: Not usable outside of PowerShell
[0.248s] DEBUG:colcon.colcon_core.shell:Skip shell extension 'dsv' for command environment
[0.249s] INFO:colcon.colcon_ros.task.ament_cmake.build:Building ROS package in '/home/sebas/Desktop/Projects/ur_ros2/src/Universal_Robots_ROS2_Description' with build type 'ament_cmake'
[0.249s] INFO:colcon.colcon_cmake.task.cmake.build:Building CMake package in '/home/sebas/Desktop/Projects/ur_ros2/src/Universal_Robots_ROS2_Description'
[0.250s] INFO:colcon.colcon_core.shell:Skip shell extension 'powershell' for command environment: Not usable outside of PowerShell
[0.250s] DEBUG:colcon.colcon_core.shell:Skip shell extension 'dsv' for command environment
[0.255s] DEBUG:colcon.colcon_core.event_handler.log_command:Invoking command in '/home/sebas/Desktop/Projects/ur_ros2/build/ball_picker': /usr/bin/cmake --build /home/sebas/Desktop/Projects/ur_ros2/build/ball_picker -- -j16 -l16
[0.256s] DEBUG:colcon.colcon_core.event_handler.log_command:Invoking command in '/home/sebas/Desktop/Projects/ur_ros2/build/ur_description': /usr/bin/cmake --build /home/sebas/Desktop/Projects/ur_ros2/build/ur_description -- -j16 -l16
[0.275s] DEBUG:colcon.colcon_core.event_handler.log_command:Invoked command in '/home/sebas/Desktop/Projects/ur_ros2/build/ur_description' returned '0': /usr/bin/cmake --build /home/sebas/Desktop/Projects/ur_ros2/build/ur_description -- -j16 -l16
[0.289s] DEBUG:colcon.colcon_core.event_handler.log_command:Invoking command in '/home/sebas/Desktop/Projects/ur_ros2/build/ur_description': /usr/bin/cmake --install /home/sebas/Desktop/Projects/ur_ros2/build/ur_description
[0.289s] DEBUG:colcon.colcon_core.event_handler.log_command:Invoked command in '/home/sebas/Desktop/Projects/ur_ros2/build/ball_picker' returned '0': /usr/bin/cmake --build /home/sebas/Desktop/Projects/ur_ros2/build/ball_picker -- -j16 -l16
[0.296s] Level 1:colcon.colcon_core.environment:create_environment_scripts_only(ur_description)
[0.305s] Level 1:colcon.colcon_core.environment:checking '/home/sebas/Desktop/Projects/ur_ros2/install/ur_description' for CMake module files
[0.305s] DEBUG:colcon.colcon_core.event_handler.log_command:Invoked command in '/home/sebas/Desktop/Projects/ur_ros2/build/ur_description' returned '0': /usr/bin/cmake --install /home/sebas/Desktop/Projects/ur_ros2/build/ur_description
[0.306s] Level 1:colcon.colcon_core.environment:checking '/home/sebas/Desktop/Projects/ur_ros2/install/ur_description' for CMake config files
[0.306s] Level 1:colcon.colcon_core.shell:create_environment_hook('ur_description', 'cmake_prefix_path')
[0.307s] INFO:colcon.colcon_core.shell:Creating environment hook '/home/sebas/Desktop/Projects/ur_ros2/install/ur_description/share/ur_description/hook/cmake_prefix_path.ps1'
[0.307s] INFO:colcon.colcon_core.shell:Creating environment descriptor '/home/sebas/Desktop/Projects/ur_ros2/install/ur_description/share/ur_description/hook/cmake_prefix_path.dsv'
[0.307s] INFO:colcon.colcon_core.shell:Creating environment hook '/home/sebas/Desktop/Projects/ur_ros2/install/ur_description/share/ur_description/hook/cmake_prefix_path.sh'
[0.308s] Level 1:colcon.colcon_core.environment:checking '/home/sebas/Desktop/Projects/ur_ros2/install/ur_description/bin'
[0.308s] Level 1:colcon.colcon_core.environment:checking '/home/sebas/Desktop/Projects/ur_ros2/install/ur_description/lib/pkgconfig/ur_description.pc'
[0.309s] Level 1:colcon.colcon_core.environment:checking '/home/sebas/Desktop/Projects/ur_ros2/install/ur_description/lib/python3.10/site-packages'
[0.309s] Level 1:colcon.colcon_core.environment:checking '/home/sebas/Desktop/Projects/ur_ros2/install/ur_description/bin'
[0.310s] INFO:colcon.colcon_core.shell:Creating package script '/home/sebas/Desktop/Projects/ur_ros2/install/ur_description/share/ur_description/package.ps1'
[0.311s] INFO:colcon.colcon_core.shell:Creating package descriptor '/home/sebas/Desktop/Projects/ur_ros2/install/ur_description/share/ur_description/package.dsv'
[0.311s] INFO:colcon.colcon_core.shell:Creating package script '/home/sebas/Desktop/Projects/ur_ros2/install/ur_description/share/ur_description/package.sh'
[0.311s] INFO:colcon.colcon_core.shell:Creating package script '/home/sebas/Desktop/Projects/ur_ros2/install/ur_description/share/ur_description/package.bash'
[0.312s] INFO:colcon.colcon_core.shell:Creating package script '/home/sebas/Desktop/Projects/ur_ros2/install/ur_description/share/ur_description/package.zsh'
[0.312s] Level 1:colcon.colcon_core.environment:create_file_with_runtime_dependencies(/home/sebas/Desktop/Projects/ur_ros2/install/ur_description/share/colcon-core/packages/ur_description)
[0.314s] DEBUG:colcon.colcon_core.event_handler.log_command:Invoking command in '/home/sebas/Desktop/Projects/ur_ros2/build/ball_picker': /usr/bin/cmake --install /home/sebas/Desktop/Projects/ur_ros2/build/ball_picker
[0.320s] Level 1:colcon.colcon_core.environment:create_environment_scripts_only(ball_picker)
[0.321s] Level 1:colcon.colcon_core.environment:checking '/home/sebas/Desktop/Projects/ur_ros2/install/ball_picker' for CMake module files
[0.321s] DEBUG:colcon.colcon_core.event_handler.log_command:Invoked command in '/home/sebas/Desktop/Projects/ur_ros2/build/ball_picker' returned '0': /usr/bin/cmake --install /home/sebas/Desktop/Projects/ur_ros2/build/ball_picker
[0.321s] Level 1:colcon.colcon_core.environment:checking '/home/sebas/Desktop/Projects/ur_ros2/install/ball_picker' for CMake config files
[0.322s] Level 1:colcon.colcon_core.shell:create_environment_hook('ball_picker', 'cmake_prefix_path')
[0.322s] INFO:colcon.colcon_core.shell:Creating environment hook '/home/sebas/Desktop/Projects/ur_ros2/install/ball_picker/share/ball_picker/hook/cmake_prefix_path.ps1'
[0.323s] INFO:colcon.colcon_core.shell:Creating environment descriptor '/home/sebas/Desktop/Projects/ur_ros2/install/ball_picker/share/ball_picker/hook/cmake_prefix_path.dsv'
[0.323s] INFO:colcon.colcon_core.shell:Creating environment hook '/home/sebas/Desktop/Projects/ur_ros2/install/ball_picker/share/ball_picker/hook/cmake_prefix_path.sh'
[0.323s] Level 1:colcon.colcon_core.environment:checking '/home/sebas/Desktop/Projects/ur_ros2/install/ball_picker/lib'
[0.323s] Level 1:colcon.colcon_core.environment:checking '/home/sebas/Desktop/Projects/ur_ros2/install/ball_picker/bin'
[0.323s] Level 1:colcon.colcon_core.environment:checking '/home/sebas/Desktop/Projects/ur_ros2/install/ball_picker/lib/pkgconfig/ball_picker.pc'
[0.324s] Level 1:colcon.colcon_core.environment:checking '/home/sebas/Desktop/Projects/ur_ros2/install/ball_picker/lib/python3.10/site-packages'
[0.324s] Level 1:colcon.colcon_core.environment:checking '/home/sebas/Desktop/Projects/ur_ros2/install/ball_picker/bin'
[0.324s] INFO:colcon.colcon_core.shell:Creating package script '/home/sebas/Desktop/Projects/ur_ros2/install/ball_picker/share/ball_picker/package.ps1'
[0.325s] INFO:colcon.colcon_core.shell:Creating package descriptor '/home/sebas/Desktop/Projects/ur_ros2/install/ball_picker/share/ball_picker/package.dsv'
[0.325s] INFO:colcon.colcon_core.shell:Creating package script '/home/sebas/Desktop/Projects/ur_ros2/install/ball_picker/share/ball_picker/package.sh'
[0.325s] INFO:colcon.colcon_core.shell:Creating package script '/home/sebas/Desktop/Projects/ur_ros2/install/ball_picker/share/ball_picker/package.bash'
[0.325s] INFO:colcon.colcon_core.shell:Creating package script '/home/sebas/Desktop/Projects/ur_ros2/install/ball_picker/share/ball_picker/package.zsh'
[0.326s] Level 1:colcon.colcon_core.environment:create_file_with_runtime_dependencies(/home/sebas/Desktop/Projects/ur_ros2/install/ball_picker/share/colcon-core/packages/ball_picker)
[0.327s] Level 1:colcon.colcon_core.environment:create_environment_scripts_only(ur_description)
[0.328s] Level 1:colcon.colcon_core.environment:checking '/home/sebas/Desktop/Projects/ur_ros2/install/ur_description' for CMake module files
[0.328s] Level 1:colcon.colcon_core.environment:checking '/home/sebas/Desktop/Projects/ur_ros2/install/ur_description' for CMake config files
[0.329s] Level 1:colcon.colcon_core.shell:create_environment_hook('ur_description', 'cmake_prefix_path')
[0.329s] INFO:colcon.colcon_core.shell:Creating environment hook '/home/sebas/Desktop/Projects/ur_ros2/install/ur_description/share/ur_description/hook/cmake_prefix_path.ps1'
[0.330s] INFO:colcon.colcon_core.shell:Creating environment descriptor '/home/sebas/Desktop/Projects/ur_ros2/install/ur_description/share/ur_description/hook/cmake_prefix_path.dsv'
[0.330s] INFO:colcon.colcon_core.shell:Creating environment hook '/home/sebas/Desktop/Projects/ur_ros2/install/ur_description/share/ur_description/hook/cmake_prefix_path.sh'
[0.330s] Level 1:colcon.colcon_core.environment:checking '/home/sebas/Desktop/Projects/ur_ros2/install/ur_description/bin'
[0.330s] Level 1:colcon.colcon_core.environment:checking '/home/sebas/Desktop/Projects/ur_ros2/install/ur_description/lib/pkgconfig/ur_description.pc'
[0.331s] Level 1:colcon.colcon_core.environment:checking '/home/sebas/Desktop/Projects/ur_ros2/install/ur_description/lib/python3.10/site-packages'
[0.331s] Level 1:colcon.colcon_core.environment:checking '/home/sebas/Desktop/Projects/ur_ros2/install/ur_description/bin'
[0.332s] INFO:colcon.colcon_core.shell:Creating package script '/home/sebas/Desktop/Projects/ur_ros2/install/ur_description/share/ur_description/package.ps1'
[0.332s] INFO:colcon.colcon_core.shell:Creating package descriptor '/home/sebas/Desktop/Projects/ur_ros2/install/ur_description/share/ur_description/package.dsv'
[0.332s] INFO:colcon.colcon_core.shell:Creating package script '/home/sebas/Desktop/Projects/ur_ros2/install/ur_description/share/ur_description/package.sh'
[0.332s] INFO:colcon.colcon_core.shell:Creating package script '/home/sebas/Desktop/Projects/ur_ros2/install/ur_description/share/ur_description/package.bash'
[0.333s] INFO:colcon.colcon_core.shell:Creating package script '/home/sebas/Desktop/Projects/ur_ros2/install/ur_description/share/ur_description/package.zsh'
[0.333s] Level 1:colcon.colcon_core.environment:create_file_with_runtime_dependencies(/home/sebas/Desktop/Projects/ur_ros2/install/ur_description/share/colcon-core/packages/ur_description)
[0.339s] Level 1:colcon.colcon_core.environment:create_environment_scripts_only(ball_picker)
[0.340s] Level 1:colcon.colcon_core.environment:checking '/home/sebas/Desktop/Projects/ur_ros2/install/ball_picker' for CMake module files
[0.341s] Level 1:colcon.colcon_core.environment:checking '/home/sebas/Desktop/Projects/ur_ros2/install/ball_picker' for CMake config files
[0.341s] Level 1:colcon.colcon_core.shell:create_environment_hook('ball_picker', 'cmake_prefix_path')
[0.342s] INFO:colcon.colcon_core.shell:Creating environment hook '/home/sebas/Desktop/Projects/ur_ros2/install/ball_picker/share/ball_picker/hook/cmake_prefix_path.ps1'
[0.342s] INFO:colcon.colcon_core.shell:Creating environment descriptor '/home/sebas/Desktop/Projects/ur_ros2/install/ball_picker/share/ball_picker/hook/cmake_prefix_path.dsv'
[0.342s] INFO:colcon.colcon_core.shell:Creating environment hook '/home/sebas/Desktop/Projects/ur_ros2/install/ball_picker/share/ball_picker/hook/cmake_prefix_path.sh'
[0.343s] Level 1:colcon.colcon_core.environment:checking '/home/sebas/Desktop/Projects/ur_ros2/install/ball_picker/lib'
[0.343s] Level 1:colcon.colcon_core.environment:checking '/home/sebas/Desktop/Projects/ur_ros2/install/ball_picker/bin'
[0.343s] Level 1:colcon.colcon_core.environment:checking '/home/sebas/Desktop/Projects/ur_ros2/install/ball_picker/lib/pkgconfig/ball_picker.pc'
[0.343s] Level 1:colcon.colcon_core.environment:checking '/home/sebas/Desktop/Projects/ur_ros2/install/ball_picker/lib/python3.10/site-packages'
[0.343s] Level 1:colcon.colcon_core.environment:checking '/home/sebas/Desktop/Projects/ur_ros2/install/ball_picker/bin'
[0.344s] INFO:colcon.colcon_core.shell:Creating package script '/home/sebas/Desktop/Projects/ur_ros2/install/ball_picker/share/ball_picker/package.ps1'
[0.344s] INFO:colcon.colcon_core.shell:Creating package descriptor '/home/sebas/Desktop/Projects/ur_ros2/install/ball_picker/share/ball_picker/package.dsv'
[0.344s] INFO:colcon.colcon_core.shell:Creating package script '/home/sebas/Desktop/Projects/ur_ros2/install/ball_picker/share/ball_picker/package.sh'
[0.345s] INFO:colcon.colcon_core.shell:Creating package script '/home/sebas/Desktop/Projects/ur_ros2/install/ball_picker/share/ball_picker/package.bash'
[0.345s] INFO:colcon.colcon_core.shell:Creating package script '/home/sebas/Desktop/Projects/ur_ros2/install/ball_picker/share/ball_picker/package.zsh'
[0.345s] Level 1:colcon.colcon_core.environment:create_file_with_runtime_dependencies(/home/sebas/Desktop/Projects/ur_ros2/install/ball_picker/share/colcon-core/packages/ball_picker)
[0.346s] DEBUG:colcon.colcon_parallel_executor.executor.parallel:closing loop
[0.346s] DEBUG:colcon.colcon_parallel_executor.executor.parallel:loop closed
[0.346s] DEBUG:colcon.colcon_parallel_executor.executor.parallel:run_until_complete finished with '0'
[0.346s] DEBUG:colcon.colcon_core.event_reactor:joining thread
[0.350s] INFO:colcon.colcon_core.plugin_system:Skipping extension 'colcon_notification.desktop_notification.terminal_notifier': Not used on non-Darwin systems
[0.350s] INFO:colcon.colcon_core.plugin_system:Skipping extension 'colcon_notification.desktop_notification.win32': Not used on non-Windows systems
[0.350s] INFO:colcon.colcon_notification.desktop_notification:Sending desktop notification using 'notify2'
[0.365s] DEBUG:colcon.colcon_core.event_reactor:joined thread
[0.366s] INFO:colcon.colcon_core.shell:Creating prefix script '/home/sebas/Desktop/Projects/ur_ros2/install/local_setup.ps1'
[0.367s] INFO:colcon.colcon_core.shell:Creating prefix util module '/home/sebas/Desktop/Projects/ur_ros2/install/_local_setup_util_ps1.py'
[0.368s] INFO:colcon.colcon_core.shell:Creating prefix chain script '/home/sebas/Desktop/Projects/ur_ros2/install/setup.ps1'
[0.368s] INFO:colcon.colcon_core.shell:Creating prefix script '/home/sebas/Desktop/Projects/ur_ros2/install/local_setup.sh'
[0.369s] INFO:colcon.colcon_core.shell:Creating prefix util module '/home/sebas/Desktop/Projects/ur_ros2/install/_local_setup_util_sh.py'
[0.369s] INFO:colcon.colcon_core.shell:Creating prefix chain script '/home/sebas/Desktop/Projects/ur_ros2/install/setup.sh'
[0.370s] INFO:colcon.colcon_core.shell:Creating prefix script '/home/sebas/Desktop/Projects/ur_ros2/install/local_setup.bash'
[0.370s] INFO:colcon.colcon_core.shell:Creating prefix chain script '/home/sebas/Desktop/Projects/ur_ros2/install/setup.bash'
[0.370s] INFO:colcon.colcon_core.shell:Creating prefix script '/home/sebas/Desktop/Projects/ur_ros2/install/local_setup.zsh'
[0.371s] INFO:colcon.colcon_core.shell:Creating prefix chain script '/home/sebas/Desktop/Projects/ur_ros2/install/setup.zsh'
