[0.017s] Invoking command in '/home/sebas/Documents/galactic_ws/build/ur_moveit_config': CMAKE_PREFIX_PATH=${CMAKE_PREFIX_PATH}:/opt/ros/galactic /usr/bin/cmake --build /home/sebas/Documents/galactic_ws/build/ur_moveit_config -- -j16 -l16
[0.059s] Built target ament_cmake_python_copy_ur_moveit_config
[0.221s] running egg_info
[0.221s] writing ur_moveit_config.egg-info/PKG-INFO
[0.222s] writing dependency_links to ur_moveit_config.egg-info/dependency_links.txt
[0.222s] writing top-level names to ur_moveit_config.egg-info/top_level.txt
[0.251s] reading manifest file 'ur_moveit_config.egg-info/SOURCES.txt'
[0.252s] writing manifest file 'ur_moveit_config.egg-info/SOURCES.txt'
[0.273s] Built target ament_cmake_python_build_ur_moveit_config_egg
[0.285s] Invoked command in '/home/sebas/Documents/galactic_ws/build/ur_moveit_config' returned '0': CMAKE_PREFIX_PATH=${CMAKE_PREFIX_PATH}:/opt/ros/galactic /usr/bin/cmake --build /home/sebas/Documents/galactic_ws/build/ur_moveit_config -- -j16 -l16
[0.305s] Invoking command in '/home/sebas/Documents/galactic_ws/build/ur_moveit_config': CMAKE_PREFIX_PATH=${CMAKE_PREFIX_PATH}:/opt/ros/galactic /usr/bin/cmake --install /home/sebas/Documents/galactic_ws/build/ur_moveit_config
[0.311s] -- Install configuration: ""
[0.311s] -- Up-to-date: /home/sebas/Documents/galactic_ws/install/ur_moveit_config/share/ur_moveit_config/config
[0.311s] -- Up-to-date: /home/sebas/Documents/galactic_ws/install/ur_moveit_config/share/ur_moveit_config/config/kinematics.yaml
[0.311s] -- Up-to-date: /home/sebas/Documents/galactic_ws/install/ur_moveit_config/share/ur_moveit_config/config/controllers.yaml
[0.311s] -- Up-to-date: /home/sebas/Documents/galactic_ws/install/ur_moveit_config/share/ur_moveit_config/config/ur_servo.yaml
[0.311s] -- Up-to-date: /home/sebas/Documents/galactic_ws/install/ur_moveit_config/share/ur_moveit_config/config/log.txt
[0.311s] -- Up-to-date: /home/sebas/Documents/galactic_ws/install/ur_moveit_config/share/ur_moveit_config/config/ompl_planning.yaml
[0.311s] -- Up-to-date: /home/sebas/Documents/galactic_ws/install/ur_moveit_config/share/ur_moveit_config/launch
[0.311s] -- Up-to-date: /home/sebas/Documents/galactic_ws/install/ur_moveit_config/share/ur_moveit_config/launch/ur_moveit.launch.py
[0.311s] -- Up-to-date: /home/sebas/Documents/galactic_ws/install/ur_moveit_config/share/ur_moveit_config/rviz
[0.311s] -- Up-to-date: /home/sebas/Documents/galactic_ws/install/ur_moveit_config/share/ur_moveit_config/rviz/view_robot.rviz
[0.311s] -- Up-to-date: /home/sebas/Documents/galactic_ws/install/ur_moveit_config/share/ur_moveit_config/srdf
[0.311s] -- Up-to-date: /home/sebas/Documents/galactic_ws/install/ur_moveit_config/share/ur_moveit_config/srdf/ur_macro.srdf.xacro
[0.311s] -- Up-to-date: /home/sebas/Documents/galactic_ws/install/ur_moveit_config/share/ur_moveit_config/srdf/ur.srdf.xacro
[0.312s] -- Up-to-date: /home/sebas/Documents/galactic_ws/install/ur_moveit_config/share/ur_moveit_config/environment/pythonpath.sh
[0.312s] -- Up-to-date: /home/sebas/Documents/galactic_ws/install/ur_moveit_config/share/ur_moveit_config/environment/pythonpath.dsv
[0.312s] -- Up-to-date: /home/sebas/Documents/galactic_ws/install/ur_moveit_config/lib/python3.8/site-packages//ur_moveit_config.egg-info
[0.312s] -- Installing: /home/sebas/Documents/galactic_ws/install/ur_moveit_config/lib/python3.8/site-packages//ur_moveit_config.egg-info/dependency_links.txt
[0.312s] -- Installing: /home/sebas/Documents/galactic_ws/install/ur_moveit_config/lib/python3.8/site-packages//ur_moveit_config.egg-info/SOURCES.txt
[0.312s] -- Installing: /home/sebas/Documents/galactic_ws/install/ur_moveit_config/lib/python3.8/site-packages//ur_moveit_config.egg-info/PKG-INFO
[0.312s] -- Installing: /home/sebas/Documents/galactic_ws/install/ur_moveit_config/lib/python3.8/site-packages//ur_moveit_config.egg-info/top_level.txt
[0.312s] -- Up-to-date: /home/sebas/Documents/galactic_ws/install/ur_moveit_config/lib/python3.8/site-packages/ur_moveit_config
[0.312s] -- Up-to-date: /home/sebas/Documents/galactic_ws/install/ur_moveit_config/lib/python3.8/site-packages/ur_moveit_config/launch_common.py
[0.312s] -- Up-to-date: /home/sebas/Documents/galactic_ws/install/ur_moveit_config/lib/python3.8/site-packages/ur_moveit_config/__init__.py
[0.334s] Listing '/home/sebas/Documents/galactic_ws/install/ur_moveit_config/lib/python3.8/site-packages/ur_moveit_config'...
[0.337s] -- Up-to-date: /home/sebas/Documents/galactic_ws/install/ur_moveit_config/lib/python3.8/site-packages/launch_common.py
[0.360s] -- Up-to-date: /home/sebas/Documents/galactic_ws/install/ur_moveit_config/share/ament_index/resource_index/package_run_dependencies/ur_moveit_config
[0.360s] -- Up-to-date: /home/sebas/Documents/galactic_ws/install/ur_moveit_config/share/ament_index/resource_index/parent_prefix_path/ur_moveit_config
[0.360s] -- Up-to-date: /home/sebas/Documents/galactic_ws/install/ur_moveit_config/share/ur_moveit_config/environment/ament_prefix_path.sh
[0.360s] -- Up-to-date: /home/sebas/Documents/galactic_ws/install/ur_moveit_config/share/ur_moveit_config/environment/ament_prefix_path.dsv
[0.360s] -- Up-to-date: /home/sebas/Documents/galactic_ws/install/ur_moveit_config/share/ur_moveit_config/environment/path.sh
[0.360s] -- Up-to-date: /home/sebas/Documents/galactic_ws/install/ur_moveit_config/share/ur_moveit_config/environment/path.dsv
[0.360s] -- Up-to-date: /home/sebas/Documents/galactic_ws/install/ur_moveit_config/share/ur_moveit_config/local_setup.bash
[0.360s] -- Up-to-date: /home/sebas/Documents/galactic_ws/install/ur_moveit_config/share/ur_moveit_config/local_setup.sh
[0.360s] -- Up-to-date: /home/sebas/Documents/galactic_ws/install/ur_moveit_config/share/ur_moveit_config/local_setup.zsh
[0.360s] -- Up-to-date: /home/sebas/Documents/galactic_ws/install/ur_moveit_config/share/ur_moveit_config/local_setup.dsv
[0.360s] -- Up-to-date: /home/sebas/Documents/galactic_ws/install/ur_moveit_config/share/ur_moveit_config/package.dsv
[0.360s] -- Up-to-date: /home/sebas/Documents/galactic_ws/install/ur_moveit_config/share/ament_index/resource_index/packages/ur_moveit_config
[0.360s] -- Up-to-date: /home/sebas/Documents/galactic_ws/install/ur_moveit_config/share/ur_moveit_config/cmake/ur_moveit_configConfig.cmake
[0.360s] -- Up-to-date: /home/sebas/Documents/galactic_ws/install/ur_moveit_config/share/ur_moveit_config/cmake/ur_moveit_configConfig-version.cmake
[0.360s] -- Up-to-date: /home/sebas/Documents/galactic_ws/install/ur_moveit_config/share/ur_moveit_config/package.xml
[0.366s] Invoked command in '/home/sebas/Documents/galactic_ws/build/ur_moveit_config' returned '0': CMAKE_PREFIX_PATH=${CMAKE_PREFIX_PATH}:/opt/ros/galactic /usr/bin/cmake --install /home/sebas/Documents/galactic_ws/build/ur_moveit_config
