[0.013s] Invoking command in '/home/sebas/Desktop/Projects/ur_ros2/build/ball_picker': CMAKE_PREFIX_PATH=${CMAKE_PREFIX_PATH}:/opt/ros/humble /usr/bin/cmake --build /home/sebas/Desktop/Projects/ur_ros2/build/ball_picker -- -j16 -l16
[0.036s] [35m[1mConsolidate compiler generated dependencies of target ball_publisher[0m
[0.036s] [35m[1mConsolidate compiler generated dependencies of target ball_listener[0m
[0.047s] [100%] Built target ball_publisher
[0.047s] [100%] Built target ball_listener
[0.053s] Invoked command in '/home/sebas/Desktop/Projects/ur_ros2/build/ball_picker' returned '0': CMAKE_PREFIX_PATH=${CMAKE_PREFIX_PATH}:/opt/ros/humble /usr/bin/cmake --build /home/sebas/Desktop/Projects/ur_ros2/build/ball_picker -- -j16 -l16
[0.065s] Invoking command in '/home/sebas/Desktop/Projects/ur_ros2/build/ball_picker': CMAKE_PREFIX_PATH=${CMAKE_PREFIX_PATH}:/opt/ros/humble /usr/bin/cmake --install /home/sebas/Desktop/Projects/ur_ros2/build/ball_picker
[0.069s] -- Install configuration: ""
[0.069s] -- Execute custom install script
[0.069s] -- Up-to-date symlink: /home/sebas/Desktop/Projects/ur_ros2/install/ball_picker/lib/ball_picker/ball_publisher
[0.069s] -- Up-to-date symlink: /home/sebas/Desktop/Projects/ur_ros2/install/ball_picker/lib/ball_picker/ball_listener
[0.069s] -- Up-to-date symlink: /home/sebas/Desktop/Projects/ur_ros2/install/ball_picker/share/ball_picker/launch/arm_gazebo.launch.py
[0.069s] -- Up-to-date symlink: /home/sebas/Desktop/Projects/ur_ros2/install/ball_picker/share/ball_picker/launch/ball_picker_gazebo_launch.py
[0.069s] -- Up-to-date symlink: /home/sebas/Desktop/Projects/ur_ros2/install/ball_picker/share/ball_picker/launch/ball_picker_rviz_launch.py
[0.070s] -- Up-to-date symlink: /home/sebas/Desktop/Projects/ur_ros2/install/ball_picker/share/ball_picker/urdf/ball_picker.urdf
[0.070s] -- Up-to-date symlink: /home/sebas/Desktop/Projects/ur_ros2/install/ball_picker/share/ball_picker/urdf/ur5e.urdf
[0.070s] -- Up-to-date symlink: /home/sebas/Desktop/Projects/ur_ros2/install/ball_picker/share/ball_picker/config/ur_controllers.yaml
[0.070s] -- Up-to-date symlink: /home/sebas/Desktop/Projects/ur_ros2/install/ball_picker/share/ament_index/resource_index/package_run_dependencies/ball_picker
[0.070s] -- Up-to-date symlink: /home/sebas/Desktop/Projects/ur_ros2/install/ball_picker/share/ament_index/resource_index/parent_prefix_path/ball_picker
[0.070s] -- Up-to-date symlink: /home/sebas/Desktop/Projects/ur_ros2/install/ball_picker/share/ball_picker/environment/ament_prefix_path.sh
[0.070s] -- Up-to-date symlink: /home/sebas/Desktop/Projects/ur_ros2/install/ball_picker/share/ball_picker/environment/ament_prefix_path.dsv
[0.070s] -- Up-to-date symlink: /home/sebas/Desktop/Projects/ur_ros2/install/ball_picker/share/ball_picker/environment/path.sh
[0.070s] -- Up-to-date symlink: /home/sebas/Desktop/Projects/ur_ros2/install/ball_picker/share/ball_picker/environment/path.dsv
[0.070s] -- Up-to-date symlink: /home/sebas/Desktop/Projects/ur_ros2/install/ball_picker/share/ball_picker/local_setup.bash
[0.071s] -- Up-to-date symlink: /home/sebas/Desktop/Projects/ur_ros2/install/ball_picker/share/ball_picker/local_setup.sh
[0.071s] -- Up-to-date symlink: /home/sebas/Desktop/Projects/ur_ros2/install/ball_picker/share/ball_picker/local_setup.zsh
[0.071s] -- Up-to-date symlink: /home/sebas/Desktop/Projects/ur_ros2/install/ball_picker/share/ball_picker/local_setup.dsv
[0.071s] -- Symlinking: /home/sebas/Desktop/Projects/ur_ros2/install/ball_picker/share/ball_picker/package.dsv
[0.075s] -- Up-to-date symlink: /home/sebas/Desktop/Projects/ur_ros2/install/ball_picker/share/ament_index/resource_index/packages/ball_picker
[0.075s] -- Up-to-date symlink: /home/sebas/Desktop/Projects/ur_ros2/install/ball_picker/share/ball_picker/cmake/ball_pickerConfig.cmake
[0.075s] -- Up-to-date symlink: /home/sebas/Desktop/Projects/ur_ros2/install/ball_picker/share/ball_picker/cmake/ball_pickerConfig-version.cmake
[0.075s] -- Up-to-date symlink: /home/sebas/Desktop/Projects/ur_ros2/install/ball_picker/share/ball_picker/package.xml
[0.082s] Invoked command in '/home/sebas/Desktop/Projects/ur_ros2/build/ball_picker' returned '0': CMAKE_PREFIX_PATH=${CMAKE_PREFIX_PATH}:/opt/ros/humble /usr/bin/cmake --install /home/sebas/Desktop/Projects/ur_ros2/build/ball_picker
