[0.022s] Invoking command in '/home/sebas/Documents/galactic_ws/build/ur_dashboard_msgs': CMAKE_PREFIX_PATH=${CMAKE_PREFIX_PATH}:/opt/ros/galactic /usr/bin/cmake /home/sebas/Documents/galactic_ws/src/Universal_Robots_ROS2_Driver/ur_dashboard_msgs -DCMAKE_INSTALL_PREFIX=/home/sebas/Documents/galactic_ws/install/ur_dashboard_msgs
[0.113s] -- The C compiler identification is GNU 9.4.0
[0.157s] -- The CXX compiler identification is GNU 9.4.0
[0.162s] -- Check for working C compiler: /usr/bin/cc
[0.212s] -- Check for working C compiler: /usr/bin/cc -- works
[0.213s] -- Detecting C compiler ABI info
[0.264s] -- Detecting C compiler ABI info - done
[0.273s] -- Detecting C compile features
[0.273s] -- Detecting C compile features - done
[0.275s] -- Check for working CXX compiler: /usr/bin/c++
[0.328s] -- Check for working CXX compiler: /usr/bin/c++ -- works
[0.329s] -- Detecting CXX compiler ABI info
[0.386s] -- Detecting CXX compiler ABI info - done
[0.395s] -- Detecting CXX compile features
[0.396s] -- Detecting CXX compile features - done
[0.398s] -- Found ament_cmake: 1.1.6 (/opt/ros/galactic/share/ament_cmake/cmake)
[0.417s] -- Found PythonInterp: /usr/bin/python3 (found suitable version "3.8.10", minimum required is "3") 
[0.417s] -- Using PYTHON_EXECUTABLE: /usr/bin/python3
[0.478s] -- Found rosidl_default_generators: 1.1.1 (/opt/ros/galactic/share/rosidl_default_generators/cmake)
[0.481s] -- Using all available rosidl_typesupport_c: rosidl_typesupport_fastrtps_c;rosidl_typesupport_introspection_c
[0.487s] -- Found rosidl_adapter: 2.2.3 (/opt/ros/galactic/share/rosidl_adapter/cmake)
[0.588s] -- Found OpenSSL: /usr/lib/x86_64-linux-gnu/libcrypto.so (found version "1.1.1f")  
[0.617s] -- Found FastRTPS: /opt/ros/galactic/include  
[0.689s] -- Using all available rosidl_typesupport_cpp: rosidl_typesupport_fastrtps_cpp;rosidl_typesupport_introspection_cpp
[0.719s] -- Found action_msgs: 1.0.3 (/opt/ros/galactic/share/action_msgs/cmake)
[0.791s] -- Found PythonInterp: /usr/bin/python3 (found version "3.8.10") 
[0.981s] -- Found ament_cmake_ros: 0.9.2 (/opt/ros/galactic/share/ament_cmake_ros/cmake)
[1.096s] -- Using all available rosidl_typesupport_c: rosidl_typesupport_fastrtps_c;rosidl_typesupport_introspection_c
[1.116s] -- Using all available rosidl_typesupport_cpp: rosidl_typesupport_fastrtps_cpp;rosidl_typesupport_introspection_cpp
[1.137s] -- Found PythonInterp: /usr/bin/python3 (found suitable version "3.8.10", minimum required is "3.5") 
[1.139s] -- Found python_cmake_module: 0.8.1 (/opt/ros/galactic/share/python_cmake_module/cmake)
[1.165s] -- Found PythonLibs: /usr/lib/x86_64-linux-gnu/libpython3.8.so (found suitable version "3.8.10", minimum required is "3.5") 
[1.165s] -- Using PYTHON_EXECUTABLE: /usr/bin/python3
[1.165s] -- Using PYTHON_INCLUDE_DIRS: /usr/include/python3.8
[1.165s] -- Using PYTHON_LIBRARIES: /usr/lib/x86_64-linux-gnu/libpython3.8.so
[1.183s] -- Found PythonExtra: .so  
[1.237s] -- Configuring done
[1.303s] -- Generating done
[1.305s] -- Build files have been written to: /home/sebas/Documents/galactic_ws/build/ur_dashboard_msgs
[1.312s] Invoked command in '/home/sebas/Documents/galactic_ws/build/ur_dashboard_msgs' returned '0': CMAKE_PREFIX_PATH=${CMAKE_PREFIX_PATH}:/opt/ros/galactic /usr/bin/cmake /home/sebas/Documents/galactic_ws/src/Universal_Robots_ROS2_Driver/ur_dashboard_msgs -DCMAKE_INSTALL_PREFIX=/home/sebas/Documents/galactic_ws/install/ur_dashboard_msgs
[1.315s] Invoking command in '/home/sebas/Documents/galactic_ws/build/ur_dashboard_msgs': CMAKE_PREFIX_PATH=${CMAKE_PREFIX_PATH}:/opt/ros/galactic /usr/bin/cmake --build /home/sebas/Documents/galactic_ws/build/ur_dashboard_msgs -- -j16 -l16
[1.352s] [  1%] [34m[1mGenerating C code for ROS interfaces[0m
[1.353s] [35m[1mScanning dependencies of target ur_dashboard_msgs__cpp[0m
[1.363s] [  1%] [34m[1mGenerating C++ code for ROS interfaces[0m
[2.363s] [  1%] Built target ur_dashboard_msgs__cpp
[2.373s] [  3%] [34m[1mGenerating C++ type support for eProsima Fast-RTPS[0m
[2.373s] [  3%] [34m[1mGenerating C++ type support dispatch for ROS interfaces[0m
[2.374s] [  3%] [34m[1mGenerating C++ introspection for ROS interfaces[0m
[2.515s] [35m[1mScanning dependencies of target ur_dashboard_msgs__rosidl_generator_c[0m
[2.534s] [  9%] [32mBuilding C object CMakeFiles/ur_dashboard_msgs__rosidl_generator_c.dir/rosidl_generator_c/ur_dashboard_msgs/msg/detail/program_state__functions.c.o[0m
[2.534s] [  9%] [32mBuilding C object CMakeFiles/ur_dashboard_msgs__rosidl_generator_c.dir/rosidl_generator_c/ur_dashboard_msgs/srv/detail/get_robot_mode__functions.c.o[0m
[2.534s] [  9%] [32mBuilding C object CMakeFiles/ur_dashboard_msgs__rosidl_generator_c.dir/rosidl_generator_c/ur_dashboard_msgs/msg/detail/robot_mode__functions.c.o[0m
[2.535s] [  9%] [32mBuilding C object CMakeFiles/ur_dashboard_msgs__rosidl_generator_c.dir/rosidl_generator_c/ur_dashboard_msgs/srv/detail/add_to_log__functions.c.o[0m
[2.535s] [  9%] [32mBuilding C object CMakeFiles/ur_dashboard_msgs__rosidl_generator_c.dir/rosidl_generator_c/ur_dashboard_msgs/srv/detail/get_loaded_program__functions.c.o[0m
[2.538s] [  9%] [32mBuilding C object CMakeFiles/ur_dashboard_msgs__rosidl_generator_c.dir/rosidl_generator_c/ur_dashboard_msgs/srv/detail/get_safety_mode__functions.c.o[0m
[2.538s] [ 10%] [32mBuilding C object CMakeFiles/ur_dashboard_msgs__rosidl_generator_c.dir/rosidl_generator_c/ur_dashboard_msgs/srv/detail/get_program_state__functions.c.o[0m
[2.538s] [ 10%] [32mBuilding C object CMakeFiles/ur_dashboard_msgs__rosidl_generator_c.dir/rosidl_generator_c/ur_dashboard_msgs/msg/detail/safety_mode__functions.c.o[0m
[2.542s] [  9%] [32mBuilding C object CMakeFiles/ur_dashboard_msgs__rosidl_generator_c.dir/rosidl_generator_c/ur_dashboard_msgs/srv/detail/is_program_running__functions.c.o[0m
[2.542s] [ 10%] [32mBuilding C object CMakeFiles/ur_dashboard_msgs__rosidl_generator_c.dir/rosidl_generator_c/ur_dashboard_msgs/srv/detail/is_program_saved__functions.c.o[0m
[2.542s] [ 11%] [32mBuilding C object CMakeFiles/ur_dashboard_msgs__rosidl_generator_c.dir/rosidl_generator_c/ur_dashboard_msgs/srv/detail/popup__functions.c.o[0m
[2.544s] [ 12%] [32mBuilding C object CMakeFiles/ur_dashboard_msgs__rosidl_generator_c.dir/rosidl_generator_c/ur_dashboard_msgs/srv/detail/load__functions.c.o[0m
[2.555s] [ 12%] [32mBuilding C object CMakeFiles/ur_dashboard_msgs__rosidl_generator_c.dir/rosidl_generator_c/ur_dashboard_msgs/srv/detail/raw_request__functions.c.o[0m
[2.606s] [ 13%] [32mBuilding C object CMakeFiles/ur_dashboard_msgs__rosidl_generator_c.dir/rosidl_generator_c/ur_dashboard_msgs/action/detail/set_mode__functions.c.o[0m
[2.710s] [ 14%] [32m[1mLinking C shared library libur_dashboard_msgs__rosidl_generator_c.so[0m
[2.747s] [ 14%] Built target ur_dashboard_msgs__rosidl_generator_c
[2.756s] [ 16%] [34m[1mGenerating C introspection for ROS interfaces[0m
[2.756s] [ 16%] [34m[1mGenerating C type support dispatch for ROS interfaces[0m
[3.266s] [35m[1mScanning dependencies of target ur_dashboard_msgs__rosidl_typesupport_introspection_cpp[0m
[3.271s] [35m[1mScanning dependencies of target ur_dashboard_msgs__rosidl_typesupport_cpp[0m
[3.291s] [ 21%] [32mBuilding CXX object CMakeFiles/ur_dashboard_msgs__rosidl_typesupport_introspection_cpp.dir/rosidl_typesupport_introspection_cpp/ur_dashboard_msgs/srv/detail/add_to_log__type_support.cpp.o[0m
[3.292s] [ 21%] [32mBuilding CXX object CMakeFiles/ur_dashboard_msgs__rosidl_typesupport_cpp.dir/rosidl_typesupport_cpp/ur_dashboard_msgs/msg/program_state__type_support.cpp.o[0m
[3.292s] [ 21%] [32mBuilding CXX object CMakeFiles/ur_dashboard_msgs__rosidl_typesupport_introspection_cpp.dir/rosidl_typesupport_introspection_cpp/ur_dashboard_msgs/srv/detail/get_program_state__type_support.cpp.o[0m
[3.292s] [ 21%] [32mBuilding CXX object CMakeFiles/ur_dashboard_msgs__rosidl_typesupport_introspection_cpp.dir/rosidl_typesupport_introspection_cpp/ur_dashboard_msgs/msg/detail/robot_mode__type_support.cpp.o[0m
[3.292s] [ 21%] [32mBuilding CXX object CMakeFiles/ur_dashboard_msgs__rosidl_typesupport_introspection_cpp.dir/rosidl_typesupport_introspection_cpp/ur_dashboard_msgs/srv/detail/get_loaded_program__type_support.cpp.o[0m
[3.293s] [ 21%] [32mBuilding CXX object CMakeFiles/ur_dashboard_msgs__rosidl_typesupport_cpp.dir/rosidl_typesupport_cpp/ur_dashboard_msgs/srv/get_loaded_program__type_support.cpp.o[0m
[3.293s] [ 22%] [32mBuilding CXX object CMakeFiles/ur_dashboard_msgs__rosidl_typesupport_introspection_cpp.dir/rosidl_typesupport_introspection_cpp/ur_dashboard_msgs/msg/detail/safety_mode__type_support.cpp.o[0m
[3.293s] [ 23%] [32mBuilding CXX object CMakeFiles/ur_dashboard_msgs__rosidl_typesupport_cpp.dir/rosidl_typesupport_cpp/ur_dashboard_msgs/srv/add_to_log__type_support.cpp.o[0m
[3.294s] [ 25%] [32mBuilding CXX object CMakeFiles/ur_dashboard_msgs__rosidl_typesupport_introspection_cpp.dir/rosidl_typesupport_introspection_cpp/ur_dashboard_msgs/msg/detail/program_state__type_support.cpp.o[0m
[3.294s] [ 25%] [32mBuilding CXX object CMakeFiles/ur_dashboard_msgs__rosidl_typesupport_cpp.dir/rosidl_typesupport_cpp/ur_dashboard_msgs/msg/robot_mode__type_support.cpp.o[0m
[3.297s] [ 25%] [32mBuilding CXX object CMakeFiles/ur_dashboard_msgs__rosidl_typesupport_cpp.dir/rosidl_typesupport_cpp/ur_dashboard_msgs/msg/safety_mode__type_support.cpp.o[0m
[3.297s] [ 25%] [32mBuilding CXX object CMakeFiles/ur_dashboard_msgs__rosidl_typesupport_cpp.dir/rosidl_typesupport_cpp/ur_dashboard_msgs/srv/get_program_state__type_support.cpp.o[0m
[3.301s] [ 26%] [32mBuilding CXX object CMakeFiles/ur_dashboard_msgs__rosidl_typesupport_cpp.dir/rosidl_typesupport_cpp/ur_dashboard_msgs/srv/get_robot_mode__type_support.cpp.o[0m
[3.665s] [ 27%] [32mBuilding CXX object CMakeFiles/ur_dashboard_msgs__rosidl_typesupport_introspection_cpp.dir/rosidl_typesupport_introspection_cpp/ur_dashboard_msgs/srv/detail/get_robot_mode__type_support.cpp.o[0m
[3.677s] [ 27%] [32mBuilding CXX object CMakeFiles/ur_dashboard_msgs__rosidl_typesupport_introspection_cpp.dir/rosidl_typesupport_introspection_cpp/ur_dashboard_msgs/srv/detail/get_safety_mode__type_support.cpp.o[0m
[3.683s] [ 28%] [32mBuilding CXX object CMakeFiles/ur_dashboard_msgs__rosidl_typesupport_cpp.dir/rosidl_typesupport_cpp/ur_dashboard_msgs/srv/is_program_running__type_support.cpp.o[0m
[3.685s] [ 29%] [32mBuilding CXX object CMakeFiles/ur_dashboard_msgs__rosidl_typesupport_cpp.dir/rosidl_typesupport_cpp/ur_dashboard_msgs/srv/get_safety_mode__type_support.cpp.o[0m
[3.702s] [ 30%] [32mBuilding CXX object CMakeFiles/ur_dashboard_msgs__rosidl_typesupport_introspection_cpp.dir/rosidl_typesupport_introspection_cpp/ur_dashboard_msgs/srv/detail/is_program_running__type_support.cpp.o[0m
[3.741s] [ 31%] [32mBuilding CXX object CMakeFiles/ur_dashboard_msgs__rosidl_typesupport_introspection_cpp.dir/rosidl_typesupport_introspection_cpp/ur_dashboard_msgs/srv/detail/is_program_saved__type_support.cpp.o[0m
[3.757s] [ 31%] [32mBuilding CXX object CMakeFiles/ur_dashboard_msgs__rosidl_typesupport_cpp.dir/rosidl_typesupport_cpp/ur_dashboard_msgs/srv/is_program_saved__type_support.cpp.o[0m
[3.804s] [ 32%] [32mBuilding CXX object CMakeFiles/ur_dashboard_msgs__rosidl_typesupport_introspection_cpp.dir/rosidl_typesupport_introspection_cpp/ur_dashboard_msgs/srv/detail/load__type_support.cpp.o[0m
[3.832s] [ 32%] [32mBuilding CXX object CMakeFiles/ur_dashboard_msgs__rosidl_typesupport_introspection_cpp.dir/rosidl_typesupport_introspection_cpp/ur_dashboard_msgs/srv/detail/popup__type_support.cpp.o[0m
[3.837s] [ 33%] [32mBuilding CXX object CMakeFiles/ur_dashboard_msgs__rosidl_typesupport_introspection_cpp.dir/rosidl_typesupport_introspection_cpp/ur_dashboard_msgs/srv/detail/raw_request__type_support.cpp.o[0m
[3.844s] [ 34%] [32mBuilding CXX object CMakeFiles/ur_dashboard_msgs__rosidl_typesupport_introspection_cpp.dir/rosidl_typesupport_introspection_cpp/ur_dashboard_msgs/action/detail/set_mode__type_support.cpp.o[0m
[3.856s] [35m[1mScanning dependencies of target ur_dashboard_msgs__rosidl_typesupport_c[0m
[3.891s] [ 34%] [32mBuilding CXX object CMakeFiles/ur_dashboard_msgs__rosidl_typesupport_c.dir/rosidl_typesupport_c/ur_dashboard_msgs/msg/program_state__type_support.cpp.o[0m
[3.895s] [ 35%] [32mBuilding CXX object CMakeFiles/ur_dashboard_msgs__rosidl_typesupport_cpp.dir/rosidl_typesupport_cpp/ur_dashboard_msgs/srv/load__type_support.cpp.o[0m
[3.920s] [ 36%] [32mBuilding CXX object CMakeFiles/ur_dashboard_msgs__rosidl_typesupport_cpp.dir/rosidl_typesupport_cpp/ur_dashboard_msgs/srv/popup__type_support.cpp.o[0m
[3.982s] [ 37%] [32mBuilding CXX object CMakeFiles/ur_dashboard_msgs__rosidl_typesupport_c.dir/rosidl_typesupport_c/ur_dashboard_msgs/msg/robot_mode__type_support.cpp.o[0m
[4.110s] [ 38%] [32mBuilding CXX object CMakeFiles/ur_dashboard_msgs__rosidl_typesupport_cpp.dir/rosidl_typesupport_cpp/ur_dashboard_msgs/srv/raw_request__type_support.cpp.o[0m
[4.121s] [ 39%] [32mBuilding CXX object CMakeFiles/ur_dashboard_msgs__rosidl_typesupport_c.dir/rosidl_typesupport_c/ur_dashboard_msgs/srv/add_to_log__type_support.cpp.o[0m
[4.123s] [ 40%] [32mBuilding CXX object CMakeFiles/ur_dashboard_msgs__rosidl_typesupport_c.dir/rosidl_typesupport_c/ur_dashboard_msgs/msg/safety_mode__type_support.cpp.o[0m
[4.140s] [ 40%] [32mBuilding CXX object CMakeFiles/ur_dashboard_msgs__rosidl_typesupport_c.dir/rosidl_typesupport_c/ur_dashboard_msgs/srv/get_loaded_program__type_support.cpp.o[0m
[4.182s] [ 40%] [32mBuilding CXX object CMakeFiles/ur_dashboard_msgs__rosidl_typesupport_cpp.dir/rosidl_typesupport_cpp/ur_dashboard_msgs/action/set_mode__type_support.cpp.o[0m
[4.192s] [ 41%] [32mBuilding CXX object CMakeFiles/ur_dashboard_msgs__rosidl_typesupport_c.dir/rosidl_typesupport_c/ur_dashboard_msgs/srv/get_robot_mode__type_support.cpp.o[0m
[4.198s] [ 42%] [32mBuilding CXX object CMakeFiles/ur_dashboard_msgs__rosidl_typesupport_c.dir/rosidl_typesupport_c/ur_dashboard_msgs/srv/get_program_state__type_support.cpp.o[0m
[4.239s] [ 43%] [32mBuilding CXX object CMakeFiles/ur_dashboard_msgs__rosidl_typesupport_c.dir/rosidl_typesupport_c/ur_dashboard_msgs/srv/get_safety_mode__type_support.cpp.o[0m
[4.241s] [ 43%] [32mBuilding CXX object CMakeFiles/ur_dashboard_msgs__rosidl_typesupport_c.dir/rosidl_typesupport_c/ur_dashboard_msgs/srv/is_program_running__type_support.cpp.o[0m
[4.246s] [ 44%] [32mBuilding CXX object CMakeFiles/ur_dashboard_msgs__rosidl_typesupport_c.dir/rosidl_typesupport_c/ur_dashboard_msgs/srv/is_program_saved__type_support.cpp.o[0m
[4.258s] [ 45%] [32mBuilding CXX object CMakeFiles/ur_dashboard_msgs__rosidl_typesupport_c.dir/rosidl_typesupport_c/ur_dashboard_msgs/srv/load__type_support.cpp.o[0m
[4.268s] [ 46%] [32mBuilding CXX object CMakeFiles/ur_dashboard_msgs__rosidl_typesupport_c.dir/rosidl_typesupport_c/ur_dashboard_msgs/srv/popup__type_support.cpp.o[0m
[4.313s] [ 47%] [32mBuilding CXX object CMakeFiles/ur_dashboard_msgs__rosidl_typesupport_c.dir/rosidl_typesupport_c/ur_dashboard_msgs/action/set_mode__type_support.cpp.o[0m
[4.317s] [ 47%] [32mBuilding CXX object CMakeFiles/ur_dashboard_msgs__rosidl_typesupport_c.dir/rosidl_typesupport_c/ur_dashboard_msgs/srv/raw_request__type_support.cpp.o[0m
[4.344s] [35m[1mScanning dependencies of target ur_dashboard_msgs__rosidl_typesupport_fastrtps_cpp[0m
[4.348s] [35m[1mScanning dependencies of target ur_dashboard_msgs__rosidl_typesupport_introspection_c[0m
[4.367s] [ 48%] [32m[1mLinking CXX shared library libur_dashboard_msgs__rosidl_typesupport_c.so[0m
[4.370s] [ 49%] [32mBuilding C object CMakeFiles/ur_dashboard_msgs__rosidl_typesupport_introspection_c.dir/rosidl_typesupport_introspection_c/ur_dashboard_msgs/msg/detail/safety_mode__type_support.c.o[0m
[4.370s] [ 50%] [32mBuilding C object CMakeFiles/ur_dashboard_msgs__rosidl_typesupport_introspection_c.dir/rosidl_typesupport_introspection_c/ur_dashboard_msgs/msg/detail/program_state__type_support.c.o[0m
[4.371s] [ 51%] [32mBuilding C object CMakeFiles/ur_dashboard_msgs__rosidl_typesupport_introspection_c.dir/rosidl_typesupport_introspection_c/ur_dashboard_msgs/srv/detail/get_loaded_program__type_support.c.o[0m
[4.371s] [ 52%] [32mBuilding C object CMakeFiles/ur_dashboard_msgs__rosidl_typesupport_introspection_c.dir/rosidl_typesupport_introspection_c/ur_dashboard_msgs/srv/detail/get_program_state__type_support.c.o[0m
[4.372s] [ 53%] [32mBuilding C object CMakeFiles/ur_dashboard_msgs__rosidl_typesupport_introspection_c.dir/rosidl_typesupport_introspection_c/ur_dashboard_msgs/srv/detail/get_safety_mode__type_support.c.o[0m
[4.372s] [ 49%] [32mBuilding C object CMakeFiles/ur_dashboard_msgs__rosidl_typesupport_introspection_c.dir/rosidl_typesupport_introspection_c/ur_dashboard_msgs/srv/detail/add_to_log__type_support.c.o[0m
[4.372s] [ 54%] [32mBuilding C object CMakeFiles/ur_dashboard_msgs__rosidl_typesupport_introspection_c.dir/rosidl_typesupport_introspection_c/ur_dashboard_msgs/msg/detail/robot_mode__type_support.c.o[0m
[4.373s] [ 54%] [32mBuilding C object CMakeFiles/ur_dashboard_msgs__rosidl_typesupport_introspection_c.dir/rosidl_typesupport_introspection_c/ur_dashboard_msgs/srv/detail/get_robot_mode__type_support.c.o[0m
[4.378s] [ 55%] [32mBuilding C object CMakeFiles/ur_dashboard_msgs__rosidl_typesupport_introspection_c.dir/rosidl_typesupport_introspection_c/ur_dashboard_msgs/srv/detail/is_program_running__type_support.c.o[0m
[4.380s] [ 55%] [32mBuilding C object CMakeFiles/ur_dashboard_msgs__rosidl_typesupport_introspection_c.dir/rosidl_typesupport_introspection_c/ur_dashboard_msgs/srv/detail/is_program_saved__type_support.c.o[0m
[4.382s] [ 56%] [32mBuilding C object CMakeFiles/ur_dashboard_msgs__rosidl_typesupport_introspection_c.dir/rosidl_typesupport_introspection_c/ur_dashboard_msgs/srv/detail/load__type_support.c.o[0m
[4.408s] [ 57%] [32mBuilding CXX object CMakeFiles/ur_dashboard_msgs__rosidl_typesupport_fastrtps_cpp.dir/rosidl_typesupport_fastrtps_cpp/ur_dashboard_msgs/msg/detail/dds_fastrtps/program_state__type_support.cpp.o[0m
[4.423s] [ 58%] [32mBuilding C object CMakeFiles/ur_dashboard_msgs__rosidl_typesupport_introspection_c.dir/rosidl_typesupport_introspection_c/ur_dashboard_msgs/srv/detail/popup__type_support.c.o[0m
[4.427s] [ 59%] [32mBuilding C object CMakeFiles/ur_dashboard_msgs__rosidl_typesupport_introspection_c.dir/rosidl_typesupport_introspection_c/ur_dashboard_msgs/srv/detail/raw_request__type_support.c.o[0m
[4.433s] [ 59%] [32mBuilding C object CMakeFiles/ur_dashboard_msgs__rosidl_typesupport_introspection_c.dir/rosidl_typesupport_introspection_c/ur_dashboard_msgs/action/detail/set_mode__type_support.c.o[0m
[4.433s] [ 59%] [32mBuilding CXX object CMakeFiles/ur_dashboard_msgs__rosidl_typesupport_fastrtps_cpp.dir/rosidl_typesupport_fastrtps_cpp/ur_dashboard_msgs/msg/detail/dds_fastrtps/safety_mode__type_support.cpp.o[0m
[4.435s] [ 60%] [32mBuilding CXX object CMakeFiles/ur_dashboard_msgs__rosidl_typesupport_fastrtps_cpp.dir/rosidl_typesupport_fastrtps_cpp/ur_dashboard_msgs/msg/detail/dds_fastrtps/robot_mode__type_support.cpp.o[0m
[4.443s] [ 62%] [32mBuilding CXX object CMakeFiles/ur_dashboard_msgs__rosidl_typesupport_fastrtps_cpp.dir/rosidl_typesupport_fastrtps_cpp/ur_dashboard_msgs/srv/detail/dds_fastrtps/get_loaded_program__type_support.cpp.o[0m
[4.443s] [ 62%] [32mBuilding CXX object CMakeFiles/ur_dashboard_msgs__rosidl_typesupport_fastrtps_cpp.dir/rosidl_typesupport_fastrtps_cpp/ur_dashboard_msgs/srv/detail/dds_fastrtps/add_to_log__type_support.cpp.o[0m
[4.447s] [ 63%] [32mBuilding CXX object CMakeFiles/ur_dashboard_msgs__rosidl_typesupport_fastrtps_cpp.dir/rosidl_typesupport_fastrtps_cpp/ur_dashboard_msgs/srv/detail/dds_fastrtps/get_program_state__type_support.cpp.o[0m
[4.451s] [ 63%] Built target ur_dashboard_msgs__rosidl_typesupport_c
[4.457s] [ 63%] [32mBuilding CXX object CMakeFiles/ur_dashboard_msgs__rosidl_typesupport_fastrtps_cpp.dir/rosidl_typesupport_fastrtps_cpp/ur_dashboard_msgs/srv/detail/dds_fastrtps/get_robot_mode__type_support.cpp.o[0m
[4.486s] [ 64%] [32mBuilding CXX object CMakeFiles/ur_dashboard_msgs__rosidl_typesupport_fastrtps_cpp.dir/rosidl_typesupport_fastrtps_cpp/ur_dashboard_msgs/srv/detail/dds_fastrtps/is_program_running__type_support.cpp.o[0m
[4.492s] [ 65%] [32mBuilding CXX object CMakeFiles/ur_dashboard_msgs__rosidl_typesupport_fastrtps_cpp.dir/rosidl_typesupport_fastrtps_cpp/ur_dashboard_msgs/srv/detail/dds_fastrtps/get_safety_mode__type_support.cpp.o[0m
[4.508s] [ 66%] [32mBuilding CXX object CMakeFiles/ur_dashboard_msgs__rosidl_typesupport_fastrtps_cpp.dir/rosidl_typesupport_fastrtps_cpp/ur_dashboard_msgs/srv/detail/dds_fastrtps/is_program_saved__type_support.cpp.o[0m
[4.529s] [ 66%] [32mBuilding CXX object CMakeFiles/ur_dashboard_msgs__rosidl_typesupport_fastrtps_cpp.dir/rosidl_typesupport_fastrtps_cpp/ur_dashboard_msgs/srv/detail/dds_fastrtps/load__type_support.cpp.o[0m
[4.530s] [ 67%] [32mBuilding CXX object CMakeFiles/ur_dashboard_msgs__rosidl_typesupport_fastrtps_cpp.dir/rosidl_typesupport_fastrtps_cpp/ur_dashboard_msgs/srv/detail/dds_fastrtps/popup__type_support.cpp.o[0m
[4.561s] [ 68%] [32mBuilding CXX object CMakeFiles/ur_dashboard_msgs__rosidl_typesupport_fastrtps_cpp.dir/rosidl_typesupport_fastrtps_cpp/ur_dashboard_msgs/srv/detail/dds_fastrtps/raw_request__type_support.cpp.o[0m
[4.596s] [ 69%] [32m[1mLinking C shared library libur_dashboard_msgs__rosidl_typesupport_introspection_c.so[0m
[4.737s] [ 70%] [32m[1mLinking CXX shared library libur_dashboard_msgs__rosidl_typesupport_introspection_cpp.so[0m
[4.765s] [ 70%] Built target ur_dashboard_msgs__rosidl_typesupport_introspection_c
[4.834s] [ 71%] [32mBuilding CXX object CMakeFiles/ur_dashboard_msgs__rosidl_typesupport_fastrtps_cpp.dir/rosidl_typesupport_fastrtps_cpp/ur_dashboard_msgs/action/detail/dds_fastrtps/set_mode__type_support.cpp.o[0m
[4.907s] [ 72%] [32m[1mLinking CXX shared library libur_dashboard_msgs__rosidl_typesupport_cpp.so[0m
[5.046s] [ 72%] Built target ur_dashboard_msgs__rosidl_typesupport_cpp
[5.054s] [ 72%] Built target ur_dashboard_msgs__rosidl_typesupport_introspection_cpp
[5.458s] [ 72%] [32m[1mLinking CXX shared library libur_dashboard_msgs__rosidl_typesupport_fastrtps_cpp.so[0m
[5.551s] [ 72%] Built target ur_dashboard_msgs__rosidl_typesupport_fastrtps_cpp
[5.560s] [ 73%] [34m[1mGenerating C type support for eProsima Fast-RTPS[0m
[6.411s] [35m[1mScanning dependencies of target ur_dashboard_msgs__rosidl_typesupport_fastrtps_c[0m
[6.440s] [ 76%] [32mBuilding CXX object CMakeFiles/ur_dashboard_msgs__rosidl_typesupport_fastrtps_c.dir/rosidl_typesupport_fastrtps_c/ur_dashboard_msgs/msg/detail/robot_mode__type_support_c.cpp.o[0m
[6.440s] [ 76%] [32mBuilding CXX object CMakeFiles/ur_dashboard_msgs__rosidl_typesupport_fastrtps_c.dir/rosidl_typesupport_fastrtps_c/ur_dashboard_msgs/srv/detail/get_program_state__type_support_c.cpp.o[0m
[6.440s] [ 76%] [32mBuilding CXX object CMakeFiles/ur_dashboard_msgs__rosidl_typesupport_fastrtps_c.dir/rosidl_typesupport_fastrtps_c/ur_dashboard_msgs/srv/detail/get_robot_mode__type_support_c.cpp.o[0m
[6.440s] [ 76%] [32mBuilding CXX object CMakeFiles/ur_dashboard_msgs__rosidl_typesupport_fastrtps_c.dir/rosidl_typesupport_fastrtps_c/ur_dashboard_msgs/srv/detail/get_loaded_program__type_support_c.cpp.o[0m
[6.440s] [ 78%] [32mBuilding CXX object CMakeFiles/ur_dashboard_msgs__rosidl_typesupport_fastrtps_c.dir/rosidl_typesupport_fastrtps_c/ur_dashboard_msgs/srv/detail/get_safety_mode__type_support_c.cpp.o[0m
[6.440s] [ 79%] [32mBuilding CXX object CMakeFiles/ur_dashboard_msgs__rosidl_typesupport_fastrtps_c.dir/rosidl_typesupport_fastrtps_c/ur_dashboard_msgs/msg/detail/safety_mode__type_support_c.cpp.o[0m
[6.440s] [ 76%] [32mBuilding CXX object CMakeFiles/ur_dashboard_msgs__rosidl_typesupport_fastrtps_c.dir/rosidl_typesupport_fastrtps_c/ur_dashboard_msgs/srv/detail/add_to_log__type_support_c.cpp.o[0m
[6.440s] [ 79%] [32mBuilding CXX object CMakeFiles/ur_dashboard_msgs__rosidl_typesupport_fastrtps_c.dir/rosidl_typesupport_fastrtps_c/ur_dashboard_msgs/msg/detail/program_state__type_support_c.cpp.o[0m
[6.441s] [ 80%] [32mBuilding CXX object CMakeFiles/ur_dashboard_msgs__rosidl_typesupport_fastrtps_c.dir/rosidl_typesupport_fastrtps_c/ur_dashboard_msgs/srv/detail/load__type_support_c.cpp.o[0m
[6.441s] [ 81%] [32mBuilding CXX object CMakeFiles/ur_dashboard_msgs__rosidl_typesupport_fastrtps_c.dir/rosidl_typesupport_fastrtps_c/ur_dashboard_msgs/srv/detail/is_program_running__type_support_c.cpp.o[0m
[6.441s] [ 81%] [32mBuilding CXX object CMakeFiles/ur_dashboard_msgs__rosidl_typesupport_fastrtps_c.dir/rosidl_typesupport_fastrtps_c/ur_dashboard_msgs/srv/detail/is_program_saved__type_support_c.cpp.o[0m
[6.441s] [ 82%] [32mBuilding CXX object CMakeFiles/ur_dashboard_msgs__rosidl_typesupport_fastrtps_c.dir/rosidl_typesupport_fastrtps_c/ur_dashboard_msgs/srv/detail/popup__type_support_c.cpp.o[0m
[6.451s] [ 82%] [32mBuilding CXX object CMakeFiles/ur_dashboard_msgs__rosidl_typesupport_fastrtps_c.dir/rosidl_typesupport_fastrtps_c/ur_dashboard_msgs/action/detail/set_mode__type_support_c.cpp.o[0m
[6.455s] [ 83%] [32mBuilding CXX object CMakeFiles/ur_dashboard_msgs__rosidl_typesupport_fastrtps_c.dir/rosidl_typesupport_fastrtps_c/ur_dashboard_msgs/srv/detail/raw_request__type_support_c.cpp.o[0m
[6.984s] [ 84%] [32m[1mLinking CXX shared library libur_dashboard_msgs__rosidl_typesupport_fastrtps_c.so[0m
[7.056s] [ 84%] Built target ur_dashboard_msgs__rosidl_typesupport_fastrtps_c
[7.064s] [35m[1mScanning dependencies of target ur_dashboard_msgs[0m
[7.072s] [ 84%] Built target ur_dashboard_msgs
[7.080s] [35m[1mScanning dependencies of target ur_dashboard_msgs__py[0m
[7.089s] [ 85%] [34m[1mGenerating Python code for ROS interfaces[0m
[9.019s] [ 85%] Built target ur_dashboard_msgs__py
[9.027s] [35m[1mScanning dependencies of target ur_dashboard_msgs__python[0m
[9.077s] [ 91%] [32mBuilding C object CMakeFiles/ur_dashboard_msgs__python.dir/rosidl_generator_py/ur_dashboard_msgs/srv/_get_loaded_program_s.c.o[0m
[9.077s] [ 91%] [32mBuilding C object CMakeFiles/ur_dashboard_msgs__python.dir/rosidl_generator_py/ur_dashboard_msgs/srv/_is_program_saved_s.c.o[0m
[9.078s] [ 91%] [32mBuilding C object CMakeFiles/ur_dashboard_msgs__python.dir/rosidl_generator_py/ur_dashboard_msgs/srv/_get_robot_mode_s.c.o[0m
[9.078s] [ 91%] [32mBuilding C object CMakeFiles/ur_dashboard_msgs__python.dir/rosidl_generator_py/ur_dashboard_msgs/srv/_get_safety_mode_s.c.o[0m
[9.078s] [ 91%] [32mBuilding C object CMakeFiles/ur_dashboard_msgs__python.dir/rosidl_generator_py/ur_dashboard_msgs/msg/_program_state_s.c.o[0m
[9.078s] [ 91%] [32mBuilding C object CMakeFiles/ur_dashboard_msgs__python.dir/rosidl_generator_py/ur_dashboard_msgs/srv/_add_to_log_s.c.o[0m
[9.078s] [ 91%] [32mBuilding C object CMakeFiles/ur_dashboard_msgs__python.dir/rosidl_generator_py/ur_dashboard_msgs/msg/_robot_mode_s.c.o[0m
[9.078s] [ 92%] [32mBuilding C object CMakeFiles/ur_dashboard_msgs__python.dir/rosidl_generator_py/ur_dashboard_msgs/srv/_is_program_running_s.c.o[0m
[9.078s] [ 93%] [32mBuilding C object CMakeFiles/ur_dashboard_msgs__python.dir/rosidl_generator_py/ur_dashboard_msgs/srv/_load_s.c.o[0m
[9.078s] [ 94%] [32mBuilding C object CMakeFiles/ur_dashboard_msgs__python.dir/rosidl_generator_py/ur_dashboard_msgs/srv/_popup_s.c.o[0m
[9.078s] [ 91%] [32mBuilding C object CMakeFiles/ur_dashboard_msgs__python.dir/rosidl_generator_py/ur_dashboard_msgs/msg/_safety_mode_s.c.o[0m
[9.078s] [ 91%] [32mBuilding C object CMakeFiles/ur_dashboard_msgs__python.dir/rosidl_generator_py/ur_dashboard_msgs/srv/_get_program_state_s.c.o[0m
[9.079s] [ 95%] [32mBuilding C object CMakeFiles/ur_dashboard_msgs__python.dir/rosidl_generator_py/ur_dashboard_msgs/srv/_raw_request_s.c.o[0m
[9.079s] [ 95%] [32mBuilding C object CMakeFiles/ur_dashboard_msgs__python.dir/rosidl_generator_py/ur_dashboard_msgs/action/_set_mode_s.c.o[0m
[9.224s] [ 96%] [32m[1mLinking C shared library rosidl_generator_py/ur_dashboard_msgs/libur_dashboard_msgs__python.so[0m
[9.260s] [ 96%] Built target ur_dashboard_msgs__python
[9.269s] [35m[1mScanning dependencies of target ur_dashboard_msgs__rosidl_typesupport_introspection_c__pyext[0m
[9.269s] [35m[1mScanning dependencies of target ur_dashboard_msgs__rosidl_typesupport_c__pyext[0m
[9.269s] [35m[1mScanning dependencies of target ur_dashboard_msgs__rosidl_typesupport_fastrtps_c__pyext[0m
[9.282s] [ 98%] [32mBuilding C object CMakeFiles/ur_dashboard_msgs__rosidl_typesupport_c__pyext.dir/rosidl_generator_py/ur_dashboard_msgs/_ur_dashboard_msgs_s.ep.rosidl_typesupport_c.c.o[0m
[9.282s] [ 98%] [32mBuilding C object CMakeFiles/ur_dashboard_msgs__rosidl_typesupport_introspection_c__pyext.dir/rosidl_generator_py/ur_dashboard_msgs/_ur_dashboard_msgs_s.ep.rosidl_typesupport_introspection_c.c.o[0m
[9.283s] [ 99%] [32mBuilding C object CMakeFiles/ur_dashboard_msgs__rosidl_typesupport_fastrtps_c__pyext.dir/rosidl_generator_py/ur_dashboard_msgs/_ur_dashboard_msgs_s.ep.rosidl_typesupport_fastrtps_c.c.o[0m
[9.407s] [100%] [32m[1mLinking C shared library rosidl_generator_py/ur_dashboard_msgs/ur_dashboard_msgs_s__rosidl_typesupport_introspection_c.cpython-38-x86_64-linux-gnu.so[0m
[9.408s] [100%] [32m[1mLinking C shared library rosidl_generator_py/ur_dashboard_msgs/ur_dashboard_msgs_s__rosidl_typesupport_c.cpython-38-x86_64-linux-gnu.so[0m
[9.411s] [100%] [32m[1mLinking CXX shared library rosidl_generator_py/ur_dashboard_msgs/ur_dashboard_msgs_s__rosidl_typesupport_fastrtps_c.cpython-38-x86_64-linux-gnu.so[0m
[9.439s] [100%] Built target ur_dashboard_msgs__rosidl_typesupport_c__pyext
[9.439s] [100%] Built target ur_dashboard_msgs__rosidl_typesupport_introspection_c__pyext
[9.461s] [100%] Built target ur_dashboard_msgs__rosidl_typesupport_fastrtps_c__pyext
[9.471s] Invoked command in '/home/sebas/Documents/galactic_ws/build/ur_dashboard_msgs' returned '0': CMAKE_PREFIX_PATH=${CMAKE_PREFIX_PATH}:/opt/ros/galactic /usr/bin/cmake --build /home/sebas/Documents/galactic_ws/build/ur_dashboard_msgs -- -j16 -l16
[9.630s] Invoking command in '/home/sebas/Documents/galactic_ws/build/ur_dashboard_msgs': CMAKE_PREFIX_PATH=${CMAKE_PREFIX_PATH}:/opt/ros/galactic /usr/bin/cmake --install /home/sebas/Documents/galactic_ws/build/ur_dashboard_msgs
[9.637s] -- Install configuration: ""
[9.638s] -- Installing: /home/sebas/Documents/galactic_ws/install/ur_dashboard_msgs/share/ament_index/resource_index/rosidl_interfaces/ur_dashboard_msgs
[9.638s] -- Installing: /home/sebas/Documents/galactic_ws/install/ur_dashboard_msgs/include/ur_dashboard_msgs
[9.638s] -- Installing: /home/sebas/Documents/galactic_ws/install/ur_dashboard_msgs/include/ur_dashboard_msgs/action
[9.638s] -- Installing: /home/sebas/Documents/galactic_ws/install/ur_dashboard_msgs/include/ur_dashboard_msgs/action/set_mode.h
[9.638s] -- Installing: /home/sebas/Documents/galactic_ws/install/ur_dashboard_msgs/include/ur_dashboard_msgs/action/detail
[9.638s] -- Installing: /home/sebas/Documents/galactic_ws/install/ur_dashboard_msgs/include/ur_dashboard_msgs/action/detail/set_mode__struct.h
[9.638s] -- Installing: /home/sebas/Documents/galactic_ws/install/ur_dashboard_msgs/include/ur_dashboard_msgs/action/detail/set_mode__type_support.h
[9.638s] -- Installing: /home/sebas/Documents/galactic_ws/install/ur_dashboard_msgs/include/ur_dashboard_msgs/action/detail/set_mode__functions.c
[9.638s] -- Installing: /home/sebas/Documents/galactic_ws/install/ur_dashboard_msgs/include/ur_dashboard_msgs/action/detail/set_mode__functions.h
[9.639s] -- Installing: /home/sebas/Documents/galactic_ws/install/ur_dashboard_msgs/include/ur_dashboard_msgs/msg
[9.639s] -- Installing: /home/sebas/Documents/galactic_ws/install/ur_dashboard_msgs/include/ur_dashboard_msgs/msg/program_state.h
[9.639s] -- Installing: /home/sebas/Documents/galactic_ws/install/ur_dashboard_msgs/include/ur_dashboard_msgs/msg/rosidl_generator_c__visibility_control.h
[9.639s] -- Installing: /home/sebas/Documents/galactic_ws/install/ur_dashboard_msgs/include/ur_dashboard_msgs/msg/robot_mode.h
[9.639s] -- Installing: /home/sebas/Documents/galactic_ws/install/ur_dashboard_msgs/include/ur_dashboard_msgs/msg/detail
[9.639s] -- Installing: /home/sebas/Documents/galactic_ws/install/ur_dashboard_msgs/include/ur_dashboard_msgs/msg/detail/robot_mode__functions.h
[9.639s] -- Installing: /home/sebas/Documents/galactic_ws/install/ur_dashboard_msgs/include/ur_dashboard_msgs/msg/detail/program_state__type_support.h
[9.639s] -- Installing: /home/sebas/Documents/galactic_ws/install/ur_dashboard_msgs/include/ur_dashboard_msgs/msg/detail/robot_mode__functions.c
[9.639s] -- Installing: /home/sebas/Documents/galactic_ws/install/ur_dashboard_msgs/include/ur_dashboard_msgs/msg/detail/safety_mode__functions.c
[9.639s] -- Installing: /home/sebas/Documents/galactic_ws/install/ur_dashboard_msgs/include/ur_dashboard_msgs/msg/detail/robot_mode__struct.h
[9.639s] -- Installing: /home/sebas/Documents/galactic_ws/install/ur_dashboard_msgs/include/ur_dashboard_msgs/msg/detail/program_state__struct.h
[9.639s] -- Installing: /home/sebas/Documents/galactic_ws/install/ur_dashboard_msgs/include/ur_dashboard_msgs/msg/detail/robot_mode__type_support.h
[9.639s] -- Installing: /home/sebas/Documents/galactic_ws/install/ur_dashboard_msgs/include/ur_dashboard_msgs/msg/detail/safety_mode__type_support.h
[9.639s] -- Installing: /home/sebas/Documents/galactic_ws/install/ur_dashboard_msgs/include/ur_dashboard_msgs/msg/detail/safety_mode__struct.h
[9.640s] -- Installing: /home/sebas/Documents/galactic_ws/install/ur_dashboard_msgs/include/ur_dashboard_msgs/msg/detail/program_state__functions.c
[9.640s] -- Installing: /home/sebas/Documents/galactic_ws/install/ur_dashboard_msgs/include/ur_dashboard_msgs/msg/detail/program_state__functions.h
[9.640s] -- Installing: /home/sebas/Documents/galactic_ws/install/ur_dashboard_msgs/include/ur_dashboard_msgs/msg/detail/safety_mode__functions.h
[9.640s] -- Installing: /home/sebas/Documents/galactic_ws/install/ur_dashboard_msgs/include/ur_dashboard_msgs/msg/safety_mode.h
[9.640s] -- Installing: /home/sebas/Documents/galactic_ws/install/ur_dashboard_msgs/include/ur_dashboard_msgs/srv
[9.640s] -- Installing: /home/sebas/Documents/galactic_ws/install/ur_dashboard_msgs/include/ur_dashboard_msgs/srv/is_program_running.h
[9.640s] -- Installing: /home/sebas/Documents/galactic_ws/install/ur_dashboard_msgs/include/ur_dashboard_msgs/srv/is_program_saved.h
[9.640s] -- Installing: /home/sebas/Documents/galactic_ws/install/ur_dashboard_msgs/include/ur_dashboard_msgs/srv/popup.h
[9.640s] -- Installing: /home/sebas/Documents/galactic_ws/install/ur_dashboard_msgs/include/ur_dashboard_msgs/srv/get_safety_mode.h
[9.640s] -- Installing: /home/sebas/Documents/galactic_ws/install/ur_dashboard_msgs/include/ur_dashboard_msgs/srv/get_robot_mode.h
[9.640s] -- Installing: /home/sebas/Documents/galactic_ws/install/ur_dashboard_msgs/include/ur_dashboard_msgs/srv/get_program_state.h
[9.640s] -- Installing: /home/sebas/Documents/galactic_ws/install/ur_dashboard_msgs/include/ur_dashboard_msgs/srv/raw_request.h
[9.640s] -- Installing: /home/sebas/Documents/galactic_ws/install/ur_dashboard_msgs/include/ur_dashboard_msgs/srv/add_to_log.h
[9.641s] -- Installing: /home/sebas/Documents/galactic_ws/install/ur_dashboard_msgs/include/ur_dashboard_msgs/srv/load.h
[9.641s] -- Installing: /home/sebas/Documents/galactic_ws/install/ur_dashboard_msgs/include/ur_dashboard_msgs/srv/get_loaded_program.h
[9.641s] -- Installing: /home/sebas/Documents/galactic_ws/install/ur_dashboard_msgs/include/ur_dashboard_msgs/srv/detail
[9.641s] -- Installing: /home/sebas/Documents/galactic_ws/install/ur_dashboard_msgs/include/ur_dashboard_msgs/srv/detail/get_robot_mode__functions.h
[9.641s] -- Installing: /home/sebas/Documents/galactic_ws/install/ur_dashboard_msgs/include/ur_dashboard_msgs/srv/detail/add_to_log__type_support.h
[9.641s] -- Installing: /home/sebas/Documents/galactic_ws/install/ur_dashboard_msgs/include/ur_dashboard_msgs/srv/detail/get_loaded_program__functions.h
[9.641s] -- Installing: /home/sebas/Documents/galactic_ws/install/ur_dashboard_msgs/include/ur_dashboard_msgs/srv/detail/is_program_running__functions.h
[9.641s] -- Installing: /home/sebas/Documents/galactic_ws/install/ur_dashboard_msgs/include/ur_dashboard_msgs/srv/detail/get_loaded_program__functions.c
[9.641s] -- Installing: /home/sebas/Documents/galactic_ws/install/ur_dashboard_msgs/include/ur_dashboard_msgs/srv/detail/popup__type_support.h
[9.641s] -- Installing: /home/sebas/Documents/galactic_ws/install/ur_dashboard_msgs/include/ur_dashboard_msgs/srv/detail/get_program_state__struct.h
[9.641s] -- Installing: /home/sebas/Documents/galactic_ws/install/ur_dashboard_msgs/include/ur_dashboard_msgs/srv/detail/add_to_log__struct.h
[9.641s] -- Installing: /home/sebas/Documents/galactic_ws/install/ur_dashboard_msgs/include/ur_dashboard_msgs/srv/detail/popup__struct.h
[9.641s] -- Installing: /home/sebas/Documents/galactic_ws/install/ur_dashboard_msgs/include/ur_dashboard_msgs/srv/detail/add_to_log__functions.h
[9.641s] -- Installing: /home/sebas/Documents/galactic_ws/install/ur_dashboard_msgs/include/ur_dashboard_msgs/srv/detail/is_program_saved__functions.h
[9.641s] -- Installing: /home/sebas/Documents/galactic_ws/install/ur_dashboard_msgs/include/ur_dashboard_msgs/srv/detail/popup__functions.c
[9.641s] -- Installing: /home/sebas/Documents/galactic_ws/install/ur_dashboard_msgs/include/ur_dashboard_msgs/srv/detail/load__type_support.h
[9.642s] -- Installing: /home/sebas/Documents/galactic_ws/install/ur_dashboard_msgs/include/ur_dashboard_msgs/srv/detail/get_loaded_program__type_support.h
[9.642s] -- Installing: /home/sebas/Documents/galactic_ws/install/ur_dashboard_msgs/include/ur_dashboard_msgs/srv/detail/is_program_running__functions.c
[9.642s] -- Installing: /home/sebas/Documents/galactic_ws/install/ur_dashboard_msgs/include/ur_dashboard_msgs/srv/detail/get_safety_mode__functions.h
[9.642s] -- Installing: /home/sebas/Documents/galactic_ws/install/ur_dashboard_msgs/include/ur_dashboard_msgs/srv/detail/is_program_running__struct.h
[9.642s] -- Installing: /home/sebas/Documents/galactic_ws/install/ur_dashboard_msgs/include/ur_dashboard_msgs/srv/detail/add_to_log__functions.c
[9.642s] -- Installing: /home/sebas/Documents/galactic_ws/install/ur_dashboard_msgs/include/ur_dashboard_msgs/srv/detail/get_robot_mode__type_support.h
[9.642s] -- Installing: /home/sebas/Documents/galactic_ws/install/ur_dashboard_msgs/include/ur_dashboard_msgs/srv/detail/is_program_saved__type_support.h
[9.642s] -- Installing: /home/sebas/Documents/galactic_ws/install/ur_dashboard_msgs/include/ur_dashboard_msgs/srv/detail/is_program_saved__functions.c
[9.642s] -- Installing: /home/sebas/Documents/galactic_ws/install/ur_dashboard_msgs/include/ur_dashboard_msgs/srv/detail/get_robot_mode__functions.c
[9.642s] -- Installing: /home/sebas/Documents/galactic_ws/install/ur_dashboard_msgs/include/ur_dashboard_msgs/srv/detail/popup__functions.h
[9.642s] -- Installing: /home/sebas/Documents/galactic_ws/install/ur_dashboard_msgs/include/ur_dashboard_msgs/srv/detail/get_safety_mode__struct.h
[9.642s] -- Installing: /home/sebas/Documents/galactic_ws/install/ur_dashboard_msgs/include/ur_dashboard_msgs/srv/detail/get_program_state__functions.h
[9.642s] -- Installing: /home/sebas/Documents/galactic_ws/install/ur_dashboard_msgs/include/ur_dashboard_msgs/srv/detail/raw_request__struct.h
[9.642s] -- Installing: /home/sebas/Documents/galactic_ws/install/ur_dashboard_msgs/include/ur_dashboard_msgs/srv/detail/raw_request__functions.h
[9.642s] -- Installing: /home/sebas/Documents/galactic_ws/install/ur_dashboard_msgs/include/ur_dashboard_msgs/srv/detail/get_loaded_program__struct.h
[9.642s] -- Installing: /home/sebas/Documents/galactic_ws/install/ur_dashboard_msgs/include/ur_dashboard_msgs/srv/detail/get_robot_mode__struct.h
[9.642s] -- Installing: /home/sebas/Documents/galactic_ws/install/ur_dashboard_msgs/include/ur_dashboard_msgs/srv/detail/load__functions.c
[9.643s] -- Installing: /home/sebas/Documents/galactic_ws/install/ur_dashboard_msgs/include/ur_dashboard_msgs/srv/detail/is_program_saved__struct.h
[9.643s] -- Installing: /home/sebas/Documents/galactic_ws/install/ur_dashboard_msgs/include/ur_dashboard_msgs/srv/detail/raw_request__type_support.h
[9.643s] -- Installing: /home/sebas/Documents/galactic_ws/install/ur_dashboard_msgs/include/ur_dashboard_msgs/srv/detail/get_program_state__functions.c
[9.643s] -- Installing: /home/sebas/Documents/galactic_ws/install/ur_dashboard_msgs/include/ur_dashboard_msgs/srv/detail/is_program_running__type_support.h
[9.643s] -- Installing: /home/sebas/Documents/galactic_ws/install/ur_dashboard_msgs/include/ur_dashboard_msgs/srv/detail/raw_request__functions.c
[9.643s] -- Installing: /home/sebas/Documents/galactic_ws/install/ur_dashboard_msgs/include/ur_dashboard_msgs/srv/detail/load__functions.h
[9.643s] -- Installing: /home/sebas/Documents/galactic_ws/install/ur_dashboard_msgs/include/ur_dashboard_msgs/srv/detail/get_safety_mode__type_support.h
[9.643s] -- Installing: /home/sebas/Documents/galactic_ws/install/ur_dashboard_msgs/include/ur_dashboard_msgs/srv/detail/load__struct.h
[9.643s] -- Installing: /home/sebas/Documents/galactic_ws/install/ur_dashboard_msgs/include/ur_dashboard_msgs/srv/detail/get_safety_mode__functions.c
[9.643s] -- Installing: /home/sebas/Documents/galactic_ws/install/ur_dashboard_msgs/include/ur_dashboard_msgs/srv/detail/get_program_state__type_support.h
[9.643s] -- Installing: /home/sebas/Documents/galactic_ws/install/ur_dashboard_msgs/share/ur_dashboard_msgs/environment/library_path.sh
[9.643s] -- Installing: /home/sebas/Documents/galactic_ws/install/ur_dashboard_msgs/share/ur_dashboard_msgs/environment/library_path.dsv
[9.643s] -- Installing: /home/sebas/Documents/galactic_ws/install/ur_dashboard_msgs/lib/libur_dashboard_msgs__rosidl_generator_c.so
[9.643s] -- Set runtime path of "/home/sebas/Documents/galactic_ws/install/ur_dashboard_msgs/lib/libur_dashboard_msgs__rosidl_generator_c.so" to ""
[9.643s] -- Up-to-date: /home/sebas/Documents/galactic_ws/install/ur_dashboard_msgs/include/ur_dashboard_msgs
[9.643s] -- Up-to-date: /home/sebas/Documents/galactic_ws/install/ur_dashboard_msgs/include/ur_dashboard_msgs/action
[9.644s] -- Up-to-date: /home/sebas/Documents/galactic_ws/install/ur_dashboard_msgs/include/ur_dashboard_msgs/action/detail
[9.644s] -- Installing: /home/sebas/Documents/galactic_ws/install/ur_dashboard_msgs/include/ur_dashboard_msgs/action/detail/set_mode__rosidl_typesupport_fastrtps_c.h
[9.644s] -- Up-to-date: /home/sebas/Documents/galactic_ws/install/ur_dashboard_msgs/include/ur_dashboard_msgs/msg
[9.644s] -- Installing: /home/sebas/Documents/galactic_ws/install/ur_dashboard_msgs/include/ur_dashboard_msgs/msg/rosidl_typesupport_fastrtps_c__visibility_control.h
[9.644s] -- Up-to-date: /home/sebas/Documents/galactic_ws/install/ur_dashboard_msgs/include/ur_dashboard_msgs/msg/detail
[9.644s] -- Installing: /home/sebas/Documents/galactic_ws/install/ur_dashboard_msgs/include/ur_dashboard_msgs/msg/detail/robot_mode__rosidl_typesupport_fastrtps_c.h
[9.644s] -- Installing: /home/sebas/Documents/galactic_ws/install/ur_dashboard_msgs/include/ur_dashboard_msgs/msg/detail/program_state__rosidl_typesupport_fastrtps_c.h
[9.644s] -- Installing: /home/sebas/Documents/galactic_ws/install/ur_dashboard_msgs/include/ur_dashboard_msgs/msg/detail/safety_mode__rosidl_typesupport_fastrtps_c.h
[9.644s] -- Up-to-date: /home/sebas/Documents/galactic_ws/install/ur_dashboard_msgs/include/ur_dashboard_msgs/srv
[9.644s] -- Up-to-date: /home/sebas/Documents/galactic_ws/install/ur_dashboard_msgs/include/ur_dashboard_msgs/srv/detail
[9.644s] -- Installing: /home/sebas/Documents/galactic_ws/install/ur_dashboard_msgs/include/ur_dashboard_msgs/srv/detail/get_safety_mode__rosidl_typesupport_fastrtps_c.h
[9.644s] -- Installing: /home/sebas/Documents/galactic_ws/install/ur_dashboard_msgs/include/ur_dashboard_msgs/srv/detail/get_loaded_program__rosidl_typesupport_fastrtps_c.h
[9.644s] -- Installing: /home/sebas/Documents/galactic_ws/install/ur_dashboard_msgs/include/ur_dashboard_msgs/srv/detail/is_program_running__rosidl_typesupport_fastrtps_c.h
[9.644s] -- Installing: /home/sebas/Documents/galactic_ws/install/ur_dashboard_msgs/include/ur_dashboard_msgs/srv/detail/get_robot_mode__rosidl_typesupport_fastrtps_c.h
[9.644s] -- Installing: /home/sebas/Documents/galactic_ws/install/ur_dashboard_msgs/include/ur_dashboard_msgs/srv/detail/raw_request__rosidl_typesupport_fastrtps_c.h
[9.644s] -- Installing: /home/sebas/Documents/galactic_ws/install/ur_dashboard_msgs/include/ur_dashboard_msgs/srv/detail/popup__rosidl_typesupport_fastrtps_c.h
[9.645s] -- Installing: /home/sebas/Documents/galactic_ws/install/ur_dashboard_msgs/include/ur_dashboard_msgs/srv/detail/is_program_saved__rosidl_typesupport_fastrtps_c.h
[9.645s] -- Installing: /home/sebas/Documents/galactic_ws/install/ur_dashboard_msgs/include/ur_dashboard_msgs/srv/detail/load__rosidl_typesupport_fastrtps_c.h
[9.645s] -- Installing: /home/sebas/Documents/galactic_ws/install/ur_dashboard_msgs/include/ur_dashboard_msgs/srv/detail/get_program_state__rosidl_typesupport_fastrtps_c.h
[9.645s] -- Installing: /home/sebas/Documents/galactic_ws/install/ur_dashboard_msgs/include/ur_dashboard_msgs/srv/detail/add_to_log__rosidl_typesupport_fastrtps_c.h
[9.645s] -- Installing: /home/sebas/Documents/galactic_ws/install/ur_dashboard_msgs/lib/libur_dashboard_msgs__rosidl_typesupport_fastrtps_c.so
[9.645s] -- Set runtime path of "/home/sebas/Documents/galactic_ws/install/ur_dashboard_msgs/lib/libur_dashboard_msgs__rosidl_typesupport_fastrtps_c.so" to ""
[9.645s] -- Up-to-date: /home/sebas/Documents/galactic_ws/install/ur_dashboard_msgs/include/ur_dashboard_msgs
[9.645s] -- Up-to-date: /home/sebas/Documents/galactic_ws/install/ur_dashboard_msgs/include/ur_dashboard_msgs/action
[9.645s] -- Up-to-date: /home/sebas/Documents/galactic_ws/install/ur_dashboard_msgs/include/ur_dashboard_msgs/action/detail
[9.645s] -- Installing: /home/sebas/Documents/galactic_ws/install/ur_dashboard_msgs/include/ur_dashboard_msgs/action/detail/set_mode__rosidl_typesupport_fastrtps_cpp.hpp
[9.645s] -- Installing: /home/sebas/Documents/galactic_ws/install/ur_dashboard_msgs/include/ur_dashboard_msgs/action/detail/dds_fastrtps
[9.645s] -- Up-to-date: /home/sebas/Documents/galactic_ws/install/ur_dashboard_msgs/include/ur_dashboard_msgs/msg
[9.645s] -- Installing: /home/sebas/Documents/galactic_ws/install/ur_dashboard_msgs/include/ur_dashboard_msgs/msg/rosidl_typesupport_fastrtps_cpp__visibility_control.h
[9.645s] -- Up-to-date: /home/sebas/Documents/galactic_ws/install/ur_dashboard_msgs/include/ur_dashboard_msgs/msg/detail
[9.645s] -- Installing: /home/sebas/Documents/galactic_ws/install/ur_dashboard_msgs/include/ur_dashboard_msgs/msg/detail/safety_mode__rosidl_typesupport_fastrtps_cpp.hpp
[9.645s] -- Installing: /home/sebas/Documents/galactic_ws/install/ur_dashboard_msgs/include/ur_dashboard_msgs/msg/detail/robot_mode__rosidl_typesupport_fastrtps_cpp.hpp
[9.646s] -- Installing: /home/sebas/Documents/galactic_ws/install/ur_dashboard_msgs/include/ur_dashboard_msgs/msg/detail/dds_fastrtps
[9.646s] -- Installing: /home/sebas/Documents/galactic_ws/install/ur_dashboard_msgs/include/ur_dashboard_msgs/msg/detail/program_state__rosidl_typesupport_fastrtps_cpp.hpp
[9.646s] -- Up-to-date: /home/sebas/Documents/galactic_ws/install/ur_dashboard_msgs/include/ur_dashboard_msgs/srv
[9.646s] -- Up-to-date: /home/sebas/Documents/galactic_ws/install/ur_dashboard_msgs/include/ur_dashboard_msgs/srv/detail
[9.646s] -- Installing: /home/sebas/Documents/galactic_ws/install/ur_dashboard_msgs/include/ur_dashboard_msgs/srv/detail/is_program_saved__rosidl_typesupport_fastrtps_cpp.hpp
[9.646s] -- Installing: /home/sebas/Documents/galactic_ws/install/ur_dashboard_msgs/include/ur_dashboard_msgs/srv/detail/get_loaded_program__rosidl_typesupport_fastrtps_cpp.hpp
[9.646s] -- Installing: /home/sebas/Documents/galactic_ws/install/ur_dashboard_msgs/include/ur_dashboard_msgs/srv/detail/get_robot_mode__rosidl_typesupport_fastrtps_cpp.hpp
[9.646s] -- Installing: /home/sebas/Documents/galactic_ws/install/ur_dashboard_msgs/include/ur_dashboard_msgs/srv/detail/add_to_log__rosidl_typesupport_fastrtps_cpp.hpp
[9.646s] -- Installing: /home/sebas/Documents/galactic_ws/install/ur_dashboard_msgs/include/ur_dashboard_msgs/srv/detail/get_safety_mode__rosidl_typesupport_fastrtps_cpp.hpp
[9.646s] -- Installing: /home/sebas/Documents/galactic_ws/install/ur_dashboard_msgs/include/ur_dashboard_msgs/srv/detail/load__rosidl_typesupport_fastrtps_cpp.hpp
[9.646s] -- Installing: /home/sebas/Documents/galactic_ws/install/ur_dashboard_msgs/include/ur_dashboard_msgs/srv/detail/get_program_state__rosidl_typesupport_fastrtps_cpp.hpp
[9.646s] -- Installing: /home/sebas/Documents/galactic_ws/install/ur_dashboard_msgs/include/ur_dashboard_msgs/srv/detail/popup__rosidl_typesupport_fastrtps_cpp.hpp
[9.646s] -- Installing: /home/sebas/Documents/galactic_ws/install/ur_dashboard_msgs/include/ur_dashboard_msgs/srv/detail/is_program_running__rosidl_typesupport_fastrtps_cpp.hpp
[9.646s] -- Installing: /home/sebas/Documents/galactic_ws/install/ur_dashboard_msgs/include/ur_dashboard_msgs/srv/detail/raw_request__rosidl_typesupport_fastrtps_cpp.hpp
[9.646s] -- Installing: /home/sebas/Documents/galactic_ws/install/ur_dashboard_msgs/include/ur_dashboard_msgs/srv/detail/dds_fastrtps
[9.647s] -- Installing: /home/sebas/Documents/galactic_ws/install/ur_dashboard_msgs/lib/libur_dashboard_msgs__rosidl_typesupport_fastrtps_cpp.so
[9.647s] -- Set runtime path of "/home/sebas/Documents/galactic_ws/install/ur_dashboard_msgs/lib/libur_dashboard_msgs__rosidl_typesupport_fastrtps_cpp.so" to ""
[9.647s] -- Up-to-date: /home/sebas/Documents/galactic_ws/install/ur_dashboard_msgs/include/ur_dashboard_msgs
[9.647s] -- Up-to-date: /home/sebas/Documents/galactic_ws/install/ur_dashboard_msgs/include/ur_dashboard_msgs/action
[9.647s] -- Up-to-date: /home/sebas/Documents/galactic_ws/install/ur_dashboard_msgs/include/ur_dashboard_msgs/action/detail
[9.647s] -- Installing: /home/sebas/Documents/galactic_ws/install/ur_dashboard_msgs/include/ur_dashboard_msgs/action/detail/set_mode__rosidl_typesupport_introspection_c.h
[9.647s] -- Installing: /home/sebas/Documents/galactic_ws/install/ur_dashboard_msgs/include/ur_dashboard_msgs/action/detail/set_mode__type_support.c
[9.647s] -- Up-to-date: /home/sebas/Documents/galactic_ws/install/ur_dashboard_msgs/include/ur_dashboard_msgs/msg
[9.647s] -- Installing: /home/sebas/Documents/galactic_ws/install/ur_dashboard_msgs/include/ur_dashboard_msgs/msg/rosidl_typesupport_introspection_c__visibility_control.h
[9.647s] -- Up-to-date: /home/sebas/Documents/galactic_ws/install/ur_dashboard_msgs/include/ur_dashboard_msgs/msg/detail
[9.647s] -- Installing: /home/sebas/Documents/galactic_ws/install/ur_dashboard_msgs/include/ur_dashboard_msgs/msg/detail/program_state__type_support.c
[9.647s] -- Installing: /home/sebas/Documents/galactic_ws/install/ur_dashboard_msgs/include/ur_dashboard_msgs/msg/detail/robot_mode__type_support.c
[9.647s] -- Installing: /home/sebas/Documents/galactic_ws/install/ur_dashboard_msgs/include/ur_dashboard_msgs/msg/detail/robot_mode__rosidl_typesupport_introspection_c.h
[9.647s] -- Installing: /home/sebas/Documents/galactic_ws/install/ur_dashboard_msgs/include/ur_dashboard_msgs/msg/detail/safety_mode__type_support.c
[9.647s] -- Installing: /home/sebas/Documents/galactic_ws/install/ur_dashboard_msgs/include/ur_dashboard_msgs/msg/detail/safety_mode__rosidl_typesupport_introspection_c.h
[9.647s] -- Installing: /home/sebas/Documents/galactic_ws/install/ur_dashboard_msgs/include/ur_dashboard_msgs/msg/detail/program_state__rosidl_typesupport_introspection_c.h
[9.647s] -- Up-to-date: /home/sebas/Documents/galactic_ws/install/ur_dashboard_msgs/include/ur_dashboard_msgs/srv
[9.647s] -- Up-to-date: /home/sebas/Documents/galactic_ws/install/ur_dashboard_msgs/include/ur_dashboard_msgs/srv/detail
[9.647s] -- Installing: /home/sebas/Documents/galactic_ws/install/ur_dashboard_msgs/include/ur_dashboard_msgs/srv/detail/is_program_running__type_support.c
[9.647s] -- Installing: /home/sebas/Documents/galactic_ws/install/ur_dashboard_msgs/include/ur_dashboard_msgs/srv/detail/add_to_log__type_support.c
[9.647s] -- Installing: /home/sebas/Documents/galactic_ws/install/ur_dashboard_msgs/include/ur_dashboard_msgs/srv/detail/get_safety_mode__rosidl_typesupport_introspection_c.h
[9.648s] -- Installing: /home/sebas/Documents/galactic_ws/install/ur_dashboard_msgs/include/ur_dashboard_msgs/srv/detail/load__rosidl_typesupport_introspection_c.h
[9.648s] -- Installing: /home/sebas/Documents/galactic_ws/install/ur_dashboard_msgs/include/ur_dashboard_msgs/srv/detail/get_loaded_program__type_support.c
[9.648s] -- Installing: /home/sebas/Documents/galactic_ws/install/ur_dashboard_msgs/include/ur_dashboard_msgs/srv/detail/get_program_state__type_support.c
[9.648s] -- Installing: /home/sebas/Documents/galactic_ws/install/ur_dashboard_msgs/include/ur_dashboard_msgs/srv/detail/load__type_support.c
[9.648s] -- Installing: /home/sebas/Documents/galactic_ws/install/ur_dashboard_msgs/include/ur_dashboard_msgs/srv/detail/raw_request__rosidl_typesupport_introspection_c.h
[9.648s] -- Installing: /home/sebas/Documents/galactic_ws/install/ur_dashboard_msgs/include/ur_dashboard_msgs/srv/detail/popup__type_support.c
[9.648s] -- Installing: /home/sebas/Documents/galactic_ws/install/ur_dashboard_msgs/include/ur_dashboard_msgs/srv/detail/popup__rosidl_typesupport_introspection_c.h
[9.648s] -- Installing: /home/sebas/Documents/galactic_ws/install/ur_dashboard_msgs/include/ur_dashboard_msgs/srv/detail/raw_request__type_support.c
[9.648s] -- Installing: /home/sebas/Documents/galactic_ws/install/ur_dashboard_msgs/include/ur_dashboard_msgs/srv/detail/add_to_log__rosidl_typesupport_introspection_c.h
[9.648s] -- Installing: /home/sebas/Documents/galactic_ws/install/ur_dashboard_msgs/include/ur_dashboard_msgs/srv/detail/get_program_state__rosidl_typesupport_introspection_c.h
[9.648s] -- Installing: /home/sebas/Documents/galactic_ws/install/ur_dashboard_msgs/include/ur_dashboard_msgs/srv/detail/is_program_running__rosidl_typesupport_introspection_c.h
[9.648s] -- Installing: /home/sebas/Documents/galactic_ws/install/ur_dashboard_msgs/include/ur_dashboard_msgs/srv/detail/is_program_saved__rosidl_typesupport_introspection_c.h
[9.648s] -- Installing: /home/sebas/Documents/galactic_ws/install/ur_dashboard_msgs/include/ur_dashboard_msgs/srv/detail/get_robot_mode__type_support.c
[9.648s] -- Installing: /home/sebas/Documents/galactic_ws/install/ur_dashboard_msgs/include/ur_dashboard_msgs/srv/detail/get_safety_mode__type_support.c
[9.648s] -- Installing: /home/sebas/Documents/galactic_ws/install/ur_dashboard_msgs/include/ur_dashboard_msgs/srv/detail/get_loaded_program__rosidl_typesupport_introspection_c.h
[9.648s] -- Installing: /home/sebas/Documents/galactic_ws/install/ur_dashboard_msgs/include/ur_dashboard_msgs/srv/detail/get_robot_mode__rosidl_typesupport_introspection_c.h
[9.648s] -- Installing: /home/sebas/Documents/galactic_ws/install/ur_dashboard_msgs/include/ur_dashboard_msgs/srv/detail/is_program_saved__type_support.c
[9.648s] -- Installing: /home/sebas/Documents/galactic_ws/install/ur_dashboard_msgs/lib/libur_dashboard_msgs__rosidl_typesupport_introspection_c.so
[9.649s] -- Set runtime path of "/home/sebas/Documents/galactic_ws/install/ur_dashboard_msgs/lib/libur_dashboard_msgs__rosidl_typesupport_introspection_c.so" to ""
[9.649s] -- Installing: /home/sebas/Documents/galactic_ws/install/ur_dashboard_msgs/lib/libur_dashboard_msgs__rosidl_typesupport_c.so
[9.649s] -- Set runtime path of "/home/sebas/Documents/galactic_ws/install/ur_dashboard_msgs/lib/libur_dashboard_msgs__rosidl_typesupport_c.so" to ""
[9.649s] -- Up-to-date: /home/sebas/Documents/galactic_ws/install/ur_dashboard_msgs/include/ur_dashboard_msgs
[9.649s] -- Up-to-date: /home/sebas/Documents/galactic_ws/install/ur_dashboard_msgs/include/ur_dashboard_msgs/action
[9.649s] -- Installing: /home/sebas/Documents/galactic_ws/install/ur_dashboard_msgs/include/ur_dashboard_msgs/action/set_mode.hpp
[9.649s] -- Up-to-date: /home/sebas/Documents/galactic_ws/install/ur_dashboard_msgs/include/ur_dashboard_msgs/action/detail
[9.649s] -- Installing: /home/sebas/Documents/galactic_ws/install/ur_dashboard_msgs/include/ur_dashboard_msgs/action/detail/set_mode__traits.hpp
[9.649s] -- Installing: /home/sebas/Documents/galactic_ws/install/ur_dashboard_msgs/include/ur_dashboard_msgs/action/detail/set_mode__builder.hpp
[9.649s] -- Installing: /home/sebas/Documents/galactic_ws/install/ur_dashboard_msgs/include/ur_dashboard_msgs/action/detail/set_mode__struct.hpp
[9.649s] -- Up-to-date: /home/sebas/Documents/galactic_ws/install/ur_dashboard_msgs/include/ur_dashboard_msgs/msg
[9.649s] -- Installing: /home/sebas/Documents/galactic_ws/install/ur_dashboard_msgs/include/ur_dashboard_msgs/msg/program_state.hpp
[9.649s] -- Installing: /home/sebas/Documents/galactic_ws/install/ur_dashboard_msgs/include/ur_dashboard_msgs/msg/robot_mode.hpp
[9.649s] -- Installing: /home/sebas/Documents/galactic_ws/install/ur_dashboard_msgs/include/ur_dashboard_msgs/msg/safety_mode.hpp
[9.649s] -- Up-to-date: /home/sebas/Documents/galactic_ws/install/ur_dashboard_msgs/include/ur_dashboard_msgs/msg/detail
[9.649s] -- Installing: /home/sebas/Documents/galactic_ws/install/ur_dashboard_msgs/include/ur_dashboard_msgs/msg/detail/safety_mode__struct.hpp
[9.649s] -- Installing: /home/sebas/Documents/galactic_ws/install/ur_dashboard_msgs/include/ur_dashboard_msgs/msg/detail/safety_mode__traits.hpp
[9.649s] -- Installing: /home/sebas/Documents/galactic_ws/install/ur_dashboard_msgs/include/ur_dashboard_msgs/msg/detail/robot_mode__builder.hpp
[9.650s] -- Installing: /home/sebas/Documents/galactic_ws/install/ur_dashboard_msgs/include/ur_dashboard_msgs/msg/detail/program_state__traits.hpp
[9.650s] -- Installing: /home/sebas/Documents/galactic_ws/install/ur_dashboard_msgs/include/ur_dashboard_msgs/msg/detail/program_state__builder.hpp
[9.650s] -- Installing: /home/sebas/Documents/galactic_ws/install/ur_dashboard_msgs/include/ur_dashboard_msgs/msg/detail/robot_mode__struct.hpp
[9.650s] -- Installing: /home/sebas/Documents/galactic_ws/install/ur_dashboard_msgs/include/ur_dashboard_msgs/msg/detail/program_state__struct.hpp
[9.650s] -- Installing: /home/sebas/Documents/galactic_ws/install/ur_dashboard_msgs/include/ur_dashboard_msgs/msg/detail/safety_mode__builder.hpp
[9.650s] -- Installing: /home/sebas/Documents/galactic_ws/install/ur_dashboard_msgs/include/ur_dashboard_msgs/msg/detail/robot_mode__traits.hpp
[9.650s] -- Up-to-date: /home/sebas/Documents/galactic_ws/install/ur_dashboard_msgs/include/ur_dashboard_msgs/srv
[9.650s] -- Installing: /home/sebas/Documents/galactic_ws/install/ur_dashboard_msgs/include/ur_dashboard_msgs/srv/add_to_log.hpp
[9.650s] -- Installing: /home/sebas/Documents/galactic_ws/install/ur_dashboard_msgs/include/ur_dashboard_msgs/srv/is_program_saved.hpp
[9.650s] -- Installing: /home/sebas/Documents/galactic_ws/install/ur_dashboard_msgs/include/ur_dashboard_msgs/srv/get_loaded_program.hpp
[9.650s] -- Installing: /home/sebas/Documents/galactic_ws/install/ur_dashboard_msgs/include/ur_dashboard_msgs/srv/load.hpp
[9.650s] -- Installing: /home/sebas/Documents/galactic_ws/install/ur_dashboard_msgs/include/ur_dashboard_msgs/srv/popup.hpp
[9.650s] -- Installing: /home/sebas/Documents/galactic_ws/install/ur_dashboard_msgs/include/ur_dashboard_msgs/srv/raw_request.hpp
[9.650s] -- Installing: /home/sebas/Documents/galactic_ws/install/ur_dashboard_msgs/include/ur_dashboard_msgs/srv/get_safety_mode.hpp
[9.650s] -- Installing: /home/sebas/Documents/galactic_ws/install/ur_dashboard_msgs/include/ur_dashboard_msgs/srv/get_robot_mode.hpp
[9.650s] -- Installing: /home/sebas/Documents/galactic_ws/install/ur_dashboard_msgs/include/ur_dashboard_msgs/srv/is_program_running.hpp
[9.650s] -- Installing: /home/sebas/Documents/galactic_ws/install/ur_dashboard_msgs/include/ur_dashboard_msgs/srv/get_program_state.hpp
[9.650s] -- Up-to-date: /home/sebas/Documents/galactic_ws/install/ur_dashboard_msgs/include/ur_dashboard_msgs/srv/detail
[9.651s] -- Installing: /home/sebas/Documents/galactic_ws/install/ur_dashboard_msgs/include/ur_dashboard_msgs/srv/detail/get_robot_mode__traits.hpp
[9.651s] -- Installing: /home/sebas/Documents/galactic_ws/install/ur_dashboard_msgs/include/ur_dashboard_msgs/srv/detail/popup__traits.hpp
[9.651s] -- Installing: /home/sebas/Documents/galactic_ws/install/ur_dashboard_msgs/include/ur_dashboard_msgs/srv/detail/add_to_log__struct.hpp
[9.651s] -- Installing: /home/sebas/Documents/galactic_ws/install/ur_dashboard_msgs/include/ur_dashboard_msgs/srv/detail/is_program_running__builder.hpp
[9.651s] -- Installing: /home/sebas/Documents/galactic_ws/install/ur_dashboard_msgs/include/ur_dashboard_msgs/srv/detail/is_program_saved__traits.hpp
[9.651s] -- Installing: /home/sebas/Documents/galactic_ws/install/ur_dashboard_msgs/include/ur_dashboard_msgs/srv/detail/get_robot_mode__builder.hpp
[9.651s] -- Installing: /home/sebas/Documents/galactic_ws/install/ur_dashboard_msgs/include/ur_dashboard_msgs/srv/detail/raw_request__traits.hpp
[9.651s] -- Installing: /home/sebas/Documents/galactic_ws/install/ur_dashboard_msgs/include/ur_dashboard_msgs/srv/detail/raw_request__struct.hpp
[9.651s] -- Installing: /home/sebas/Documents/galactic_ws/install/ur_dashboard_msgs/include/ur_dashboard_msgs/srv/detail/popup__struct.hpp
[9.651s] -- Installing: /home/sebas/Documents/galactic_ws/install/ur_dashboard_msgs/include/ur_dashboard_msgs/srv/detail/get_loaded_program__builder.hpp
[9.651s] -- Installing: /home/sebas/Documents/galactic_ws/install/ur_dashboard_msgs/include/ur_dashboard_msgs/srv/detail/get_loaded_program__struct.hpp
[9.651s] -- Installing: /home/sebas/Documents/galactic_ws/install/ur_dashboard_msgs/include/ur_dashboard_msgs/srv/detail/raw_request__builder.hpp
[9.651s] -- Installing: /home/sebas/Documents/galactic_ws/install/ur_dashboard_msgs/include/ur_dashboard_msgs/srv/detail/get_program_state__traits.hpp
[9.651s] -- Installing: /home/sebas/Documents/galactic_ws/install/ur_dashboard_msgs/include/ur_dashboard_msgs/srv/detail/is_program_saved__builder.hpp
[9.651s] -- Installing: /home/sebas/Documents/galactic_ws/install/ur_dashboard_msgs/include/ur_dashboard_msgs/srv/detail/get_safety_mode__builder.hpp
[9.651s] -- Installing: /home/sebas/Documents/galactic_ws/install/ur_dashboard_msgs/include/ur_dashboard_msgs/srv/detail/is_program_running__struct.hpp
[9.651s] -- Installing: /home/sebas/Documents/galactic_ws/install/ur_dashboard_msgs/include/ur_dashboard_msgs/srv/detail/get_safety_mode__traits.hpp
[9.651s] -- Installing: /home/sebas/Documents/galactic_ws/install/ur_dashboard_msgs/include/ur_dashboard_msgs/srv/detail/load__builder.hpp
[9.652s] -- Installing: /home/sebas/Documents/galactic_ws/install/ur_dashboard_msgs/include/ur_dashboard_msgs/srv/detail/get_loaded_program__traits.hpp
[9.652s] -- Installing: /home/sebas/Documents/galactic_ws/install/ur_dashboard_msgs/include/ur_dashboard_msgs/srv/detail/is_program_running__traits.hpp
[9.652s] -- Installing: /home/sebas/Documents/galactic_ws/install/ur_dashboard_msgs/include/ur_dashboard_msgs/srv/detail/load__struct.hpp
[9.652s] -- Installing: /home/sebas/Documents/galactic_ws/install/ur_dashboard_msgs/include/ur_dashboard_msgs/srv/detail/get_program_state__builder.hpp
[9.652s] -- Installing: /home/sebas/Documents/galactic_ws/install/ur_dashboard_msgs/include/ur_dashboard_msgs/srv/detail/get_robot_mode__struct.hpp
[9.652s] -- Installing: /home/sebas/Documents/galactic_ws/install/ur_dashboard_msgs/include/ur_dashboard_msgs/srv/detail/get_program_state__struct.hpp
[9.652s] -- Installing: /home/sebas/Documents/galactic_ws/install/ur_dashboard_msgs/include/ur_dashboard_msgs/srv/detail/is_program_saved__struct.hpp
[9.652s] -- Installing: /home/sebas/Documents/galactic_ws/install/ur_dashboard_msgs/include/ur_dashboard_msgs/srv/detail/add_to_log__traits.hpp
[9.652s] -- Installing: /home/sebas/Documents/galactic_ws/install/ur_dashboard_msgs/include/ur_dashboard_msgs/srv/detail/load__traits.hpp
[9.652s] -- Installing: /home/sebas/Documents/galactic_ws/install/ur_dashboard_msgs/include/ur_dashboard_msgs/srv/detail/get_safety_mode__struct.hpp
[9.652s] -- Installing: /home/sebas/Documents/galactic_ws/install/ur_dashboard_msgs/include/ur_dashboard_msgs/srv/detail/add_to_log__builder.hpp
[9.652s] -- Installing: /home/sebas/Documents/galactic_ws/install/ur_dashboard_msgs/include/ur_dashboard_msgs/srv/detail/popup__builder.hpp
[9.652s] -- Up-to-date: /home/sebas/Documents/galactic_ws/install/ur_dashboard_msgs/include/ur_dashboard_msgs
[9.652s] -- Up-to-date: /home/sebas/Documents/galactic_ws/install/ur_dashboard_msgs/include/ur_dashboard_msgs/action
[9.652s] -- Up-to-date: /home/sebas/Documents/galactic_ws/install/ur_dashboard_msgs/include/ur_dashboard_msgs/action/detail
[9.652s] -- Installing: /home/sebas/Documents/galactic_ws/install/ur_dashboard_msgs/include/ur_dashboard_msgs/action/detail/set_mode__type_support.cpp
[9.652s] -- Installing: /home/sebas/Documents/galactic_ws/install/ur_dashboard_msgs/include/ur_dashboard_msgs/action/detail/set_mode__rosidl_typesupport_introspection_cpp.hpp
[9.652s] -- Up-to-date: /home/sebas/Documents/galactic_ws/install/ur_dashboard_msgs/include/ur_dashboard_msgs/msg
[9.652s] -- Up-to-date: /home/sebas/Documents/galactic_ws/install/ur_dashboard_msgs/include/ur_dashboard_msgs/msg/detail
[9.652s] -- Installing: /home/sebas/Documents/galactic_ws/install/ur_dashboard_msgs/include/ur_dashboard_msgs/msg/detail/safety_mode__type_support.cpp
[9.652s] -- Installing: /home/sebas/Documents/galactic_ws/install/ur_dashboard_msgs/include/ur_dashboard_msgs/msg/detail/robot_mode__type_support.cpp
[9.653s] -- Installing: /home/sebas/Documents/galactic_ws/install/ur_dashboard_msgs/include/ur_dashboard_msgs/msg/detail/program_state__type_support.cpp
[9.653s] -- Installing: /home/sebas/Documents/galactic_ws/install/ur_dashboard_msgs/include/ur_dashboard_msgs/msg/detail/safety_mode__rosidl_typesupport_introspection_cpp.hpp
[9.653s] -- Installing: /home/sebas/Documents/galactic_ws/install/ur_dashboard_msgs/include/ur_dashboard_msgs/msg/detail/robot_mode__rosidl_typesupport_introspection_cpp.hpp
[9.653s] -- Installing: /home/sebas/Documents/galactic_ws/install/ur_dashboard_msgs/include/ur_dashboard_msgs/msg/detail/program_state__rosidl_typesupport_introspection_cpp.hpp
[9.653s] -- Up-to-date: /home/sebas/Documents/galactic_ws/install/ur_dashboard_msgs/include/ur_dashboard_msgs/srv
[9.653s] -- Up-to-date: /home/sebas/Documents/galactic_ws/install/ur_dashboard_msgs/include/ur_dashboard_msgs/srv/detail
[9.653s] -- Installing: /home/sebas/Documents/galactic_ws/install/ur_dashboard_msgs/include/ur_dashboard_msgs/srv/detail/get_loaded_program__rosidl_typesupport_introspection_cpp.hpp
[9.653s] -- Installing: /home/sebas/Documents/galactic_ws/install/ur_dashboard_msgs/include/ur_dashboard_msgs/srv/detail/load__type_support.cpp
[9.653s] -- Installing: /home/sebas/Documents/galactic_ws/install/ur_dashboard_msgs/include/ur_dashboard_msgs/srv/detail/is_program_running__type_support.cpp
[9.653s] -- Installing: /home/sebas/Documents/galactic_ws/install/ur_dashboard_msgs/include/ur_dashboard_msgs/srv/detail/get_robot_mode__rosidl_typesupport_introspection_cpp.hpp
[9.653s] -- Installing: /home/sebas/Documents/galactic_ws/install/ur_dashboard_msgs/include/ur_dashboard_msgs/srv/detail/get_robot_mode__type_support.cpp
[9.653s] -- Installing: /home/sebas/Documents/galactic_ws/install/ur_dashboard_msgs/include/ur_dashboard_msgs/srv/detail/is_program_saved__rosidl_typesupport_introspection_cpp.hpp
[9.653s] -- Installing: /home/sebas/Documents/galactic_ws/install/ur_dashboard_msgs/include/ur_dashboard_msgs/srv/detail/raw_request__rosidl_typesupport_introspection_cpp.hpp
[9.653s] -- Installing: /home/sebas/Documents/galactic_ws/install/ur_dashboard_msgs/include/ur_dashboard_msgs/srv/detail/add_to_log__rosidl_typesupport_introspection_cpp.hpp
[9.653s] -- Installing: /home/sebas/Documents/galactic_ws/install/ur_dashboard_msgs/include/ur_dashboard_msgs/srv/detail/is_program_running__rosidl_typesupport_introspection_cpp.hpp
[9.653s] -- Installing: /home/sebas/Documents/galactic_ws/install/ur_dashboard_msgs/include/ur_dashboard_msgs/srv/detail/raw_request__type_support.cpp
[9.653s] -- Installing: /home/sebas/Documents/galactic_ws/install/ur_dashboard_msgs/include/ur_dashboard_msgs/srv/detail/is_program_saved__type_support.cpp
[9.653s] -- Installing: /home/sebas/Documents/galactic_ws/install/ur_dashboard_msgs/include/ur_dashboard_msgs/srv/detail/get_loaded_program__type_support.cpp
[9.653s] -- Installing: /home/sebas/Documents/galactic_ws/install/ur_dashboard_msgs/include/ur_dashboard_msgs/srv/detail/popup__type_support.cpp
[9.653s] -- Installing: /home/sebas/Documents/galactic_ws/install/ur_dashboard_msgs/include/ur_dashboard_msgs/srv/detail/popup__rosidl_typesupport_introspection_cpp.hpp
[9.653s] -- Installing: /home/sebas/Documents/galactic_ws/install/ur_dashboard_msgs/include/ur_dashboard_msgs/srv/detail/add_to_log__type_support.cpp
[9.654s] -- Installing: /home/sebas/Documents/galactic_ws/install/ur_dashboard_msgs/include/ur_dashboard_msgs/srv/detail/get_program_state__type_support.cpp
[9.654s] -- Installing: /home/sebas/Documents/galactic_ws/install/ur_dashboard_msgs/include/ur_dashboard_msgs/srv/detail/load__rosidl_typesupport_introspection_cpp.hpp
[9.654s] -- Installing: /home/sebas/Documents/galactic_ws/install/ur_dashboard_msgs/include/ur_dashboard_msgs/srv/detail/get_program_state__rosidl_typesupport_introspection_cpp.hpp
[9.654s] -- Installing: /home/sebas/Documents/galactic_ws/install/ur_dashboard_msgs/include/ur_dashboard_msgs/srv/detail/get_safety_mode__type_support.cpp
[9.654s] -- Installing: /home/sebas/Documents/galactic_ws/install/ur_dashboard_msgs/include/ur_dashboard_msgs/srv/detail/get_safety_mode__rosidl_typesupport_introspection_cpp.hpp
[9.654s] -- Installing: /home/sebas/Documents/galactic_ws/install/ur_dashboard_msgs/lib/libur_dashboard_msgs__rosidl_typesupport_introspection_cpp.so
[9.654s] -- Set runtime path of "/home/sebas/Documents/galactic_ws/install/ur_dashboard_msgs/lib/libur_dashboard_msgs__rosidl_typesupport_introspection_cpp.so" to ""
[9.654s] -- Installing: /home/sebas/Documents/galactic_ws/install/ur_dashboard_msgs/lib/libur_dashboard_msgs__rosidl_typesupport_cpp.so
[9.654s] -- Set runtime path of "/home/sebas/Documents/galactic_ws/install/ur_dashboard_msgs/lib/libur_dashboard_msgs__rosidl_typesupport_cpp.so" to ""
[9.654s] -- Installing: /home/sebas/Documents/galactic_ws/install/ur_dashboard_msgs/share/ur_dashboard_msgs/environment/pythonpath.sh
[9.654s] -- Installing: /home/sebas/Documents/galactic_ws/install/ur_dashboard_msgs/share/ur_dashboard_msgs/environment/pythonpath.dsv
[9.654s] -- Installing: /home/sebas/Documents/galactic_ws/install/ur_dashboard_msgs/lib/python3.8/site-packages/ur_dashboard_msgs/__init__.py
[9.675s] Compiling '/home/sebas/Documents/galactic_ws/install/ur_dashboard_msgs/lib/python3.8/site-packages/ur_dashboard_msgs/__init__.py'...
[9.679s] -- Installing: /home/sebas/Documents/galactic_ws/install/ur_dashboard_msgs/lib/python3.8/site-packages/ur_dashboard_msgs/msg
[9.679s] -- Installing: /home/sebas/Documents/galactic_ws/install/ur_dashboard_msgs/lib/python3.8/site-packages/ur_dashboard_msgs/msg/_program_state.py
[9.679s] -- Installing: /home/sebas/Documents/galactic_ws/install/ur_dashboard_msgs/lib/python3.8/site-packages/ur_dashboard_msgs/msg/__init__.py
[9.679s] -- Installing: /home/sebas/Documents/galactic_ws/install/ur_dashboard_msgs/lib/python3.8/site-packages/ur_dashboard_msgs/msg/_robot_mode_s.c
[9.679s] -- Installing: /home/sebas/Documents/galactic_ws/install/ur_dashboard_msgs/lib/python3.8/site-packages/ur_dashboard_msgs/msg/_safety_mode_s.c
[9.679s] -- Installing: /home/sebas/Documents/galactic_ws/install/ur_dashboard_msgs/lib/python3.8/site-packages/ur_dashboard_msgs/msg/_program_state_s.c
[9.679s] -- Installing: /home/sebas/Documents/galactic_ws/install/ur_dashboard_msgs/lib/python3.8/site-packages/ur_dashboard_msgs/msg/_robot_mode.py
[9.679s] -- Installing: /home/sebas/Documents/galactic_ws/install/ur_dashboard_msgs/lib/python3.8/site-packages/ur_dashboard_msgs/msg/_safety_mode.py
[9.679s] -- Installing: /home/sebas/Documents/galactic_ws/install/ur_dashboard_msgs/lib/python3.8/site-packages/ur_dashboard_msgs/srv
[9.679s] -- Installing: /home/sebas/Documents/galactic_ws/install/ur_dashboard_msgs/lib/python3.8/site-packages/ur_dashboard_msgs/srv/_get_safety_mode.py
[9.679s] -- Installing: /home/sebas/Documents/galactic_ws/install/ur_dashboard_msgs/lib/python3.8/site-packages/ur_dashboard_msgs/srv/_get_robot_mode_s.c
[9.679s] -- Installing: /home/sebas/Documents/galactic_ws/install/ur_dashboard_msgs/lib/python3.8/site-packages/ur_dashboard_msgs/srv/_is_program_running.py
[9.680s] -- Installing: /home/sebas/Documents/galactic_ws/install/ur_dashboard_msgs/lib/python3.8/site-packages/ur_dashboard_msgs/srv/_add_to_log.py
[9.680s] -- Installing: /home/sebas/Documents/galactic_ws/install/ur_dashboard_msgs/lib/python3.8/site-packages/ur_dashboard_msgs/srv/_load.py
[9.680s] -- Installing: /home/sebas/Documents/galactic_ws/install/ur_dashboard_msgs/lib/python3.8/site-packages/ur_dashboard_msgs/srv/_get_program_state_s.c
[9.680s] -- Installing: /home/sebas/Documents/galactic_ws/install/ur_dashboard_msgs/lib/python3.8/site-packages/ur_dashboard_msgs/srv/__init__.py
[9.680s] -- Installing: /home/sebas/Documents/galactic_ws/install/ur_dashboard_msgs/lib/python3.8/site-packages/ur_dashboard_msgs/srv/_is_program_saved_s.c
[9.680s] -- Installing: /home/sebas/Documents/galactic_ws/install/ur_dashboard_msgs/lib/python3.8/site-packages/ur_dashboard_msgs/srv/_get_robot_mode.py
[9.680s] -- Installing: /home/sebas/Documents/galactic_ws/install/ur_dashboard_msgs/lib/python3.8/site-packages/ur_dashboard_msgs/srv/_is_program_saved.py
[9.680s] -- Installing: /home/sebas/Documents/galactic_ws/install/ur_dashboard_msgs/lib/python3.8/site-packages/ur_dashboard_msgs/srv/_popup_s.c
[9.680s] -- Installing: /home/sebas/Documents/galactic_ws/install/ur_dashboard_msgs/lib/python3.8/site-packages/ur_dashboard_msgs/srv/_add_to_log_s.c
[9.680s] -- Installing: /home/sebas/Documents/galactic_ws/install/ur_dashboard_msgs/lib/python3.8/site-packages/ur_dashboard_msgs/srv/_raw_request_s.c
[9.680s] -- Installing: /home/sebas/Documents/galactic_ws/install/ur_dashboard_msgs/lib/python3.8/site-packages/ur_dashboard_msgs/srv/_get_loaded_program.py
[9.680s] -- Installing: /home/sebas/Documents/galactic_ws/install/ur_dashboard_msgs/lib/python3.8/site-packages/ur_dashboard_msgs/srv/_is_program_running_s.c
[9.680s] -- Installing: /home/sebas/Documents/galactic_ws/install/ur_dashboard_msgs/lib/python3.8/site-packages/ur_dashboard_msgs/srv/_get_program_state.py
[9.680s] -- Installing: /home/sebas/Documents/galactic_ws/install/ur_dashboard_msgs/lib/python3.8/site-packages/ur_dashboard_msgs/srv/_get_safety_mode_s.c
[9.680s] -- Installing: /home/sebas/Documents/galactic_ws/install/ur_dashboard_msgs/lib/python3.8/site-packages/ur_dashboard_msgs/srv/_popup.py
[9.680s] -- Installing: /home/sebas/Documents/galactic_ws/install/ur_dashboard_msgs/lib/python3.8/site-packages/ur_dashboard_msgs/srv/_raw_request.py
[9.681s] -- Installing: /home/sebas/Documents/galactic_ws/install/ur_dashboard_msgs/lib/python3.8/site-packages/ur_dashboard_msgs/srv/_load_s.c
[9.681s] -- Installing: /home/sebas/Documents/galactic_ws/install/ur_dashboard_msgs/lib/python3.8/site-packages/ur_dashboard_msgs/srv/_get_loaded_program_s.c
[9.681s] -- Installing: /home/sebas/Documents/galactic_ws/install/ur_dashboard_msgs/lib/python3.8/site-packages/ur_dashboard_msgs/action
[9.681s] -- Installing: /home/sebas/Documents/galactic_ws/install/ur_dashboard_msgs/lib/python3.8/site-packages/ur_dashboard_msgs/action/__init__.py
[9.681s] -- Installing: /home/sebas/Documents/galactic_ws/install/ur_dashboard_msgs/lib/python3.8/site-packages/ur_dashboard_msgs/action/_set_mode.py
[9.681s] -- Installing: /home/sebas/Documents/galactic_ws/install/ur_dashboard_msgs/lib/python3.8/site-packages/ur_dashboard_msgs/action/_set_mode_s.c
[9.681s] -- Installing: /home/sebas/Documents/galactic_ws/install/ur_dashboard_msgs/lib/python3.8/site-packages/ur_dashboard_msgs/ur_dashboard_msgs_s__rosidl_typesupport_fastrtps_c.cpython-38-x86_64-linux-gnu.so
[9.681s] -- Set runtime path of "/home/sebas/Documents/galactic_ws/install/ur_dashboard_msgs/lib/python3.8/site-packages/ur_dashboard_msgs/ur_dashboard_msgs_s__rosidl_typesupport_fastrtps_c.cpython-38-x86_64-linux-gnu.so" to ""
[9.682s] -- Installing: /home/sebas/Documents/galactic_ws/install/ur_dashboard_msgs/lib/python3.8/site-packages/ur_dashboard_msgs/ur_dashboard_msgs_s__rosidl_typesupport_introspection_c.cpython-38-x86_64-linux-gnu.so
[9.682s] -- Set runtime path of "/home/sebas/Documents/galactic_ws/install/ur_dashboard_msgs/lib/python3.8/site-packages/ur_dashboard_msgs/ur_dashboard_msgs_s__rosidl_typesupport_introspection_c.cpython-38-x86_64-linux-gnu.so" to ""
[9.682s] -- Installing: /home/sebas/Documents/galactic_ws/install/ur_dashboard_msgs/lib/python3.8/site-packages/ur_dashboard_msgs/ur_dashboard_msgs_s__rosidl_typesupport_c.cpython-38-x86_64-linux-gnu.so
[9.683s] -- Set runtime path of "/home/sebas/Documents/galactic_ws/install/ur_dashboard_msgs/lib/python3.8/site-packages/ur_dashboard_msgs/ur_dashboard_msgs_s__rosidl_typesupport_c.cpython-38-x86_64-linux-gnu.so" to ""
[9.683s] -- Installing: /home/sebas/Documents/galactic_ws/install/ur_dashboard_msgs/lib/libur_dashboard_msgs__python.so
[9.683s] -- Set runtime path of "/home/sebas/Documents/galactic_ws/install/ur_dashboard_msgs/lib/libur_dashboard_msgs__python.so" to ""
[9.683s] -- Installing: /home/sebas/Documents/galactic_ws/install/ur_dashboard_msgs/share/ur_dashboard_msgs/msg/ProgramState.idl
[9.683s] -- Installing: /home/sebas/Documents/galactic_ws/install/ur_dashboard_msgs/share/ur_dashboard_msgs/msg/RobotMode.idl
[9.683s] -- Installing: /home/sebas/Documents/galactic_ws/install/ur_dashboard_msgs/share/ur_dashboard_msgs/msg/SafetyMode.idl
[9.683s] -- Installing: /home/sebas/Documents/galactic_ws/install/ur_dashboard_msgs/share/ur_dashboard_msgs/srv/AddToLog.idl
[9.684s] -- Installing: /home/sebas/Documents/galactic_ws/install/ur_dashboard_msgs/share/ur_dashboard_msgs/srv/GetLoadedProgram.idl
[9.684s] -- Installing: /home/sebas/Documents/galactic_ws/install/ur_dashboard_msgs/share/ur_dashboard_msgs/srv/GetProgramState.idl
[9.684s] -- Installing: /home/sebas/Documents/galactic_ws/install/ur_dashboard_msgs/share/ur_dashboard_msgs/srv/GetRobotMode.idl
[9.684s] -- Installing: /home/sebas/Documents/galactic_ws/install/ur_dashboard_msgs/share/ur_dashboard_msgs/srv/GetSafetyMode.idl
[9.684s] -- Installing: /home/sebas/Documents/galactic_ws/install/ur_dashboard_msgs/share/ur_dashboard_msgs/srv/IsProgramRunning.idl
[9.684s] -- Installing: /home/sebas/Documents/galactic_ws/install/ur_dashboard_msgs/share/ur_dashboard_msgs/srv/IsProgramSaved.idl
[9.684s] -- Installing: /home/sebas/Documents/galactic_ws/install/ur_dashboard_msgs/share/ur_dashboard_msgs/srv/Load.idl
[9.684s] -- Installing: /home/sebas/Documents/galactic_ws/install/ur_dashboard_msgs/share/ur_dashboard_msgs/srv/Popup.idl
[9.684s] -- Installing: /home/sebas/Documents/galactic_ws/install/ur_dashboard_msgs/share/ur_dashboard_msgs/srv/RawRequest.idl
[9.684s] -- Installing: /home/sebas/Documents/galactic_ws/install/ur_dashboard_msgs/share/ur_dashboard_msgs/action/SetMode.idl
[9.685s] -- Installing: /home/sebas/Documents/galactic_ws/install/ur_dashboard_msgs/share/ur_dashboard_msgs/msg/ProgramState.msg
[9.685s] -- Installing: /home/sebas/Documents/galactic_ws/install/ur_dashboard_msgs/share/ur_dashboard_msgs/msg/RobotMode.msg
[9.685s] -- Installing: /home/sebas/Documents/galactic_ws/install/ur_dashboard_msgs/share/ur_dashboard_msgs/msg/SafetyMode.msg
[9.685s] -- Installing: /home/sebas/Documents/galactic_ws/install/ur_dashboard_msgs/share/ur_dashboard_msgs/srv/AddToLog.srv
[9.685s] -- Installing: /home/sebas/Documents/galactic_ws/install/ur_dashboard_msgs/share/ur_dashboard_msgs/srv/AddToLog_Request.msg
[9.685s] -- Installing: /home/sebas/Documents/galactic_ws/install/ur_dashboard_msgs/share/ur_dashboard_msgs/srv/AddToLog_Response.msg
[9.685s] -- Installing: /home/sebas/Documents/galactic_ws/install/ur_dashboard_msgs/share/ur_dashboard_msgs/srv/GetLoadedProgram.srv
[9.685s] -- Installing: /home/sebas/Documents/galactic_ws/install/ur_dashboard_msgs/share/ur_dashboard_msgs/srv/GetLoadedProgram_Request.msg
[9.685s] -- Installing: /home/sebas/Documents/galactic_ws/install/ur_dashboard_msgs/share/ur_dashboard_msgs/srv/GetLoadedProgram_Response.msg
[9.686s] -- Installing: /home/sebas/Documents/galactic_ws/install/ur_dashboard_msgs/share/ur_dashboard_msgs/srv/GetProgramState.srv
[9.686s] -- Installing: /home/sebas/Documents/galactic_ws/install/ur_dashboard_msgs/share/ur_dashboard_msgs/srv/GetProgramState_Request.msg
[9.686s] -- Installing: /home/sebas/Documents/galactic_ws/install/ur_dashboard_msgs/share/ur_dashboard_msgs/srv/GetProgramState_Response.msg
[9.686s] -- Installing: /home/sebas/Documents/galactic_ws/install/ur_dashboard_msgs/share/ur_dashboard_msgs/srv/GetRobotMode.srv
[9.686s] -- Installing: /home/sebas/Documents/galactic_ws/install/ur_dashboard_msgs/share/ur_dashboard_msgs/srv/GetRobotMode_Request.msg
[9.686s] -- Installing: /home/sebas/Documents/galactic_ws/install/ur_dashboard_msgs/share/ur_dashboard_msgs/srv/GetRobotMode_Response.msg
[9.686s] -- Installing: /home/sebas/Documents/galactic_ws/install/ur_dashboard_msgs/share/ur_dashboard_msgs/srv/GetSafetyMode.srv
[9.687s] -- Installing: /home/sebas/Documents/galactic_ws/install/ur_dashboard_msgs/share/ur_dashboard_msgs/srv/GetSafetyMode_Request.msg
[9.687s] -- Installing: /home/sebas/Documents/galactic_ws/install/ur_dashboard_msgs/share/ur_dashboard_msgs/srv/GetSafetyMode_Response.msg
[9.687s] -- Installing: /home/sebas/Documents/galactic_ws/install/ur_dashboard_msgs/share/ur_dashboard_msgs/srv/IsProgramRunning.srv
[9.687s] -- Installing: /home/sebas/Documents/galactic_ws/install/ur_dashboard_msgs/share/ur_dashboard_msgs/srv/IsProgramRunning_Request.msg
[9.687s] -- Installing: /home/sebas/Documents/galactic_ws/install/ur_dashboard_msgs/share/ur_dashboard_msgs/srv/IsProgramRunning_Response.msg
[9.687s] -- Installing: /home/sebas/Documents/galactic_ws/install/ur_dashboard_msgs/share/ur_dashboard_msgs/srv/IsProgramSaved.srv
[9.687s] -- Installing: /home/sebas/Documents/galactic_ws/install/ur_dashboard_msgs/share/ur_dashboard_msgs/srv/IsProgramSaved_Request.msg
[9.687s] -- Installing: /home/sebas/Documents/galactic_ws/install/ur_dashboard_msgs/share/ur_dashboard_msgs/srv/IsProgramSaved_Response.msg
[9.687s] -- Installing: /home/sebas/Documents/galactic_ws/install/ur_dashboard_msgs/share/ur_dashboard_msgs/srv/Load.srv
[9.687s] -- Installing: /home/sebas/Documents/galactic_ws/install/ur_dashboard_msgs/share/ur_dashboard_msgs/srv/Load_Request.msg
[9.687s] -- Installing: /home/sebas/Documents/galactic_ws/install/ur_dashboard_msgs/share/ur_dashboard_msgs/srv/Load_Response.msg
[9.688s] -- Installing: /home/sebas/Documents/galactic_ws/install/ur_dashboard_msgs/share/ur_dashboard_msgs/srv/Popup.srv
[9.688s] -- Installing: /home/sebas/Documents/galactic_ws/install/ur_dashboard_msgs/share/ur_dashboard_msgs/srv/Popup_Request.msg
[9.688s] -- Installing: /home/sebas/Documents/galactic_ws/install/ur_dashboard_msgs/share/ur_dashboard_msgs/srv/Popup_Response.msg
[9.688s] -- Installing: /home/sebas/Documents/galactic_ws/install/ur_dashboard_msgs/share/ur_dashboard_msgs/srv/RawRequest.srv
[9.688s] -- Installing: /home/sebas/Documents/galactic_ws/install/ur_dashboard_msgs/share/ur_dashboard_msgs/srv/RawRequest_Request.msg
[9.688s] -- Installing: /home/sebas/Documents/galactic_ws/install/ur_dashboard_msgs/share/ur_dashboard_msgs/srv/RawRequest_Response.msg
[9.688s] -- Installing: /home/sebas/Documents/galactic_ws/install/ur_dashboard_msgs/share/ur_dashboard_msgs/action/SetMode.action
[9.688s] -- Installing: /home/sebas/Documents/galactic_ws/install/ur_dashboard_msgs/share/ament_index/resource_index/package_run_dependencies/ur_dashboard_msgs
[9.688s] -- Installing: /home/sebas/Documents/galactic_ws/install/ur_dashboard_msgs/share/ament_index/resource_index/parent_prefix_path/ur_dashboard_msgs
[9.688s] -- Installing: /home/sebas/Documents/galactic_ws/install/ur_dashboard_msgs/share/ur_dashboard_msgs/environment/ament_prefix_path.sh
[9.688s] -- Installing: /home/sebas/Documents/galactic_ws/install/ur_dashboard_msgs/share/ur_dashboard_msgs/environment/ament_prefix_path.dsv
[9.689s] -- Installing: /home/sebas/Documents/galactic_ws/install/ur_dashboard_msgs/share/ur_dashboard_msgs/environment/path.sh
[9.689s] -- Installing: /home/sebas/Documents/galactic_ws/install/ur_dashboard_msgs/share/ur_dashboard_msgs/environment/path.dsv
[9.689s] -- Installing: /home/sebas/Documents/galactic_ws/install/ur_dashboard_msgs/share/ur_dashboard_msgs/local_setup.bash
[9.689s] -- Installing: /home/sebas/Documents/galactic_ws/install/ur_dashboard_msgs/share/ur_dashboard_msgs/local_setup.sh
[9.689s] -- Installing: /home/sebas/Documents/galactic_ws/install/ur_dashboard_msgs/share/ur_dashboard_msgs/local_setup.zsh
[9.689s] -- Installing: /home/sebas/Documents/galactic_ws/install/ur_dashboard_msgs/share/ur_dashboard_msgs/local_setup.dsv
[9.689s] -- Installing: /home/sebas/Documents/galactic_ws/install/ur_dashboard_msgs/share/ur_dashboard_msgs/package.dsv
[9.689s] -- Installing: /home/sebas/Documents/galactic_ws/install/ur_dashboard_msgs/share/ament_index/resource_index/packages/ur_dashboard_msgs
[9.689s] -- Installing: /home/sebas/Documents/galactic_ws/install/ur_dashboard_msgs/share/ur_dashboard_msgs/cmake/ur_dashboard_msgs__rosidl_generator_cExport.cmake
[9.689s] -- Installing: /home/sebas/Documents/galactic_ws/install/ur_dashboard_msgs/share/ur_dashboard_msgs/cmake/ur_dashboard_msgs__rosidl_generator_cExport-noconfig.cmake
[9.690s] -- Installing: /home/sebas/Documents/galactic_ws/install/ur_dashboard_msgs/share/ur_dashboard_msgs/cmake/ur_dashboard_msgs__rosidl_typesupport_introspection_cExport.cmake
[9.690s] -- Installing: /home/sebas/Documents/galactic_ws/install/ur_dashboard_msgs/share/ur_dashboard_msgs/cmake/ur_dashboard_msgs__rosidl_typesupport_introspection_cExport-noconfig.cmake
[9.690s] -- Installing: /home/sebas/Documents/galactic_ws/install/ur_dashboard_msgs/share/ur_dashboard_msgs/cmake/ur_dashboard_msgs__rosidl_typesupport_cExport.cmake
[9.690s] -- Installing: /home/sebas/Documents/galactic_ws/install/ur_dashboard_msgs/share/ur_dashboard_msgs/cmake/ur_dashboard_msgs__rosidl_typesupport_cExport-noconfig.cmake
[9.690s] -- Installing: /home/sebas/Documents/galactic_ws/install/ur_dashboard_msgs/share/ur_dashboard_msgs/cmake/ur_dashboard_msgs__rosidl_generator_cppExport.cmake
[9.690s] -- Installing: /home/sebas/Documents/galactic_ws/install/ur_dashboard_msgs/share/ur_dashboard_msgs/cmake/ur_dashboard_msgs__rosidl_typesupport_introspection_cppExport.cmake
[9.690s] -- Installing: /home/sebas/Documents/galactic_ws/install/ur_dashboard_msgs/share/ur_dashboard_msgs/cmake/ur_dashboard_msgs__rosidl_typesupport_introspection_cppExport-noconfig.cmake
[9.690s] -- Installing: /home/sebas/Documents/galactic_ws/install/ur_dashboard_msgs/share/ur_dashboard_msgs/cmake/ur_dashboard_msgs__rosidl_typesupport_cppExport.cmake
[9.690s] -- Installing: /home/sebas/Documents/galactic_ws/install/ur_dashboard_msgs/share/ur_dashboard_msgs/cmake/ur_dashboard_msgs__rosidl_typesupport_cppExport-noconfig.cmake
[9.691s] -- Installing: /home/sebas/Documents/galactic_ws/install/ur_dashboard_msgs/share/ur_dashboard_msgs/cmake/rosidl_cmake-extras.cmake
[9.691s] -- Installing: /home/sebas/Documents/galactic_ws/install/ur_dashboard_msgs/share/ur_dashboard_msgs/cmake/ament_cmake_export_dependencies-extras.cmake
[9.691s] -- Installing: /home/sebas/Documents/galactic_ws/install/ur_dashboard_msgs/share/ur_dashboard_msgs/cmake/ament_cmake_export_libraries-extras.cmake
[9.691s] -- Installing: /home/sebas/Documents/galactic_ws/install/ur_dashboard_msgs/share/ur_dashboard_msgs/cmake/ament_cmake_export_targets-extras.cmake
[9.691s] -- Installing: /home/sebas/Documents/galactic_ws/install/ur_dashboard_msgs/share/ur_dashboard_msgs/cmake/ament_cmake_export_include_directories-extras.cmake
[9.691s] -- Installing: /home/sebas/Documents/galactic_ws/install/ur_dashboard_msgs/share/ur_dashboard_msgs/cmake/rosidl_cmake_export_typesupport_libraries-extras.cmake
[9.691s] -- Installing: /home/sebas/Documents/galactic_ws/install/ur_dashboard_msgs/share/ur_dashboard_msgs/cmake/rosidl_cmake_export_typesupport_targets-extras.cmake
[9.691s] -- Installing: /home/sebas/Documents/galactic_ws/install/ur_dashboard_msgs/share/ur_dashboard_msgs/cmake/ur_dashboard_msgsConfig.cmake
[9.691s] -- Installing: /home/sebas/Documents/galactic_ws/install/ur_dashboard_msgs/share/ur_dashboard_msgs/cmake/ur_dashboard_msgsConfig-version.cmake
[9.691s] -- Installing: /home/sebas/Documents/galactic_ws/install/ur_dashboard_msgs/share/ur_dashboard_msgs/package.xml
[9.693s] Invoked command in '/home/sebas/Documents/galactic_ws/build/ur_dashboard_msgs' returned '0': CMAKE_PREFIX_PATH=${CMAKE_PREFIX_PATH}:/opt/ros/galactic /usr/bin/cmake --install /home/sebas/Documents/galactic_ws/build/ur_dashboard_msgs
