-- The C compiler identification is GNU 9.4.0
-- The CXX compiler identification is GNU 9.4.0
-- Check for working C compiler: /usr/bin/cc
-- Check for working C compiler: /usr/bin/cc -- works
-- Detecting C compiler ABI info
-- Detecting C compiler ABI info - done
-- Detecting C compile features
-- Detecting C compile features - done
-- Check for working CXX compiler: /usr/bin/c++
-- Check for working CXX compiler: /usr/bin/c++ -- works
-- Detecting CXX compiler ABI info
-- Detecting CXX compiler ABI info - done
-- Detecting CXX compile features
-- Detecting CXX compile features - done
-- Found ament_cmake: 1.1.6 (/opt/ros/galactic/share/ament_cmake/cmake)
-- Found PythonInterp: /usr/bin/python3 (found suitable version "3.8.10", minimum required is "3") 
-- Using PYTHON_EXECUTABLE: /usr/bin/python3
-- Found rclcpp: 9.2.2 (/opt/ros/galactic/share/rclcpp/cmake)
-- Using all available rosidl_typesupport_c: rosidl_typesupport_fastrtps_c;rosidl_typesupport_introspection_c
-- Found rosidl_adapter: 2.2.3 (/opt/ros/galactic/share/rosidl_adapter/cmake)
-- Found OpenSSL: /usr/lib/x86_64-linux-gnu/libcrypto.so (found version "1.1.1f")  
-- Found FastRTPS: /opt/ros/galactic/include  
-- Using all available rosidl_typesupport_cpp: rosidl_typesupport_fastrtps_cpp;rosidl_typesupport_introspection_cpp
-- Found rmw_implementation_cmake: 3.3.1 (/opt/ros/galactic/share/rmw_implementation_cmake/cmake)
-- Found rmw_cyclonedds_cpp: 0.22.6 (/opt/ros/galactic/share/rmw_cyclonedds_cpp/cmake)
-- Using RMW implementation 'rmw_cyclonedds_cpp' as default
-- Looking for pthread.h
-- Looking for pthread.h - found
-- Performing Test CMAKE_HAVE_LIBC_PTHREAD
-- Performing Test CMAKE_HAVE_LIBC_PTHREAD - Failed
-- Looking for pthread_create in pthreads
-- Looking for pthread_create in pthreads - not found
-- Looking for pthread_create in pthread
-- Looking for pthread_create in pthread - found
-- Found Threads: TRUE  
-- Found geometry_msgs: 2.2.4 (/opt/ros/galactic/share/geometry_msgs/cmake)
-- Found OpenCV: /usr/local (found version "4.6.0") 
-- Configuring done
-- Generating done
-- Build files have been written to: /home/sebas/Documents/galactic_ws/build/ball_picker
[35m[1mScanning dependencies of target tracker[0m
[35m[1mScanning dependencies of target ball_publisher[0m
[35m[1mScanning dependencies of target ball_listener[0m
[ 33%] [32mBuilding CXX object CMakeFiles/ball_publisher.dir/src/ball_publisher.cpp.o[0m
[ 33%] [32mBuilding CXX object CMakeFiles/ball_listener.dir/src/ball_listener.cpp.o[0m
[ 50%] [32mBuilding CXX object CMakeFiles/tracker.dir/src/BallTracker.cpp.o[0m
[ 66%] [32m[1mLinking CXX executable ball_publisher[0m
[ 66%] Built target ball_publisher
[ 83%] [32m[1mLinking CXX executable tracker[0m
[ 83%] Built target tracker
[100%] [32m[1mLinking CXX executable ball_listener[0m
[100%] Built target ball_listener
-- Install configuration: ""
-- Installing: /home/sebas/Documents/galactic_ws/install/ball_picker/lib/ball_picker/ball_publisher
-- Set runtime path of "/home/sebas/Documents/galactic_ws/install/ball_picker/lib/ball_picker/ball_publisher" to ""
-- Installing: /home/sebas/Documents/galactic_ws/install/ball_picker/lib/ball_picker/ball_listener
-- Set runtime path of "/home/sebas/Documents/galactic_ws/install/ball_picker/lib/ball_picker/ball_listener" to ""
-- Installing: /home/sebas/Documents/galactic_ws/install/ball_picker/lib/ball_picker/tracker
-- Set runtime path of "/home/sebas/Documents/galactic_ws/install/ball_picker/lib/ball_picker/tracker" to ""
-- Installing: /home/sebas/Documents/galactic_ws/install/ball_picker/share/ball_picker/launch
-- Installing: /home/sebas/Documents/galactic_ws/install/ball_picker/share/ball_picker/launch/ball_picker_rviz_launch.py
-- Installing: /home/sebas/Documents/galactic_ws/install/ball_picker/share/ball_picker/launch/__pycache__
-- Installing: /home/sebas/Documents/galactic_ws/install/ball_picker/share/ball_picker/launch/__pycache__/arm_gazebo.launch.cpython-310.pyc
-- Installing: /home/sebas/Documents/galactic_ws/install/ball_picker/share/ball_picker/launch/ur.launch.py
-- Installing: /home/sebas/Documents/galactic_ws/install/ball_picker/share/ball_picker/launch/ball_picker_gazebo_launch.py
-- Installing: /home/sebas/Documents/galactic_ws/install/ball_picker/share/ball_picker/launch/arm_gazebo.launch.py
-- Installing: /home/sebas/Documents/galactic_ws/install/ball_picker/share/ball_picker/urdf
-- Installing: /home/sebas/Documents/galactic_ws/install/ball_picker/share/ball_picker/urdf/ur10.urdf
-- Installing: /home/sebas/Documents/galactic_ws/install/ball_picker/share/ball_picker/urdf/ur5e.urdf
-- Installing: /home/sebas/Documents/galactic_ws/install/ball_picker/share/ball_picker/urdf/camera.xacro
-- Installing: /home/sebas/Documents/galactic_ws/install/ball_picker/share/ball_picker/urdf/ball_picker.urdf
-- Installing: /home/sebas/Documents/galactic_ws/install/ball_picker/share/ball_picker/config
-- Installing: /home/sebas/Documents/galactic_ws/install/ball_picker/share/ball_picker/config/ur_controllers.yaml
-- Installing: /home/sebas/Documents/galactic_ws/install/ball_picker/share/ament_index/resource_index/package_run_dependencies/ball_picker
-- Installing: /home/sebas/Documents/galactic_ws/install/ball_picker/share/ament_index/resource_index/parent_prefix_path/ball_picker
-- Installing: /home/sebas/Documents/galactic_ws/install/ball_picker/share/ball_picker/environment/ament_prefix_path.sh
-- Installing: /home/sebas/Documents/galactic_ws/install/ball_picker/share/ball_picker/environment/ament_prefix_path.dsv
-- Installing: /home/sebas/Documents/galactic_ws/install/ball_picker/share/ball_picker/environment/path.sh
-- Installing: /home/sebas/Documents/galactic_ws/install/ball_picker/share/ball_picker/environment/path.dsv
-- Installing: /home/sebas/Documents/galactic_ws/install/ball_picker/share/ball_picker/local_setup.bash
-- Installing: /home/sebas/Documents/galactic_ws/install/ball_picker/share/ball_picker/local_setup.sh
-- Installing: /home/sebas/Documents/galactic_ws/install/ball_picker/share/ball_picker/local_setup.zsh
-- Installing: /home/sebas/Documents/galactic_ws/install/ball_picker/share/ball_picker/local_setup.dsv
-- Installing: /home/sebas/Documents/galactic_ws/install/ball_picker/share/ball_picker/package.dsv
-- Installing: /home/sebas/Documents/galactic_ws/install/ball_picker/share/ament_index/resource_index/packages/ball_picker
-- Installing: /home/sebas/Documents/galactic_ws/install/ball_picker/share/ball_picker/cmake/ball_pickerConfig.cmake
-- Installing: /home/sebas/Documents/galactic_ws/install/ball_picker/share/ball_picker/cmake/ball_pickerConfig-version.cmake
-- Installing: /home/sebas/Documents/galactic_ws/install/ball_picker/share/ball_picker/package.xml
