[0.012s] Invoking command in '/home/sebas/Documents/galactic_ws/build/ur_robot_driver': CMAKE_PREFIX_PATH=/home/sebas/Documents/galactic_ws/install/ur_bringup:/home/sebas/Documents/galactic_ws/install/ur_controllers:/home/sebas/Documents/galactic_ws/install/ur_dashboard_msgs:/home/sebas/Documents/galactic_ws/install/ur_simulation_gazebo:/home/sebas/Documents/galactic_ws/install/ur_calibration:/home/sebas/Documents/galactic_ws/install/ur_robot_driver:/home/sebas/Documents/galactic_ws/install/ur_moveit_config:/home/sebas/Documents/galactic_ws/install/ur_description:/home/sebas/Documents/galactic_ws/install/ball_picker:/opt/ros/galactic LD_LIBRARY_PATH=/home/sebas/Documents/galactic_ws/install/ur_controllers/lib:/home/sebas/Documents/galactic_ws/install/ur_dashboard_msgs/lib:/home/sebas/Documents/galactic_ws/install/ur_robot_driver/lib:/opt/ros/galactic/opt/yaml_cpp_vendor/lib:/opt/ros/galactic/opt/rviz_ogre_vendor/lib:/opt/ros/galactic/lib/x86_64-linux-gnu:/opt/ros/galactic/lib PYTHONPATH=/home/sebas/Documents/galactic_ws/install/ur_dashboard_msgs/lib/python3.8/site-packages:/home/sebas/Documents/galactic_ws/install/ur_robot_driver/lib/python3.8/site-packages:/home/sebas/Documents/galactic_ws/install/ur_moveit_config/lib/python3.8/site-packages:/opt/ros/galactic/lib/python3.8/site-packages /usr/bin/cmake /home/sebas/Documents/galactic_ws/src/Universal_Robots_ROS2_Driver/ur_robot_driver -DCMAKE_INSTALL_PREFIX=/home/sebas/Documents/galactic_ws/install/ur_robot_driver
[0.052s] -- The C compiler identification is GNU 9.4.0
[0.097s] -- The CXX compiler identification is GNU 9.4.0
[0.101s] -- Check for working C compiler: /usr/bin/cc
[0.161s] -- Check for working C compiler: /usr/bin/cc -- works
[0.162s] -- Detecting C compiler ABI info
[0.216s] -- Detecting C compiler ABI info - done
[0.225s] -- Detecting C compile features
[0.225s] -- Detecting C compile features - done
[0.227s] -- Check for working CXX compiler: /usr/bin/c++
[0.288s] -- Check for working CXX compiler: /usr/bin/c++ -- works
[0.288s] -- Detecting CXX compiler ABI info
[0.349s] -- Detecting CXX compiler ABI info - done
[0.359s] -- Detecting CXX compile features
[0.360s] -- Detecting CXX compile features - done
[0.360s] ur_robot_driver: You did not request a specific build type: selecting 'RelWithDebInfo'.
[0.362s] -- Found ament_cmake: 1.1.6 (/opt/ros/galactic/share/ament_cmake/cmake)
[0.382s] -- Found PythonInterp: /usr/bin/python3 (found suitable version "3.8.10", minimum required is "3") 
[0.382s] -- Using PYTHON_EXECUTABLE: /usr/bin/python3
[0.440s] -- Found controller_manager: 1.6.0 (/opt/ros/galactic/share/controller_manager/cmake)
[0.470s] -- Using all available rosidl_typesupport_c: rosidl_typesupport_fastrtps_c;rosidl_typesupport_introspection_c
[0.474s] -- Found rosidl_adapter: 2.2.3 (/opt/ros/galactic/share/rosidl_adapter/cmake)
[0.539s] -- Found OpenSSL: /usr/lib/x86_64-linux-gnu/libcrypto.so (found version "1.1.1f")  
[0.565s] -- Found FastRTPS: /opt/ros/galactic/include  
[0.623s] -- Using all available rosidl_typesupport_cpp: rosidl_typesupport_fastrtps_cpp;rosidl_typesupport_introspection_cpp
[0.999s] -- Found rmw_implementation_cmake: 3.3.1 (/opt/ros/galactic/share/rmw_implementation_cmake/cmake)
[1.002s] -- Found rmw_cyclonedds_cpp: 0.22.6 (/opt/ros/galactic/share/rmw_cyclonedds_cpp/cmake)
[1.015s] -- Using RMW implementation 'rmw_cyclonedds_cpp' as default
[1.015s] -- Looking for pthread.h
[1.073s] -- Looking for pthread.h - found
[1.073s] -- Performing Test CMAKE_HAVE_LIBC_PTHREAD
[1.132s] -- Performing Test CMAKE_HAVE_LIBC_PTHREAD - Failed
[1.132s] -- Looking for pthread_create in pthreads
[1.180s] -- Looking for pthread_create in pthreads - not found
[1.180s] -- Looking for pthread_create in pthread
[1.241s] -- Looking for pthread_create in pthread - found
[1.241s] -- Found Threads: TRUE  
[1.534s] -- Found rclpy: 1.9.3 (/opt/ros/galactic/share/rclpy/cmake)
[1.535s] -- Found std_srvs: 2.2.4 (/opt/ros/galactic/share/std_srvs/cmake)
[1.543s] -- Found tf2_geometry_msgs: 0.17.5 (/opt/ros/galactic/share/tf2_geometry_msgs/cmake)
[1.550s] -- Found eigen3_cmake_module: 0.1.1 (/opt/ros/galactic/share/eigen3_cmake_module/cmake)
[1.554s] -- Found Eigen3: TRUE (found version "3.3.7") 
[1.812s] -- Found ur_dashboard_msgs: 2.1.2 (/home/sebas/Documents/galactic_ws/install/ur_dashboard_msgs/share/ur_dashboard_msgs/cmake)
[2.332s] -- Found ur_controllers: 2.1.2 (/home/sebas/Documents/galactic_ws/install/ur_controllers/share/ur_controllers/cmake)
[2.730s] -- Found ur_description: 2.0.0 (/opt/ros/galactic/share/ur_description/cmake)
[2.731s] -- Found ur_bringup: 2.1.2 (/home/sebas/Documents/galactic_ws/install/ur_bringup/share/ur_bringup/cmake)
[2.733s] -- Found launch_testing_ament_cmake: 0.17.2 (/opt/ros/galactic/share/launch_testing_ament_cmake/cmake)
[2.733s] -- Found python_cmake_module: 0.8.1 (/opt/ros/galactic/share/python_cmake_module/cmake)
[2.750s] -- Found PythonInterp: /usr/bin/python3 (found suitable version "3.8.10", minimum required is "3.5") 
[2.757s] -- Found PythonLibs: /usr/lib/x86_64-linux-gnu/libpython3.8.so (found suitable version "3.8.10", minimum required is "3.5") 
[2.757s] -- Using PYTHON_EXECUTABLE: /usr/bin/python3
[2.757s] -- Using PYTHON_INCLUDE_DIRS: /usr/include/python3.8
[2.757s] -- Using PYTHON_LIBRARIES: /usr/lib/x86_64-linux-gnu/libpython3.8.so
[2.773s] -- Found PythonExtra: .so  
[2.777s] -- Configuring done
[2.878s] -- Generating done
[2.879s] -- Build files have been written to: /home/sebas/Documents/galactic_ws/build/ur_robot_driver
[2.888s] Invoked command in '/home/sebas/Documents/galactic_ws/build/ur_robot_driver' returned '0': CMAKE_PREFIX_PATH=/home/sebas/Documents/galactic_ws/install/ur_bringup:/home/sebas/Documents/galactic_ws/install/ur_controllers:/home/sebas/Documents/galactic_ws/install/ur_dashboard_msgs:/home/sebas/Documents/galactic_ws/install/ur_simulation_gazebo:/home/sebas/Documents/galactic_ws/install/ur_calibration:/home/sebas/Documents/galactic_ws/install/ur_robot_driver:/home/sebas/Documents/galactic_ws/install/ur_moveit_config:/home/sebas/Documents/galactic_ws/install/ur_description:/home/sebas/Documents/galactic_ws/install/ball_picker:/opt/ros/galactic LD_LIBRARY_PATH=/home/sebas/Documents/galactic_ws/install/ur_controllers/lib:/home/sebas/Documents/galactic_ws/install/ur_dashboard_msgs/lib:/home/sebas/Documents/galactic_ws/install/ur_robot_driver/lib:/opt/ros/galactic/opt/yaml_cpp_vendor/lib:/opt/ros/galactic/opt/rviz_ogre_vendor/lib:/opt/ros/galactic/lib/x86_64-linux-gnu:/opt/ros/galactic/lib PYTHONPATH=/home/sebas/Documents/galactic_ws/install/ur_dashboard_msgs/lib/python3.8/site-packages:/home/sebas/Documents/galactic_ws/install/ur_robot_driver/lib/python3.8/site-packages:/home/sebas/Documents/galactic_ws/install/ur_moveit_config/lib/python3.8/site-packages:/opt/ros/galactic/lib/python3.8/site-packages /usr/bin/cmake /home/sebas/Documents/galactic_ws/src/Universal_Robots_ROS2_Driver/ur_robot_driver -DCMAKE_INSTALL_PREFIX=/home/sebas/Documents/galactic_ws/install/ur_robot_driver
[2.891s] Invoking command in '/home/sebas/Documents/galactic_ws/build/ur_robot_driver': CMAKE_PREFIX_PATH=/home/sebas/Documents/galactic_ws/install/ur_bringup:/home/sebas/Documents/galactic_ws/install/ur_controllers:/home/sebas/Documents/galactic_ws/install/ur_dashboard_msgs:/home/sebas/Documents/galactic_ws/install/ur_simulation_gazebo:/home/sebas/Documents/galactic_ws/install/ur_calibration:/home/sebas/Documents/galactic_ws/install/ur_robot_driver:/home/sebas/Documents/galactic_ws/install/ur_moveit_config:/home/sebas/Documents/galactic_ws/install/ur_description:/home/sebas/Documents/galactic_ws/install/ball_picker:/opt/ros/galactic LD_LIBRARY_PATH=/home/sebas/Documents/galactic_ws/install/ur_controllers/lib:/home/sebas/Documents/galactic_ws/install/ur_dashboard_msgs/lib:/home/sebas/Documents/galactic_ws/install/ur_robot_driver/lib:/opt/ros/galactic/opt/yaml_cpp_vendor/lib:/opt/ros/galactic/opt/rviz_ogre_vendor/lib:/opt/ros/galactic/lib/x86_64-linux-gnu:/opt/ros/galactic/lib PYTHONPATH=/home/sebas/Documents/galactic_ws/install/ur_dashboard_msgs/lib/python3.8/site-packages:/home/sebas/Documents/galactic_ws/install/ur_robot_driver/lib/python3.8/site-packages:/home/sebas/Documents/galactic_ws/install/ur_moveit_config/lib/python3.8/site-packages:/opt/ros/galactic/lib/python3.8/site-packages /usr/bin/cmake --build /home/sebas/Documents/galactic_ws/build/ur_robot_driver -- -j16 -l16
[2.926s] [35m[1mScanning dependencies of target ament_cmake_python_copy_ur_robot_driver[0m
[2.926s] [35m[1mScanning dependencies of target dashboard_client[0m
[2.927s] [35m[1mScanning dependencies of target ur_ros2_control_node[0m
[2.927s] [35m[1mScanning dependencies of target controller_stopper_node[0m
[2.927s] [35m[1mScanning dependencies of target ur_robot_driver_plugin[0m
[2.940s] [  0%] Built target ament_cmake_python_copy_ur_robot_driver
[2.948s] [35m[1mScanning dependencies of target ament_cmake_python_build_ur_robot_driver_egg[0m
[2.958s] [ 23%] [32mBuilding CXX object CMakeFiles/controller_stopper_node.dir/src/controller_stopper_node.cpp.o[0m
[2.958s] [ 23%] [32mBuilding CXX object CMakeFiles/controller_stopper_node.dir/src/controller_stopper.cpp.o[0m
[2.958s] [ 23%] [32mBuilding CXX object CMakeFiles/dashboard_client.dir/src/dashboard_client_node.cpp.o[0m
[2.958s] [ 30%] [32mBuilding CXX object CMakeFiles/dashboard_client.dir/src/dashboard_client_ros.cpp.o[0m
[2.961s] [ 38%] [32mBuilding CXX object CMakeFiles/dashboard_client.dir/src/urcl_log_handler.cpp.o[0m
[2.968s] [ 46%] [32mBuilding CXX object CMakeFiles/ur_ros2_control_node.dir/src/ur_ros2_control_node.cpp.o[0m
[3.011s] [ 53%] [32mBuilding CXX object CMakeFiles/ur_robot_driver_plugin.dir/src/dashboard_client_ros.cpp.o[0m
[3.012s] [ 69%] [32mBuilding CXX object CMakeFiles/ur_robot_driver_plugin.dir/src/urcl_log_handler.cpp.o[0m
[3.012s] [ 69%] [32mBuilding CXX object CMakeFiles/ur_robot_driver_plugin.dir/src/hardware_interface.cpp.o[0m
[3.195s] running egg_info
[3.195s] creating ur_robot_driver.egg-info
[3.195s] writing ur_robot_driver.egg-info/PKG-INFO
[3.196s] writing dependency_links to ur_robot_driver.egg-info/dependency_links.txt
[3.196s] writing top-level names to ur_robot_driver.egg-info/top_level.txt
[3.197s] writing manifest file 'ur_robot_driver.egg-info/SOURCES.txt'
[3.242s] reading manifest file 'ur_robot_driver.egg-info/SOURCES.txt'
[3.243s] writing manifest file 'ur_robot_driver.egg-info/SOURCES.txt'
[3.307s] [ 69%] Built target ament_cmake_python_build_ur_robot_driver_egg
[7.451s] [ 76%] [32m[1mLinking CXX executable ur_ros2_control_node[0m
[7.695s] [ 76%] Built target ur_ros2_control_node
[17.860s] [ 84%] [32m[1mLinking CXX executable controller_stopper_node[0m
[18.109s] [ 84%] Built target controller_stopper_node
[19.189s] [ 92%] [32m[1mLinking CXX shared library libur_robot_driver_plugin.so[0m
[19.264s] [100%] [32m[1mLinking CXX executable dashboard_client[0m
[19.468s] [100%] Built target ur_robot_driver_plugin
[19.507s] [100%] Built target dashboard_client
[19.516s] Invoked command in '/home/sebas/Documents/galactic_ws/build/ur_robot_driver' returned '0': CMAKE_PREFIX_PATH=/home/sebas/Documents/galactic_ws/install/ur_bringup:/home/sebas/Documents/galactic_ws/install/ur_controllers:/home/sebas/Documents/galactic_ws/install/ur_dashboard_msgs:/home/sebas/Documents/galactic_ws/install/ur_simulation_gazebo:/home/sebas/Documents/galactic_ws/install/ur_calibration:/home/sebas/Documents/galactic_ws/install/ur_robot_driver:/home/sebas/Documents/galactic_ws/install/ur_moveit_config:/home/sebas/Documents/galactic_ws/install/ur_description:/home/sebas/Documents/galactic_ws/install/ball_picker:/opt/ros/galactic LD_LIBRARY_PATH=/home/sebas/Documents/galactic_ws/install/ur_controllers/lib:/home/sebas/Documents/galactic_ws/install/ur_dashboard_msgs/lib:/home/sebas/Documents/galactic_ws/install/ur_robot_driver/lib:/opt/ros/galactic/opt/yaml_cpp_vendor/lib:/opt/ros/galactic/opt/rviz_ogre_vendor/lib:/opt/ros/galactic/lib/x86_64-linux-gnu:/opt/ros/galactic/lib PYTHONPATH=/home/sebas/Documents/galactic_ws/install/ur_dashboard_msgs/lib/python3.8/site-packages:/home/sebas/Documents/galactic_ws/install/ur_robot_driver/lib/python3.8/site-packages:/home/sebas/Documents/galactic_ws/install/ur_moveit_config/lib/python3.8/site-packages:/opt/ros/galactic/lib/python3.8/site-packages /usr/bin/cmake --build /home/sebas/Documents/galactic_ws/build/ur_robot_driver -- -j16 -l16
[19.546s] Invoking command in '/home/sebas/Documents/galactic_ws/build/ur_robot_driver': CMAKE_PREFIX_PATH=/home/sebas/Documents/galactic_ws/install/ur_bringup:/home/sebas/Documents/galactic_ws/install/ur_controllers:/home/sebas/Documents/galactic_ws/install/ur_dashboard_msgs:/home/sebas/Documents/galactic_ws/install/ur_simulation_gazebo:/home/sebas/Documents/galactic_ws/install/ur_calibration:/home/sebas/Documents/galactic_ws/install/ur_robot_driver:/home/sebas/Documents/galactic_ws/install/ur_moveit_config:/home/sebas/Documents/galactic_ws/install/ur_description:/home/sebas/Documents/galactic_ws/install/ball_picker:/opt/ros/galactic LD_LIBRARY_PATH=/home/sebas/Documents/galactic_ws/install/ur_controllers/lib:/home/sebas/Documents/galactic_ws/install/ur_dashboard_msgs/lib:/home/sebas/Documents/galactic_ws/install/ur_robot_driver/lib:/opt/ros/galactic/opt/yaml_cpp_vendor/lib:/opt/ros/galactic/opt/rviz_ogre_vendor/lib:/opt/ros/galactic/lib/x86_64-linux-gnu:/opt/ros/galactic/lib PYTHONPATH=/home/sebas/Documents/galactic_ws/install/ur_dashboard_msgs/lib/python3.8/site-packages:/home/sebas/Documents/galactic_ws/install/ur_robot_driver/lib/python3.8/site-packages:/home/sebas/Documents/galactic_ws/install/ur_moveit_config/lib/python3.8/site-packages:/opt/ros/galactic/lib/python3.8/site-packages /usr/bin/cmake --install /home/sebas/Documents/galactic_ws/build/ur_robot_driver
[19.553s] -- Install configuration: "RelWithDebInfo"
[19.553s] -- Installing: /home/sebas/Documents/galactic_ws/install/ur_robot_driver/share/ur_robot_driver/hardware_interface_plugin.xml
[19.553s] -- Installing: /home/sebas/Documents/galactic_ws/install/ur_robot_driver/lib/ur_robot_driver/dashboard_client
[19.564s] -- Set runtime path of "/home/sebas/Documents/galactic_ws/install/ur_robot_driver/lib/ur_robot_driver/dashboard_client" to ""
[19.565s] -- Installing: /home/sebas/Documents/galactic_ws/install/ur_robot_driver/lib/ur_robot_driver/ur_ros2_control_node
[19.565s] -- Set runtime path of "/home/sebas/Documents/galactic_ws/install/ur_robot_driver/lib/ur_robot_driver/ur_ros2_control_node" to ""
[19.566s] -- Installing: /home/sebas/Documents/galactic_ws/install/ur_robot_driver/lib/ur_robot_driver/controller_stopper_node
[19.573s] -- Set runtime path of "/home/sebas/Documents/galactic_ws/install/ur_robot_driver/lib/ur_robot_driver/controller_stopper_node" to ""
[19.573s] -- Installing: /home/sebas/Documents/galactic_ws/install/ur_robot_driver/lib/libur_robot_driver_plugin.so
[19.583s] -- Set runtime path of "/home/sebas/Documents/galactic_ws/install/ur_robot_driver/lib/libur_robot_driver_plugin.so" to ""
[19.583s] -- Installing: /home/sebas/Documents/galactic_ws/install/ur_robot_driver/include
[19.583s] -- Installing: /home/sebas/Documents/galactic_ws/install/ur_robot_driver/include/ur_robot_driver
[19.583s] -- Installing: /home/sebas/Documents/galactic_ws/install/ur_robot_driver/include/ur_robot_driver/hardware_interface.hpp
[19.583s] -- Installing: /home/sebas/Documents/galactic_ws/install/ur_robot_driver/include/ur_robot_driver/controller_stopper.hpp
[19.583s] -- Installing: /home/sebas/Documents/galactic_ws/install/ur_robot_driver/include/ur_robot_driver/dashboard_client_ros.hpp
[19.583s] -- Installing: /home/sebas/Documents/galactic_ws/install/ur_robot_driver/include/ur_robot_driver/urcl_log_handler.hpp
[19.583s] -- Installing: /home/sebas/Documents/galactic_ws/install/ur_robot_driver/share/ur_robot_driver/environment/library_path.sh
[19.583s] -- Installing: /home/sebas/Documents/galactic_ws/install/ur_robot_driver/share/ur_robot_driver/environment/library_path.dsv
[19.583s] -- Installing: /home/sebas/Documents/galactic_ws/install/ur_robot_driver/share/ur_robot_driver/resources
[19.583s] -- Installing: /home/sebas/Documents/galactic_ws/install/ur_robot_driver/share/ur_robot_driver/resources/rtde_input_recipe.txt
[19.584s] -- Installing: /home/sebas/Documents/galactic_ws/install/ur_robot_driver/share/ur_robot_driver/resources/rs485-1.0.urcap
[19.584s] -- Installing: /home/sebas/Documents/galactic_ws/install/ur_robot_driver/share/ur_robot_driver/resources/externalcontrol-1.0.5.urcap
[19.585s] -- Installing: /home/sebas/Documents/galactic_ws/install/ur_robot_driver/share/ur_robot_driver/resources/ursim_driver
[19.585s] -- Installing: /home/sebas/Documents/galactic_ws/install/ur_robot_driver/share/ur_robot_driver/resources/ursim_driver/build_and_run_docker_ursim_with_driver.sh
[19.585s] -- Installing: /home/sebas/Documents/galactic_ws/install/ur_robot_driver/share/ur_robot_driver/resources/ursim_driver/resources
[19.586s] -- Installing: /home/sebas/Documents/galactic_ws/install/ur_robot_driver/share/ur_robot_driver/resources/ursim_driver/resources/added_urcap.png
[19.587s] -- Installing: /home/sebas/Documents/galactic_ws/install/ur_robot_driver/share/ur_robot_driver/resources/ursim_driver/resources/running_external_ctrl.png
[19.588s] -- Installing: /home/sebas/Documents/galactic_ws/install/ur_robot_driver/share/ur_robot_driver/resources/ursim_driver/resources/terminal.png
[19.590s] -- Installing: /home/sebas/Documents/galactic_ws/install/ur_robot_driver/share/ur_robot_driver/resources/ursim_driver/resources/poweron_proc.png
[19.591s] -- Installing: /home/sebas/Documents/galactic_ws/install/ur_robot_driver/share/ur_robot_driver/resources/ursim_driver/resources/vncviewer_list.png
[19.591s] -- Installing: /home/sebas/Documents/galactic_ws/install/ur_robot_driver/share/ur_robot_driver/resources/ursim_driver/resources/move_tab.png
[19.592s] -- Installing: /home/sebas/Documents/galactic_ws/install/ur_robot_driver/share/ur_robot_driver/resources/ursim_driver/resources/settings.png
[19.592s] -- Installing: /home/sebas/Documents/galactic_ws/install/ur_robot_driver/share/ur_robot_driver/resources/ursim_driver/resources/urcap_menu.png
[19.593s] -- Installing: /home/sebas/Documents/galactic_ws/install/ur_robot_driver/share/ur_robot_driver/resources/ursim_driver/resources/add_urcap.png
[19.593s] -- Installing: /home/sebas/Documents/galactic_ws/install/ur_robot_driver/share/ur_robot_driver/resources/ursim_driver/resources/powered_on.png
[19.594s] -- Installing: /home/sebas/Documents/galactic_ws/install/ur_robot_driver/share/ur_robot_driver/resources/ursim_driver/resources/rviz.png
[19.595s] -- Installing: /home/sebas/Documents/galactic_ws/install/ur_robot_driver/share/ur_robot_driver/resources/ursim_driver/resources/added_external_ctrl.png
[19.595s] -- Installing: /home/sebas/Documents/galactic_ws/install/ur_robot_driver/share/ur_robot_driver/resources/ursim_driver/driver
[19.595s] -- Installing: /home/sebas/Documents/galactic_ws/install/ur_robot_driver/share/ur_robot_driver/resources/ursim_driver/driver/wait_dashboard_server.sh
[19.596s] -- Installing: /home/sebas/Documents/galactic_ws/install/ur_robot_driver/share/ur_robot_driver/resources/ursim_driver/driver/Dockerfile
[19.596s] -- Installing: /home/sebas/Documents/galactic_ws/install/ur_robot_driver/share/ur_robot_driver/resources/ursim_driver/driver/entrypoint.sh
[19.597s] -- Installing: /home/sebas/Documents/galactic_ws/install/ur_robot_driver/share/ur_robot_driver/resources/ursim_driver/README.md
[19.598s] -- Installing: /home/sebas/Documents/galactic_ws/install/ur_robot_driver/share/ur_robot_driver/resources/ursim_driver/docker-compose.yml
[19.598s] -- Installing: /home/sebas/Documents/galactic_ws/install/ur_robot_driver/share/ur_robot_driver/resources/ursim_driver/ursim
[19.598s] -- Installing: /home/sebas/Documents/galactic_ws/install/ur_robot_driver/share/ur_robot_driver/resources/Dockerfile
[19.598s] -- Installing: /home/sebas/Documents/galactic_ws/install/ur_robot_driver/share/ur_robot_driver/resources/rtde_output_recipe.txt
[19.599s] -- Installing: /home/sebas/Documents/galactic_ws/install/ur_robot_driver/share/ur_robot_driver/resources/ros_control.urscript
[19.599s] -- Up-to-date: /home/sebas/Documents/galactic_ws/install/ur_robot_driver/include
[19.599s] -- Up-to-date: /home/sebas/Documents/galactic_ws/install/ur_robot_driver/include/ur_robot_driver
[19.599s] -- Up-to-date: /home/sebas/Documents/galactic_ws/install/ur_robot_driver/include/ur_robot_driver/hardware_interface.hpp
[19.599s] -- Up-to-date: /home/sebas/Documents/galactic_ws/install/ur_robot_driver/include/ur_robot_driver/controller_stopper.hpp
[19.599s] -- Up-to-date: /home/sebas/Documents/galactic_ws/install/ur_robot_driver/include/ur_robot_driver/dashboard_client_ros.hpp
[19.599s] -- Up-to-date: /home/sebas/Documents/galactic_ws/install/ur_robot_driver/include/ur_robot_driver/urcl_log_handler.hpp
[19.599s] -- Installing: /home/sebas/Documents/galactic_ws/install/ur_robot_driver/share/ur_robot_driver/environment/pythonpath.sh
[19.599s] -- Installing: /home/sebas/Documents/galactic_ws/install/ur_robot_driver/share/ur_robot_driver/environment/pythonpath.dsv
[19.599s] -- Installing: /home/sebas/Documents/galactic_ws/install/ur_robot_driver/lib/python3.8/site-packages//ur_robot_driver.egg-info
[19.600s] -- Installing: /home/sebas/Documents/galactic_ws/install/ur_robot_driver/lib/python3.8/site-packages//ur_robot_driver.egg-info/dependency_links.txt
[19.600s] -- Installing: /home/sebas/Documents/galactic_ws/install/ur_robot_driver/lib/python3.8/site-packages//ur_robot_driver.egg-info/SOURCES.txt
[19.600s] -- Installing: /home/sebas/Documents/galactic_ws/install/ur_robot_driver/lib/python3.8/site-packages//ur_robot_driver.egg-info/PKG-INFO
[19.600s] -- Installing: /home/sebas/Documents/galactic_ws/install/ur_robot_driver/lib/python3.8/site-packages//ur_robot_driver.egg-info/top_level.txt
[19.600s] -- Installing: /home/sebas/Documents/galactic_ws/install/ur_robot_driver/lib/python3.8/site-packages/ur_robot_driver
[19.600s] -- Installing: /home/sebas/Documents/galactic_ws/install/ur_robot_driver/lib/python3.8/site-packages/ur_robot_driver/__init__.py
[19.622s] Listing '/home/sebas/Documents/galactic_ws/install/ur_robot_driver/lib/python3.8/site-packages/ur_robot_driver'...
[19.623s] Compiling '/home/sebas/Documents/galactic_ws/install/ur_robot_driver/lib/python3.8/site-packages/ur_robot_driver/__init__.py'...
[19.625s] -- Installing: /home/sebas/Documents/galactic_ws/install/ur_robot_driver/lib/ur_robot_driver/tool_communication.py
[19.626s] -- Installing: /home/sebas/Documents/galactic_ws/install/ur_robot_driver/bin/wait_dashboard_server.sh
[19.626s] -- Installing: /home/sebas/Documents/galactic_ws/install/ur_robot_driver/share/ament_index/resource_index/package_run_dependencies/ur_robot_driver
[19.626s] -- Installing: /home/sebas/Documents/galactic_ws/install/ur_robot_driver/share/ament_index/resource_index/parent_prefix_path/ur_robot_driver
[19.626s] -- Installing: /home/sebas/Documents/galactic_ws/install/ur_robot_driver/share/ur_robot_driver/environment/ament_prefix_path.sh
[19.626s] -- Installing: /home/sebas/Documents/galactic_ws/install/ur_robot_driver/share/ur_robot_driver/environment/ament_prefix_path.dsv
[19.626s] -- Installing: /home/sebas/Documents/galactic_ws/install/ur_robot_driver/share/ur_robot_driver/environment/path.sh
[19.626s] -- Installing: /home/sebas/Documents/galactic_ws/install/ur_robot_driver/share/ur_robot_driver/environment/path.dsv
[19.626s] -- Installing: /home/sebas/Documents/galactic_ws/install/ur_robot_driver/share/ur_robot_driver/local_setup.bash
[19.626s] -- Installing: /home/sebas/Documents/galactic_ws/install/ur_robot_driver/share/ur_robot_driver/local_setup.sh
[19.627s] -- Installing: /home/sebas/Documents/galactic_ws/install/ur_robot_driver/share/ur_robot_driver/local_setup.zsh
[19.627s] -- Installing: /home/sebas/Documents/galactic_ws/install/ur_robot_driver/share/ur_robot_driver/local_setup.dsv
[19.627s] -- Installing: /home/sebas/Documents/galactic_ws/install/ur_robot_driver/share/ur_robot_driver/package.dsv
[19.627s] -- Installing: /home/sebas/Documents/galactic_ws/install/ur_robot_driver/share/ament_index/resource_index/packages/ur_robot_driver
[19.627s] -- Installing: /home/sebas/Documents/galactic_ws/install/ur_robot_driver/share/ament_index/resource_index/hardware_interface__pluginlib__plugin/ur_robot_driver
[19.627s] -- Installing: /home/sebas/Documents/galactic_ws/install/ur_robot_driver/share/ur_robot_driver/cmake/ament_cmake_export_include_directories-extras.cmake
[19.627s] -- Installing: /home/sebas/Documents/galactic_ws/install/ur_robot_driver/share/ur_robot_driver/cmake/ament_cmake_export_libraries-extras.cmake
[19.627s] -- Installing: /home/sebas/Documents/galactic_ws/install/ur_robot_driver/share/ur_robot_driver/cmake/ament_cmake_export_dependencies-extras.cmake
[19.627s] -- Installing: /home/sebas/Documents/galactic_ws/install/ur_robot_driver/share/ur_robot_driver/cmake/ur_robot_driverConfig.cmake
[19.627s] -- Installing: /home/sebas/Documents/galactic_ws/install/ur_robot_driver/share/ur_robot_driver/cmake/ur_robot_driverConfig-version.cmake
[19.627s] -- Installing: /home/sebas/Documents/galactic_ws/install/ur_robot_driver/share/ur_robot_driver/package.xml
[19.629s] Invoked command in '/home/sebas/Documents/galactic_ws/build/ur_robot_driver' returned '0': CMAKE_PREFIX_PATH=/home/sebas/Documents/galactic_ws/install/ur_bringup:/home/sebas/Documents/galactic_ws/install/ur_controllers:/home/sebas/Documents/galactic_ws/install/ur_dashboard_msgs:/home/sebas/Documents/galactic_ws/install/ur_simulation_gazebo:/home/sebas/Documents/galactic_ws/install/ur_calibration:/home/sebas/Documents/galactic_ws/install/ur_robot_driver:/home/sebas/Documents/galactic_ws/install/ur_moveit_config:/home/sebas/Documents/galactic_ws/install/ur_description:/home/sebas/Documents/galactic_ws/install/ball_picker:/opt/ros/galactic LD_LIBRARY_PATH=/home/sebas/Documents/galactic_ws/install/ur_controllers/lib:/home/sebas/Documents/galactic_ws/install/ur_dashboard_msgs/lib:/home/sebas/Documents/galactic_ws/install/ur_robot_driver/lib:/opt/ros/galactic/opt/yaml_cpp_vendor/lib:/opt/ros/galactic/opt/rviz_ogre_vendor/lib:/opt/ros/galactic/lib/x86_64-linux-gnu:/opt/ros/galactic/lib PYTHONPATH=/home/sebas/Documents/galactic_ws/install/ur_dashboard_msgs/lib/python3.8/site-packages:/home/sebas/Documents/galactic_ws/install/ur_robot_driver/lib/python3.8/site-packages:/home/sebas/Documents/galactic_ws/install/ur_moveit_config/lib/python3.8/site-packages:/opt/ros/galactic/lib/python3.8/site-packages /usr/bin/cmake --install /home/sebas/Documents/galactic_ws/build/ur_robot_driver
