[0.012s] Invoking command in '/home/sebas/Desktop/Projects/ur_ros2/build/ball_picker': CMAKE_PREFIX_PATH=${CMAKE_PREFIX_PATH}:/opt/ros/humble /usr/bin/cmake --build /home/sebas/Desktop/Projects/ur_ros2/build/ball_picker -- -j16 -l16
[0.029s] -- Found ament_cmake: 1.3.3 (/opt/ros/humble/share/ament_cmake/cmake)
[0.124s] -- Found rclcpp: 16.0.3 (/opt/ros/humble/share/rclcpp/cmake)
[0.174s] -- Found rosidl_generator_c: 3.1.4 (/opt/ros/humble/share/rosidl_generator_c/cmake)
[0.179s] -- Found rosidl_adapter: 3.1.4 (/opt/ros/humble/share/rosidl_adapter/cmake)
[0.188s] -- Found rosidl_generator_cpp: 3.1.4 (/opt/ros/humble/share/rosidl_generator_cpp/cmake)
[0.202s] -- Using all available rosidl_typesupport_c: rosidl_typesupport_fastrtps_c;rosidl_typesupport_introspection_c
[0.218s] -- Using all available rosidl_typesupport_cpp: rosidl_typesupport_fastrtps_cpp;rosidl_typesupport_introspection_cpp
[0.274s] -- Found rmw_implementation_cmake: 6.1.1 (/opt/ros/humble/share/rmw_implementation_cmake/cmake)
[0.277s] -- Found rmw_fastrtps_cpp: 6.2.2 (/opt/ros/humble/share/rmw_fastrtps_cpp/cmake)
[0.344s] -- Found OpenSSL: /usr/lib/x86_64-linux-gnu/libcrypto.so (found version "3.0.2")  
[0.364s] -- Found FastRTPS: /opt/ros/humble/include  
[0.396s] -- Using RMW implementation 'rmw_fastrtps_cpp' as default
[0.404s] -- Looking for pthread.h
[0.446s] -- Looking for pthread.h - found
[0.446s] -- Performing Test CMAKE_HAVE_LIBC_PTHREAD
[0.488s] -- Performing Test CMAKE_HAVE_LIBC_PTHREAD - Success
[0.488s] -- Found Threads: TRUE  
[0.647s] -- Configuring done
[0.649s] [31mCMake Error at CMakeLists.txt:20 (add_executable):
[0.649s]   Cannot find source file:
[0.649s] 
[0.649s]     src/ball_listener.cpp
[0.649s] 
[0.649s]   Tried extensions .c .C .c++ .cc .cpp .cxx .cu .mpp .m .M .mm .ixx .cppm .h
[0.649s]   .hh .h++ .hm .hpp .hxx .in .txx .f .F .for .f77 .f90 .f95 .f03 .hip .ispc
[0.649s] 
[0.649s] [0m
[0.649s] [31mCMake Error at CMakeLists.txt:20 (add_executable):
[0.649s]   No SOURCES given to target: ball_listener
[0.649s] 
[0.649s] [0m
[0.649s] [0mCMake Generate step failed.  Build files cannot be regenerated correctly.[0m
[0.654s] gmake: *** [Makefile:226: cmake_check_build_system] Error 1
[0.655s] Invoked command in '/home/sebas/Desktop/Projects/ur_ros2/build/ball_picker' returned '2': CMAKE_PREFIX_PATH=${CMAKE_PREFIX_PATH}:/opt/ros/humble /usr/bin/cmake --build /home/sebas/Desktop/Projects/ur_ros2/build/ball_picker -- -j16 -l16
