[35m[1mConsolidate compiler generated dependencies of target ball_publisher[0m
[35m[1mConsolidate compiler generated dependencies of target ball_listener[0m
[ 50%] [32mBuilding CXX object CMakeFiles/ball_publisher.dir/src/ball_publisher.cpp.o[0m
[ 75%] Built target ball_listener
[100%] [32m[1mLinking CXX executable ball_publisher[0m
[100%] Built target ball_publisher
-- Install configuration: ""
-- Installing: /home/sebas/Desktop/Projects/ur_ros2/install/ball_picker/lib/ball_picker/ball_publisher
-- Set runtime path of "/home/sebas/Desktop/Projects/ur_ros2/install/ball_picker/lib/ball_picker/ball_publisher" to ""
-- Up-to-date: /home/sebas/Desktop/Projects/ur_ros2/install/ball_picker/lib/ball_picker/ball_listener
-- Up-to-date: /home/sebas/Desktop/Projects/ur_ros2/install/ball_picker/share/ament_index/resource_index/package_run_dependencies/ball_picker
-- Up-to-date: /home/sebas/Desktop/Projects/ur_ros2/install/ball_picker/share/ament_index/resource_index/parent_prefix_path/ball_picker
-- Up-to-date: /home/sebas/Desktop/Projects/ur_ros2/install/ball_picker/share/ball_picker/environment/ament_prefix_path.sh
-- Up-to-date: /home/sebas/Desktop/Projects/ur_ros2/install/ball_picker/share/ball_picker/environment/ament_prefix_path.dsv
-- Up-to-date: /home/sebas/Desktop/Projects/ur_ros2/install/ball_picker/share/ball_picker/environment/path.sh
-- Up-to-date: /home/sebas/Desktop/Projects/ur_ros2/install/ball_picker/share/ball_picker/environment/path.dsv
-- Up-to-date: /home/sebas/Desktop/Projects/ur_ros2/install/ball_picker/share/ball_picker/local_setup.bash
-- Up-to-date: /home/sebas/Desktop/Projects/ur_ros2/install/ball_picker/share/ball_picker/local_setup.sh
-- Up-to-date: /home/sebas/Desktop/Projects/ur_ros2/install/ball_picker/share/ball_picker/local_setup.zsh
-- Up-to-date: /home/sebas/Desktop/Projects/ur_ros2/install/ball_picker/share/ball_picker/local_setup.dsv
-- Installing: /home/sebas/Desktop/Projects/ur_ros2/install/ball_picker/share/ball_picker/package.dsv
-- Up-to-date: /home/sebas/Desktop/Projects/ur_ros2/install/ball_picker/share/ament_index/resource_index/packages/ball_picker
-- Up-to-date: /home/sebas/Desktop/Projects/ur_ros2/install/ball_picker/share/ball_picker/cmake/ball_pickerConfig.cmake
-- Up-to-date: /home/sebas/Desktop/Projects/ur_ros2/install/ball_picker/share/ball_picker/cmake/ball_pickerConfig-version.cmake
-- Up-to-date: /home/sebas/Desktop/Projects/ur_ros2/install/ball_picker/share/ball_picker/package.xml
