-- The C compiler identification is GNU 9.4.0
-- The CXX compiler identification is GNU 9.4.0
-- Check for working C compiler: /usr/bin/cc
-- Check for working C compiler: /usr/bin/cc -- works
-- Detecting C compiler ABI info
-- Detecting C compiler ABI info - done
-- Detecting C compile features
-- Detecting C compile features - done
-- Check for working CXX compiler: /usr/bin/c++
-- Check for working CXX compiler: /usr/bin/c++ -- works
-- Detecting CXX compiler ABI info
-- Detecting CXX compiler ABI info - done
-- Detecting CXX compile features
-- Detecting CXX compile features - done
-- Found ament_cmake: 1.1.6 (/opt/ros/galactic/share/ament_cmake/cmake)
-- Found PythonInterp: /usr/bin/python3 (found suitable version "3.8.10", minimum required is "3") 
-- Using PYTHON_EXECUTABLE: /usr/bin/python3
-- Configuring done
-- Generating done
-- Build files have been written to: /home/sebas/Documents/galactic_ws/build/ur_moveit_config
[35m[1mScanning dependencies of target ament_cmake_python_copy_ur_moveit_config[0m
Built target ament_cmake_python_copy_ur_moveit_config
[35m[1mScanning dependencies of target ament_cmake_python_build_ur_moveit_config_egg[0m
running egg_info
creating ur_moveit_config.egg-info
writing ur_moveit_config.egg-info/PKG-INFO
writing dependency_links to ur_moveit_config.egg-info/dependency_links.txt
writing top-level names to ur_moveit_config.egg-info/top_level.txt
writing manifest file 'ur_moveit_config.egg-info/SOURCES.txt'
reading manifest file 'ur_moveit_config.egg-info/SOURCES.txt'
writing manifest file 'ur_moveit_config.egg-info/SOURCES.txt'
Built target ament_cmake_python_build_ur_moveit_config_egg
-- Install configuration: ""
-- Installing: /home/sebas/Documents/galactic_ws/install/ur_moveit_config/share/ur_moveit_config/config
-- Installing: /home/sebas/Documents/galactic_ws/install/ur_moveit_config/share/ur_moveit_config/config/kinematics.yaml
-- Installing: /home/sebas/Documents/galactic_ws/install/ur_moveit_config/share/ur_moveit_config/config/controllers.yaml
-- Installing: /home/sebas/Documents/galactic_ws/install/ur_moveit_config/share/ur_moveit_config/config/ur_servo.yaml
-- Installing: /home/sebas/Documents/galactic_ws/install/ur_moveit_config/share/ur_moveit_config/config/log.txt
-- Installing: /home/sebas/Documents/galactic_ws/install/ur_moveit_config/share/ur_moveit_config/config/ompl_planning.yaml
-- Installing: /home/sebas/Documents/galactic_ws/install/ur_moveit_config/share/ur_moveit_config/launch
-- Installing: /home/sebas/Documents/galactic_ws/install/ur_moveit_config/share/ur_moveit_config/launch/ur_moveit.launch.py
-- Installing: /home/sebas/Documents/galactic_ws/install/ur_moveit_config/share/ur_moveit_config/rviz
-- Installing: /home/sebas/Documents/galactic_ws/install/ur_moveit_config/share/ur_moveit_config/rviz/view_robot.rviz
-- Installing: /home/sebas/Documents/galactic_ws/install/ur_moveit_config/share/ur_moveit_config/srdf
-- Installing: /home/sebas/Documents/galactic_ws/install/ur_moveit_config/share/ur_moveit_config/srdf/ur_macro.srdf.xacro
-- Installing: /home/sebas/Documents/galactic_ws/install/ur_moveit_config/share/ur_moveit_config/srdf/ur.srdf.xacro
-- Installing: /home/sebas/Documents/galactic_ws/install/ur_moveit_config/share/ur_moveit_config/environment/pythonpath.sh
-- Installing: /home/sebas/Documents/galactic_ws/install/ur_moveit_config/share/ur_moveit_config/environment/pythonpath.dsv
-- Installing: /home/sebas/Documents/galactic_ws/install/ur_moveit_config/lib/python3.8/site-packages//ur_moveit_config.egg-info
-- Installing: /home/sebas/Documents/galactic_ws/install/ur_moveit_config/lib/python3.8/site-packages//ur_moveit_config.egg-info/dependency_links.txt
-- Installing: /home/sebas/Documents/galactic_ws/install/ur_moveit_config/lib/python3.8/site-packages//ur_moveit_config.egg-info/SOURCES.txt
-- Installing: /home/sebas/Documents/galactic_ws/install/ur_moveit_config/lib/python3.8/site-packages//ur_moveit_config.egg-info/PKG-INFO
-- Installing: /home/sebas/Documents/galactic_ws/install/ur_moveit_config/lib/python3.8/site-packages//ur_moveit_config.egg-info/top_level.txt
-- Installing: /home/sebas/Documents/galactic_ws/install/ur_moveit_config/lib/python3.8/site-packages/ur_moveit_config
-- Installing: /home/sebas/Documents/galactic_ws/install/ur_moveit_config/lib/python3.8/site-packages/ur_moveit_config/launch_common.py
-- Installing: /home/sebas/Documents/galactic_ws/install/ur_moveit_config/lib/python3.8/site-packages/ur_moveit_config/__init__.py
Listing '/home/sebas/Documents/galactic_ws/install/ur_moveit_config/lib/python3.8/site-packages/ur_moveit_config'...
Compiling '/home/sebas/Documents/galactic_ws/install/ur_moveit_config/lib/python3.8/site-packages/ur_moveit_config/__init__.py'...
Compiling '/home/sebas/Documents/galactic_ws/install/ur_moveit_config/lib/python3.8/site-packages/ur_moveit_config/launch_common.py'...
-- Installing: /home/sebas/Documents/galactic_ws/install/ur_moveit_config/lib/python3.8/site-packages/launch_common.py
Compiling '/home/sebas/Documents/galactic_ws/install/ur_moveit_config/lib/python3.8/site-packages/launch_common.py'...
-- Installing: /home/sebas/Documents/galactic_ws/install/ur_moveit_config/share/ament_index/resource_index/package_run_dependencies/ur_moveit_config
-- Installing: /home/sebas/Documents/galactic_ws/install/ur_moveit_config/share/ament_index/resource_index/parent_prefix_path/ur_moveit_config
-- Installing: /home/sebas/Documents/galactic_ws/install/ur_moveit_config/share/ur_moveit_config/environment/ament_prefix_path.sh
-- Installing: /home/sebas/Documents/galactic_ws/install/ur_moveit_config/share/ur_moveit_config/environment/ament_prefix_path.dsv
-- Installing: /home/sebas/Documents/galactic_ws/install/ur_moveit_config/share/ur_moveit_config/environment/path.sh
-- Installing: /home/sebas/Documents/galactic_ws/install/ur_moveit_config/share/ur_moveit_config/environment/path.dsv
-- Installing: /home/sebas/Documents/galactic_ws/install/ur_moveit_config/share/ur_moveit_config/local_setup.bash
-- Installing: /home/sebas/Documents/galactic_ws/install/ur_moveit_config/share/ur_moveit_config/local_setup.sh
-- Installing: /home/sebas/Documents/galactic_ws/install/ur_moveit_config/share/ur_moveit_config/local_setup.zsh
-- Installing: /home/sebas/Documents/galactic_ws/install/ur_moveit_config/share/ur_moveit_config/local_setup.dsv
-- Installing: /home/sebas/Documents/galactic_ws/install/ur_moveit_config/share/ur_moveit_config/package.dsv
-- Installing: /home/sebas/Documents/galactic_ws/install/ur_moveit_config/share/ament_index/resource_index/packages/ur_moveit_config
-- Installing: /home/sebas/Documents/galactic_ws/install/ur_moveit_config/share/ur_moveit_config/cmake/ur_moveit_configConfig.cmake
-- Installing: /home/sebas/Documents/galactic_ws/install/ur_moveit_config/share/ur_moveit_config/cmake/ur_moveit_configConfig-version.cmake
-- Installing: /home/sebas/Documents/galactic_ws/install/ur_moveit_config/share/ur_moveit_config/package.xml
