[0.014s] Invoking command in '/home/sebas/Documents/galactic_ws/build/ur_moveit_config': CMAKE_PREFIX_PATH=${CMAKE_PREFIX_PATH}:/opt/ros/galactic /usr/bin/cmake /home/sebas/Documents/galactic_ws/src/Universal_Robots_ROS2_Driver/ur_moveit_config -DCMAKE_INSTALL_PREFIX=/home/sebas/Documents/galactic_ws/install/ur_moveit_config
[0.102s] -- The C compiler identification is GNU 9.4.0
[0.145s] -- The CXX compiler identification is GNU 9.4.0
[0.151s] -- Check for working C compiler: /usr/bin/cc
[0.202s] -- Check for working C compiler: /usr/bin/cc -- works
[0.203s] -- Detecting C compiler ABI info
[0.254s] -- Detecting C compiler ABI info - done
[0.263s] -- Detecting C compile features
[0.263s] -- Detecting C compile features - done
[0.265s] -- Check for working CXX compiler: /usr/bin/c++
[0.318s] -- Check for working CXX compiler: /usr/bin/c++ -- works
[0.319s] -- Detecting CXX compiler ABI info
[0.375s] -- Detecting CXX compiler ABI info - done
[0.385s] -- Detecting CXX compile features
[0.385s] -- Detecting CXX compile features - done
[0.386s] -- Found ament_cmake: 1.1.6 (/opt/ros/galactic/share/ament_cmake/cmake)
[0.405s] -- Found PythonInterp: /usr/bin/python3 (found suitable version "3.8.10", minimum required is "3") 
[0.405s] -- Using PYTHON_EXECUTABLE: /usr/bin/python3
[0.574s] -- Configuring done
[0.576s] -- Generating done
[0.576s] -- Build files have been written to: /home/sebas/Documents/galactic_ws/build/ur_moveit_config
[0.580s] Invoked command in '/home/sebas/Documents/galactic_ws/build/ur_moveit_config' returned '0': CMAKE_PREFIX_PATH=${CMAKE_PREFIX_PATH}:/opt/ros/galactic /usr/bin/cmake /home/sebas/Documents/galactic_ws/src/Universal_Robots_ROS2_Driver/ur_moveit_config -DCMAKE_INSTALL_PREFIX=/home/sebas/Documents/galactic_ws/install/ur_moveit_config
[0.583s] Invoking command in '/home/sebas/Documents/galactic_ws/build/ur_moveit_config': CMAKE_PREFIX_PATH=${CMAKE_PREFIX_PATH}:/opt/ros/galactic /usr/bin/cmake --build /home/sebas/Documents/galactic_ws/build/ur_moveit_config -- -j16 -l16
[0.615s] [35m[1mScanning dependencies of target ament_cmake_python_copy_ur_moveit_config[0m
[0.629s] Built target ament_cmake_python_copy_ur_moveit_config
[0.637s] [35m[1mScanning dependencies of target ament_cmake_python_build_ur_moveit_config_egg[0m
[0.803s] running egg_info
[0.804s] creating ur_moveit_config.egg-info
[0.804s] writing ur_moveit_config.egg-info/PKG-INFO
[0.804s] writing dependency_links to ur_moveit_config.egg-info/dependency_links.txt
[0.804s] writing top-level names to ur_moveit_config.egg-info/top_level.txt
[0.805s] writing manifest file 'ur_moveit_config.egg-info/SOURCES.txt'
[0.831s] reading manifest file 'ur_moveit_config.egg-info/SOURCES.txt'
[0.831s] writing manifest file 'ur_moveit_config.egg-info/SOURCES.txt'
[0.855s] Built target ament_cmake_python_build_ur_moveit_config_egg
[0.864s] Invoked command in '/home/sebas/Documents/galactic_ws/build/ur_moveit_config' returned '0': CMAKE_PREFIX_PATH=${CMAKE_PREFIX_PATH}:/opt/ros/galactic /usr/bin/cmake --build /home/sebas/Documents/galactic_ws/build/ur_moveit_config -- -j16 -l16
[0.890s] Invoking command in '/home/sebas/Documents/galactic_ws/build/ur_moveit_config': CMAKE_PREFIX_PATH=${CMAKE_PREFIX_PATH}:/opt/ros/galactic /usr/bin/cmake --install /home/sebas/Documents/galactic_ws/build/ur_moveit_config
[0.897s] -- Install configuration: ""
[0.897s] -- Installing: /home/sebas/Documents/galactic_ws/install/ur_moveit_config/share/ur_moveit_config/config
[0.897s] -- Installing: /home/sebas/Documents/galactic_ws/install/ur_moveit_config/share/ur_moveit_config/config/kinematics.yaml
[0.897s] -- Installing: /home/sebas/Documents/galactic_ws/install/ur_moveit_config/share/ur_moveit_config/config/controllers.yaml
[0.898s] -- Installing: /home/sebas/Documents/galactic_ws/install/ur_moveit_config/share/ur_moveit_config/config/ur_servo.yaml
[0.898s] -- Installing: /home/sebas/Documents/galactic_ws/install/ur_moveit_config/share/ur_moveit_config/config/log.txt
[0.899s] -- Installing: /home/sebas/Documents/galactic_ws/install/ur_moveit_config/share/ur_moveit_config/config/ompl_planning.yaml
[0.900s] -- Installing: /home/sebas/Documents/galactic_ws/install/ur_moveit_config/share/ur_moveit_config/launch
[0.900s] -- Installing: /home/sebas/Documents/galactic_ws/install/ur_moveit_config/share/ur_moveit_config/launch/ur_moveit.launch.py
[0.903s] -- Installing: /home/sebas/Documents/galactic_ws/install/ur_moveit_config/share/ur_moveit_config/rviz
[0.903s] -- Installing: /home/sebas/Documents/galactic_ws/install/ur_moveit_config/share/ur_moveit_config/rviz/view_robot.rviz
[0.904s] -- Installing: /home/sebas/Documents/galactic_ws/install/ur_moveit_config/share/ur_moveit_config/srdf
[0.904s] -- Installing: /home/sebas/Documents/galactic_ws/install/ur_moveit_config/share/ur_moveit_config/srdf/ur_macro.srdf.xacro
[0.905s] -- Installing: /home/sebas/Documents/galactic_ws/install/ur_moveit_config/share/ur_moveit_config/srdf/ur.srdf.xacro
[0.906s] -- Installing: /home/sebas/Documents/galactic_ws/install/ur_moveit_config/share/ur_moveit_config/environment/pythonpath.sh
[0.906s] -- Installing: /home/sebas/Documents/galactic_ws/install/ur_moveit_config/share/ur_moveit_config/environment/pythonpath.dsv
[0.906s] -- Installing: /home/sebas/Documents/galactic_ws/install/ur_moveit_config/lib/python3.8/site-packages//ur_moveit_config.egg-info
[0.906s] -- Installing: /home/sebas/Documents/galactic_ws/install/ur_moveit_config/lib/python3.8/site-packages//ur_moveit_config.egg-info/dependency_links.txt
[0.906s] -- Installing: /home/sebas/Documents/galactic_ws/install/ur_moveit_config/lib/python3.8/site-packages//ur_moveit_config.egg-info/SOURCES.txt
[0.906s] -- Installing: /home/sebas/Documents/galactic_ws/install/ur_moveit_config/lib/python3.8/site-packages//ur_moveit_config.egg-info/PKG-INFO
[0.906s] -- Installing: /home/sebas/Documents/galactic_ws/install/ur_moveit_config/lib/python3.8/site-packages//ur_moveit_config.egg-info/top_level.txt
[0.906s] -- Installing: /home/sebas/Documents/galactic_ws/install/ur_moveit_config/lib/python3.8/site-packages/ur_moveit_config
[0.906s] -- Installing: /home/sebas/Documents/galactic_ws/install/ur_moveit_config/lib/python3.8/site-packages/ur_moveit_config/launch_common.py
[0.906s] -- Installing: /home/sebas/Documents/galactic_ws/install/ur_moveit_config/lib/python3.8/site-packages/ur_moveit_config/__init__.py
[0.927s] Listing '/home/sebas/Documents/galactic_ws/install/ur_moveit_config/lib/python3.8/site-packages/ur_moveit_config'...
[0.927s] Compiling '/home/sebas/Documents/galactic_ws/install/ur_moveit_config/lib/python3.8/site-packages/ur_moveit_config/__init__.py'...
[0.927s] Compiling '/home/sebas/Documents/galactic_ws/install/ur_moveit_config/lib/python3.8/site-packages/ur_moveit_config/launch_common.py'...
[0.931s] -- Installing: /home/sebas/Documents/galactic_ws/install/ur_moveit_config/lib/python3.8/site-packages/launch_common.py
[0.954s] Compiling '/home/sebas/Documents/galactic_ws/install/ur_moveit_config/lib/python3.8/site-packages/launch_common.py'...
[0.957s] -- Installing: /home/sebas/Documents/galactic_ws/install/ur_moveit_config/share/ament_index/resource_index/package_run_dependencies/ur_moveit_config
[0.957s] -- Installing: /home/sebas/Documents/galactic_ws/install/ur_moveit_config/share/ament_index/resource_index/parent_prefix_path/ur_moveit_config
[0.957s] -- Installing: /home/sebas/Documents/galactic_ws/install/ur_moveit_config/share/ur_moveit_config/environment/ament_prefix_path.sh
[0.958s] -- Installing: /home/sebas/Documents/galactic_ws/install/ur_moveit_config/share/ur_moveit_config/environment/ament_prefix_path.dsv
[0.958s] -- Installing: /home/sebas/Documents/galactic_ws/install/ur_moveit_config/share/ur_moveit_config/environment/path.sh
[0.958s] -- Installing: /home/sebas/Documents/galactic_ws/install/ur_moveit_config/share/ur_moveit_config/environment/path.dsv
[0.958s] -- Installing: /home/sebas/Documents/galactic_ws/install/ur_moveit_config/share/ur_moveit_config/local_setup.bash
[0.958s] -- Installing: /home/sebas/Documents/galactic_ws/install/ur_moveit_config/share/ur_moveit_config/local_setup.sh
[0.958s] -- Installing: /home/sebas/Documents/galactic_ws/install/ur_moveit_config/share/ur_moveit_config/local_setup.zsh
[0.958s] -- Installing: /home/sebas/Documents/galactic_ws/install/ur_moveit_config/share/ur_moveit_config/local_setup.dsv
[0.958s] -- Installing: /home/sebas/Documents/galactic_ws/install/ur_moveit_config/share/ur_moveit_config/package.dsv
[0.958s] -- Installing: /home/sebas/Documents/galactic_ws/install/ur_moveit_config/share/ament_index/resource_index/packages/ur_moveit_config
[0.958s] -- Installing: /home/sebas/Documents/galactic_ws/install/ur_moveit_config/share/ur_moveit_config/cmake/ur_moveit_configConfig.cmake
[0.958s] -- Installing: /home/sebas/Documents/galactic_ws/install/ur_moveit_config/share/ur_moveit_config/cmake/ur_moveit_configConfig-version.cmake
[0.958s] -- Installing: /home/sebas/Documents/galactic_ws/install/ur_moveit_config/share/ur_moveit_config/package.xml
[0.960s] Invoked command in '/home/sebas/Documents/galactic_ws/build/ur_moveit_config' returned '0': CMAKE_PREFIX_PATH=${CMAKE_PREFIX_PATH}:/opt/ros/galactic /usr/bin/cmake --install /home/sebas/Documents/galactic_ws/build/ur_moveit_config
