[0.014s] Invoking command in '/home/sebas/Documents/galactic_ws/build/ur_bringup': CMAKE_PREFIX_PATH=/home/sebas/Documents/galactic_ws/install/ur_controllers:/home/sebas/Documents/galactic_ws/install/ur_dashboard_msgs:/home/sebas/Documents/galactic_ws/install/ur_simulation_gazebo:/home/sebas/Documents/galactic_ws/install/ur_calibration:/home/sebas/Documents/galactic_ws/install/ur_robot_driver:/home/sebas/Documents/galactic_ws/install/ur_moveit_config:/home/sebas/Documents/galactic_ws/install/ur_bringup:/home/sebas/Documents/galactic_ws/install/ur_description:/home/sebas/Documents/galactic_ws/install/ball_picker:/opt/ros/galactic LD_LIBRARY_PATH=/home/sebas/Documents/galactic_ws/install/ur_controllers/lib:/home/sebas/Documents/galactic_ws/install/ur_dashboard_msgs/lib:/home/sebas/Documents/galactic_ws/install/ur_robot_driver/lib:/opt/ros/galactic/opt/yaml_cpp_vendor/lib:/opt/ros/galactic/opt/rviz_ogre_vendor/lib:/opt/ros/galactic/lib/x86_64-linux-gnu:/opt/ros/galactic/lib PYTHONPATH=/home/sebas/Documents/galactic_ws/install/ur_dashboard_msgs/lib/python3.8/site-packages:/home/sebas/Documents/galactic_ws/install/ur_robot_driver/lib/python3.8/site-packages:/home/sebas/Documents/galactic_ws/install/ur_moveit_config/lib/python3.8/site-packages:/opt/ros/galactic/lib/python3.8/site-packages /usr/bin/cmake /home/sebas/Documents/galactic_ws/src/Universal_Robots_ROS2_Driver/ur_bringup -DCMAKE_INSTALL_PREFIX=/home/sebas/Documents/galactic_ws/install/ur_bringup
[0.054s] -- The C compiler identification is GNU 9.4.0
[0.093s] -- The CXX compiler identification is GNU 9.4.0
[0.097s] -- Check for working C compiler: /usr/bin/cc
[0.146s] -- Check for working C compiler: /usr/bin/cc -- works
[0.147s] -- Detecting C compiler ABI info
[0.198s] -- Detecting C compiler ABI info - done
[0.205s] -- Detecting C compile features
[0.206s] -- Detecting C compile features - done
[0.207s] -- Check for working CXX compiler: /usr/bin/c++
[0.262s] -- Check for working CXX compiler: /usr/bin/c++ -- works
[0.263s] -- Detecting CXX compiler ABI info
[0.326s] -- Detecting CXX compiler ABI info - done
[0.335s] -- Detecting CXX compile features
[0.335s] -- Detecting CXX compile features - done
[0.337s] -- Found ament_cmake: 1.1.6 (/opt/ros/galactic/share/ament_cmake/cmake)
[0.356s] -- Found PythonInterp: /usr/bin/python3 (found suitable version "3.8.10", minimum required is "3") 
[0.356s] -- Using PYTHON_EXECUTABLE: /usr/bin/python3
[0.459s] -- Configuring done
[0.460s] -- Generating done
[0.461s] -- Build files have been written to: /home/sebas/Documents/galactic_ws/build/ur_bringup
[0.467s] Invoked command in '/home/sebas/Documents/galactic_ws/build/ur_bringup' returned '0': CMAKE_PREFIX_PATH=/home/sebas/Documents/galactic_ws/install/ur_controllers:/home/sebas/Documents/galactic_ws/install/ur_dashboard_msgs:/home/sebas/Documents/galactic_ws/install/ur_simulation_gazebo:/home/sebas/Documents/galactic_ws/install/ur_calibration:/home/sebas/Documents/galactic_ws/install/ur_robot_driver:/home/sebas/Documents/galactic_ws/install/ur_moveit_config:/home/sebas/Documents/galactic_ws/install/ur_bringup:/home/sebas/Documents/galactic_ws/install/ur_description:/home/sebas/Documents/galactic_ws/install/ball_picker:/opt/ros/galactic LD_LIBRARY_PATH=/home/sebas/Documents/galactic_ws/install/ur_controllers/lib:/home/sebas/Documents/galactic_ws/install/ur_dashboard_msgs/lib:/home/sebas/Documents/galactic_ws/install/ur_robot_driver/lib:/opt/ros/galactic/opt/yaml_cpp_vendor/lib:/opt/ros/galactic/opt/rviz_ogre_vendor/lib:/opt/ros/galactic/lib/x86_64-linux-gnu:/opt/ros/galactic/lib PYTHONPATH=/home/sebas/Documents/galactic_ws/install/ur_dashboard_msgs/lib/python3.8/site-packages:/home/sebas/Documents/galactic_ws/install/ur_robot_driver/lib/python3.8/site-packages:/home/sebas/Documents/galactic_ws/install/ur_moveit_config/lib/python3.8/site-packages:/opt/ros/galactic/lib/python3.8/site-packages /usr/bin/cmake /home/sebas/Documents/galactic_ws/src/Universal_Robots_ROS2_Driver/ur_bringup -DCMAKE_INSTALL_PREFIX=/home/sebas/Documents/galactic_ws/install/ur_bringup
[0.469s] Invoking command in '/home/sebas/Documents/galactic_ws/build/ur_bringup': CMAKE_PREFIX_PATH=/home/sebas/Documents/galactic_ws/install/ur_controllers:/home/sebas/Documents/galactic_ws/install/ur_dashboard_msgs:/home/sebas/Documents/galactic_ws/install/ur_simulation_gazebo:/home/sebas/Documents/galactic_ws/install/ur_calibration:/home/sebas/Documents/galactic_ws/install/ur_robot_driver:/home/sebas/Documents/galactic_ws/install/ur_moveit_config:/home/sebas/Documents/galactic_ws/install/ur_bringup:/home/sebas/Documents/galactic_ws/install/ur_description:/home/sebas/Documents/galactic_ws/install/ball_picker:/opt/ros/galactic LD_LIBRARY_PATH=/home/sebas/Documents/galactic_ws/install/ur_controllers/lib:/home/sebas/Documents/galactic_ws/install/ur_dashboard_msgs/lib:/home/sebas/Documents/galactic_ws/install/ur_robot_driver/lib:/opt/ros/galactic/opt/yaml_cpp_vendor/lib:/opt/ros/galactic/opt/rviz_ogre_vendor/lib:/opt/ros/galactic/lib/x86_64-linux-gnu:/opt/ros/galactic/lib PYTHONPATH=/home/sebas/Documents/galactic_ws/install/ur_dashboard_msgs/lib/python3.8/site-packages:/home/sebas/Documents/galactic_ws/install/ur_robot_driver/lib/python3.8/site-packages:/home/sebas/Documents/galactic_ws/install/ur_moveit_config/lib/python3.8/site-packages:/opt/ros/galactic/lib/python3.8/site-packages /usr/bin/cmake --build /home/sebas/Documents/galactic_ws/build/ur_bringup -- -j16 -l16
[0.501s] Invoked command in '/home/sebas/Documents/galactic_ws/build/ur_bringup' returned '0': CMAKE_PREFIX_PATH=/home/sebas/Documents/galactic_ws/install/ur_controllers:/home/sebas/Documents/galactic_ws/install/ur_dashboard_msgs:/home/sebas/Documents/galactic_ws/install/ur_simulation_gazebo:/home/sebas/Documents/galactic_ws/install/ur_calibration:/home/sebas/Documents/galactic_ws/install/ur_robot_driver:/home/sebas/Documents/galactic_ws/install/ur_moveit_config:/home/sebas/Documents/galactic_ws/install/ur_bringup:/home/sebas/Documents/galactic_ws/install/ur_description:/home/sebas/Documents/galactic_ws/install/ball_picker:/opt/ros/galactic LD_LIBRARY_PATH=/home/sebas/Documents/galactic_ws/install/ur_controllers/lib:/home/sebas/Documents/galactic_ws/install/ur_dashboard_msgs/lib:/home/sebas/Documents/galactic_ws/install/ur_robot_driver/lib:/opt/ros/galactic/opt/yaml_cpp_vendor/lib:/opt/ros/galactic/opt/rviz_ogre_vendor/lib:/opt/ros/galactic/lib/x86_64-linux-gnu:/opt/ros/galactic/lib PYTHONPATH=/home/sebas/Documents/galactic_ws/install/ur_dashboard_msgs/lib/python3.8/site-packages:/home/sebas/Documents/galactic_ws/install/ur_robot_driver/lib/python3.8/site-packages:/home/sebas/Documents/galactic_ws/install/ur_moveit_config/lib/python3.8/site-packages:/opt/ros/galactic/lib/python3.8/site-packages /usr/bin/cmake --build /home/sebas/Documents/galactic_ws/build/ur_bringup -- -j16 -l16
[0.521s] Invoking command in '/home/sebas/Documents/galactic_ws/build/ur_bringup': CMAKE_PREFIX_PATH=/home/sebas/Documents/galactic_ws/install/ur_controllers:/home/sebas/Documents/galactic_ws/install/ur_dashboard_msgs:/home/sebas/Documents/galactic_ws/install/ur_simulation_gazebo:/home/sebas/Documents/galactic_ws/install/ur_calibration:/home/sebas/Documents/galactic_ws/install/ur_robot_driver:/home/sebas/Documents/galactic_ws/install/ur_moveit_config:/home/sebas/Documents/galactic_ws/install/ur_bringup:/home/sebas/Documents/galactic_ws/install/ur_description:/home/sebas/Documents/galactic_ws/install/ball_picker:/opt/ros/galactic LD_LIBRARY_PATH=/home/sebas/Documents/galactic_ws/install/ur_controllers/lib:/home/sebas/Documents/galactic_ws/install/ur_dashboard_msgs/lib:/home/sebas/Documents/galactic_ws/install/ur_robot_driver/lib:/opt/ros/galactic/opt/yaml_cpp_vendor/lib:/opt/ros/galactic/opt/rviz_ogre_vendor/lib:/opt/ros/galactic/lib/x86_64-linux-gnu:/opt/ros/galactic/lib PYTHONPATH=/home/sebas/Documents/galactic_ws/install/ur_dashboard_msgs/lib/python3.8/site-packages:/home/sebas/Documents/galactic_ws/install/ur_robot_driver/lib/python3.8/site-packages:/home/sebas/Documents/galactic_ws/install/ur_moveit_config/lib/python3.8/site-packages:/opt/ros/galactic/lib/python3.8/site-packages /usr/bin/cmake --install /home/sebas/Documents/galactic_ws/build/ur_bringup
[0.527s] -- Install configuration: ""
[0.527s] -- Installing: /home/sebas/Documents/galactic_ws/install/ur_bringup/share/ur_bringup/config
[0.527s] -- Installing: /home/sebas/Documents/galactic_ws/install/ur_bringup/share/ur_bringup/config/ur16e_update_rate.yaml
[0.527s] -- Installing: /home/sebas/Documents/galactic_ws/install/ur_bringup/share/ur_bringup/config/test_velocity_goal_publishers_config.yaml
[0.527s] -- Installing: /home/sebas/Documents/galactic_ws/install/ur_bringup/share/ur_bringup/config/ur5_update_rate.yaml
[0.527s] -- Installing: /home/sebas/Documents/galactic_ws/install/ur_bringup/share/ur_bringup/config/ur3e_update_rate.yaml
[0.527s] -- Installing: /home/sebas/Documents/galactic_ws/install/ur_bringup/share/ur_bringup/config/ur_controllers.yaml
[0.527s] -- Installing: /home/sebas/Documents/galactic_ws/install/ur_bringup/share/ur_bringup/config/test_goal_publishers_config.yaml
[0.528s] -- Installing: /home/sebas/Documents/galactic_ws/install/ur_bringup/share/ur_bringup/config/ur3_update_rate.yaml
[0.528s] -- Installing: /home/sebas/Documents/galactic_ws/install/ur_bringup/share/ur_bringup/config/ur5e_update_rate.yaml
[0.528s] -- Installing: /home/sebas/Documents/galactic_ws/install/ur_bringup/share/ur_bringup/config/ur10e_update_rate.yaml
[0.528s] -- Installing: /home/sebas/Documents/galactic_ws/install/ur_bringup/share/ur_bringup/config/ur10_update_rate.yaml
[0.528s] -- Installing: /home/sebas/Documents/galactic_ws/install/ur_bringup/share/ur_bringup/launch
[0.529s] -- Installing: /home/sebas/Documents/galactic_ws/install/ur_bringup/share/ur_bringup/launch/ur5.launch.py
[0.529s] -- Installing: /home/sebas/Documents/galactic_ws/install/ur_bringup/share/ur_bringup/launch/ur5e.launch.py
[0.529s] -- Installing: /home/sebas/Documents/galactic_ws/install/ur_bringup/share/ur_bringup/launch/ur10e.launch.py
[0.529s] -- Installing: /home/sebas/Documents/galactic_ws/install/ur_bringup/share/ur_bringup/launch/ur3e.launch.py
[0.529s] -- Installing: /home/sebas/Documents/galactic_ws/install/ur_bringup/share/ur_bringup/launch/test_scaled_joint_trajectory_controller.launch.py
[0.529s] -- Installing: /home/sebas/Documents/galactic_ws/install/ur_bringup/share/ur_bringup/launch/ur_dashboard_client.launch.py
[0.529s] -- Installing: /home/sebas/Documents/galactic_ws/install/ur_bringup/share/ur_bringup/launch/test_joint_trajectory_controller.launch.py
[0.530s] -- Installing: /home/sebas/Documents/galactic_ws/install/ur_bringup/share/ur_bringup/launch/ur10.launch.py
[0.534s] -- Installing: /home/sebas/Documents/galactic_ws/install/ur_bringup/share/ur_bringup/launch/ur3.launch.py
[0.534s] -- Installing: /home/sebas/Documents/galactic_ws/install/ur_bringup/share/ur_bringup/launch/ur_control.launch.py
[0.534s] -- Installing: /home/sebas/Documents/galactic_ws/install/ur_bringup/share/ur_bringup/launch/test_forward_velocity_controller.launch.py
[0.534s] -- Installing: /home/sebas/Documents/galactic_ws/install/ur_bringup/share/ur_bringup/launch/ur16e.launch.py
[0.534s] -- Installing: /home/sebas/Documents/galactic_ws/install/ur_bringup/lib/ur_bringup/start_ursim.sh
[0.534s] -- Installing: /home/sebas/Documents/galactic_ws/install/ur_bringup/share/ament_index/resource_index/package_run_dependencies/ur_bringup
[0.534s] -- Installing: /home/sebas/Documents/galactic_ws/install/ur_bringup/share/ament_index/resource_index/parent_prefix_path/ur_bringup
[0.534s] -- Installing: /home/sebas/Documents/galactic_ws/install/ur_bringup/share/ur_bringup/environment/ament_prefix_path.sh
[0.534s] -- Installing: /home/sebas/Documents/galactic_ws/install/ur_bringup/share/ur_bringup/environment/ament_prefix_path.dsv
[0.534s] -- Installing: /home/sebas/Documents/galactic_ws/install/ur_bringup/share/ur_bringup/environment/path.sh
[0.534s] -- Installing: /home/sebas/Documents/galactic_ws/install/ur_bringup/share/ur_bringup/environment/path.dsv
[0.534s] -- Installing: /home/sebas/Documents/galactic_ws/install/ur_bringup/share/ur_bringup/local_setup.bash
[0.535s] -- Installing: /home/sebas/Documents/galactic_ws/install/ur_bringup/share/ur_bringup/local_setup.sh
[0.535s] -- Installing: /home/sebas/Documents/galactic_ws/install/ur_bringup/share/ur_bringup/local_setup.zsh
[0.535s] -- Installing: /home/sebas/Documents/galactic_ws/install/ur_bringup/share/ur_bringup/local_setup.dsv
[0.535s] -- Installing: /home/sebas/Documents/galactic_ws/install/ur_bringup/share/ur_bringup/package.dsv
[0.535s] -- Installing: /home/sebas/Documents/galactic_ws/install/ur_bringup/share/ament_index/resource_index/packages/ur_bringup
[0.535s] -- Installing: /home/sebas/Documents/galactic_ws/install/ur_bringup/share/ur_bringup/cmake/ur_bringupConfig.cmake
[0.535s] -- Installing: /home/sebas/Documents/galactic_ws/install/ur_bringup/share/ur_bringup/cmake/ur_bringupConfig-version.cmake
[0.535s] -- Installing: /home/sebas/Documents/galactic_ws/install/ur_bringup/share/ur_bringup/package.xml
[0.546s] Invoked command in '/home/sebas/Documents/galactic_ws/build/ur_bringup' returned '0': CMAKE_PREFIX_PATH=/home/sebas/Documents/galactic_ws/install/ur_controllers:/home/sebas/Documents/galactic_ws/install/ur_dashboard_msgs:/home/sebas/Documents/galactic_ws/install/ur_simulation_gazebo:/home/sebas/Documents/galactic_ws/install/ur_calibration:/home/sebas/Documents/galactic_ws/install/ur_robot_driver:/home/sebas/Documents/galactic_ws/install/ur_moveit_config:/home/sebas/Documents/galactic_ws/install/ur_bringup:/home/sebas/Documents/galactic_ws/install/ur_description:/home/sebas/Documents/galactic_ws/install/ball_picker:/opt/ros/galactic LD_LIBRARY_PATH=/home/sebas/Documents/galactic_ws/install/ur_controllers/lib:/home/sebas/Documents/galactic_ws/install/ur_dashboard_msgs/lib:/home/sebas/Documents/galactic_ws/install/ur_robot_driver/lib:/opt/ros/galactic/opt/yaml_cpp_vendor/lib:/opt/ros/galactic/opt/rviz_ogre_vendor/lib:/opt/ros/galactic/lib/x86_64-linux-gnu:/opt/ros/galactic/lib PYTHONPATH=/home/sebas/Documents/galactic_ws/install/ur_dashboard_msgs/lib/python3.8/site-packages:/home/sebas/Documents/galactic_ws/install/ur_robot_driver/lib/python3.8/site-packages:/home/sebas/Documents/galactic_ws/install/ur_moveit_config/lib/python3.8/site-packages:/opt/ros/galactic/lib/python3.8/site-packages /usr/bin/cmake --install /home/sebas/Documents/galactic_ws/build/ur_bringup
