[0.014s] Invoking command in '/home/sebas/Desktop/Projects/ur_ros2/build/ball_picker': CMAKE_PREFIX_PATH=/opt/ros/humble /usr/bin/cmake /home/sebas/Desktop/Projects/ur_ros2/src/ball_picker -DCMAKE_INSTALL_PREFIX=/home/sebas/Desktop/Projects/ur_ros2/install/ball_picker
[0.111s] -- The C compiler identification is GNU 11.3.0
[0.192s] -- The CXX compiler identification is GNU 11.3.0
[0.201s] -- Detecting C compiler ABI info
[0.244s] -- Detecting C compiler ABI info - done
[0.249s] -- Check for working C compiler: /usr/bin/cc - skipped
[0.250s] -- Detecting C compile features
[0.250s] -- Detecting C compile features - done
[0.253s] -- Detecting CXX compiler ABI info
[0.300s] -- Detecting CXX compiler ABI info - done
[0.305s] -- Check for working CXX compiler: /usr/bin/c++ - skipped
[0.305s] -- Detecting CXX compile features
[0.306s] -- Detecting CXX compile features - done
[0.308s] -- Found ament_cmake: 1.3.3 (/opt/ros/humble/share/ament_cmake/cmake)
[0.421s] -- Found Python3: /usr/bin/python3.10 (found version "3.10.6") found components: Interpreter 
[0.495s] -- Found ament_lint_auto: 0.12.5 (/opt/ros/humble/share/ament_lint_auto/cmake)
[0.556s] -- Added test 'flake8' to check Python code syntax and style conventions
[0.557s] -- Added test 'lint_cmake' to check CMake code style
[0.558s] -- Added test 'pep257' to check Python code against some of the docstring style conventions in PEP 257
[0.559s] -- Added test 'xmllint' to check XML markup files
[0.560s] -- Configuring done
[0.562s] -- Generating done
[0.562s] -- Build files have been written to: /home/sebas/Desktop/Projects/ur_ros2/build/ball_picker
[0.566s] Invoked command in '/home/sebas/Desktop/Projects/ur_ros2/build/ball_picker' returned '0': CMAKE_PREFIX_PATH=/opt/ros/humble /usr/bin/cmake /home/sebas/Desktop/Projects/ur_ros2/src/ball_picker -DCMAKE_INSTALL_PREFIX=/home/sebas/Desktop/Projects/ur_ros2/install/ball_picker
[0.568s] Invoking command in '/home/sebas/Desktop/Projects/ur_ros2/build/ball_picker': CMAKE_PREFIX_PATH=/opt/ros/humble /usr/bin/cmake --build /home/sebas/Desktop/Projects/ur_ros2/build/ball_picker -- -j16 -l16
[0.589s] Invoked command in '/home/sebas/Desktop/Projects/ur_ros2/build/ball_picker' returned '0': CMAKE_PREFIX_PATH=/opt/ros/humble /usr/bin/cmake --build /home/sebas/Desktop/Projects/ur_ros2/build/ball_picker -- -j16 -l16
[0.606s] Invoking command in '/home/sebas/Desktop/Projects/ur_ros2/build/ball_picker': CMAKE_PREFIX_PATH=/opt/ros/humble /usr/bin/cmake --install /home/sebas/Desktop/Projects/ur_ros2/build/ball_picker
[0.610s] -- Install configuration: ""
[0.610s] -- Installing: /home/sebas/Desktop/Projects/ur_ros2/install/ball_picker/share/ament_index/resource_index/package_run_dependencies/ball_picker
[0.610s] -- Installing: /home/sebas/Desktop/Projects/ur_ros2/install/ball_picker/share/ament_index/resource_index/parent_prefix_path/ball_picker
[0.610s] -- Installing: /home/sebas/Desktop/Projects/ur_ros2/install/ball_picker/share/ball_picker/environment/ament_prefix_path.sh
[0.610s] -- Installing: /home/sebas/Desktop/Projects/ur_ros2/install/ball_picker/share/ball_picker/environment/ament_prefix_path.dsv
[0.610s] -- Installing: /home/sebas/Desktop/Projects/ur_ros2/install/ball_picker/share/ball_picker/environment/path.sh
[0.611s] -- Installing: /home/sebas/Desktop/Projects/ur_ros2/install/ball_picker/share/ball_picker/environment/path.dsv
[0.611s] -- Installing: /home/sebas/Desktop/Projects/ur_ros2/install/ball_picker/share/ball_picker/local_setup.bash
[0.611s] -- Installing: /home/sebas/Desktop/Projects/ur_ros2/install/ball_picker/share/ball_picker/local_setup.sh
[0.611s] -- Installing: /home/sebas/Desktop/Projects/ur_ros2/install/ball_picker/share/ball_picker/local_setup.zsh
[0.611s] -- Installing: /home/sebas/Desktop/Projects/ur_ros2/install/ball_picker/share/ball_picker/local_setup.dsv
[0.611s] -- Installing: /home/sebas/Desktop/Projects/ur_ros2/install/ball_picker/share/ball_picker/package.dsv
[0.611s] -- Installing: /home/sebas/Desktop/Projects/ur_ros2/install/ball_picker/share/ament_index/resource_index/packages/ball_picker
[0.611s] -- Installing: /home/sebas/Desktop/Projects/ur_ros2/install/ball_picker/share/ball_picker/cmake/ball_pickerConfig.cmake
[0.611s] -- Installing: /home/sebas/Desktop/Projects/ur_ros2/install/ball_picker/share/ball_picker/cmake/ball_pickerConfig-version.cmake
[0.611s] -- Installing: /home/sebas/Desktop/Projects/ur_ros2/install/ball_picker/share/ball_picker/package.xml
[0.612s] Invoked command in '/home/sebas/Desktop/Projects/ur_ros2/build/ball_picker' returned '0': CMAKE_PREFIX_PATH=/opt/ros/humble /usr/bin/cmake --install /home/sebas/Desktop/Projects/ur_ros2/build/ball_picker
