-- The C compiler identification is GNU 9.4.0
-- The CXX compiler identification is GNU 9.4.0
-- Check for working C compiler: /usr/bin/cc
-- Check for working C compiler: /usr/bin/cc -- works
-- Detecting C compiler ABI info
-- Detecting C compiler ABI info - done
-- Detecting C compile features
-- Detecting C compile features - done
-- Check for working CXX compiler: /usr/bin/c++
-- Check for working CXX compiler: /usr/bin/c++ -- works
-- Detecting CXX compiler ABI info
-- Detecting CXX compiler ABI info - done
-- Detecting CXX compile features
-- Detecting CXX compile features - done
-- Found ament_cmake: 1.1.6 (/opt/ros/galactic/share/ament_cmake/cmake)
-- Found PythonInterp: /usr/bin/python3 (found suitable version "3.8.10", minimum required is "3") 
-- Using PYTHON_EXECUTABLE: /usr/bin/python3
-- Configuring done
-- Generating done
-- Build files have been written to: /home/sebas/Documents/galactic_ws/build/ur_simulation_gazebo
-- Install configuration: ""
-- Installing: /home/sebas/Documents/galactic_ws/install/ur_simulation_gazebo/share/ur_simulation_gazebo/config
-- Installing: /home/sebas/Documents/galactic_ws/install/ur_simulation_gazebo/share/ur_simulation_gazebo/config/ur_controllers.yaml
-- Installing: /home/sebas/Documents/galactic_ws/install/ur_simulation_gazebo/share/ur_simulation_gazebo/launch
-- Installing: /home/sebas/Documents/galactic_ws/install/ur_simulation_gazebo/share/ur_simulation_gazebo/launch/ur_sim_control.launch.py
-- Installing: /home/sebas/Documents/galactic_ws/install/ur_simulation_gazebo/share/ur_simulation_gazebo/launch/ur.launch.py
-- Installing: /home/sebas/Documents/galactic_ws/install/ur_simulation_gazebo/share/ur_simulation_gazebo/launch/ur_sim_moveit.launch.py
-- Installing: /home/sebas/Documents/galactic_ws/install/ur_simulation_gazebo/share/ament_index/resource_index/package_run_dependencies/ur_simulation_gazebo
-- Installing: /home/sebas/Documents/galactic_ws/install/ur_simulation_gazebo/share/ament_index/resource_index/parent_prefix_path/ur_simulation_gazebo
-- Installing: /home/sebas/Documents/galactic_ws/install/ur_simulation_gazebo/share/ur_simulation_gazebo/environment/ament_prefix_path.sh
-- Installing: /home/sebas/Documents/galactic_ws/install/ur_simulation_gazebo/share/ur_simulation_gazebo/environment/ament_prefix_path.dsv
-- Installing: /home/sebas/Documents/galactic_ws/install/ur_simulation_gazebo/share/ur_simulation_gazebo/environment/path.sh
-- Installing: /home/sebas/Documents/galactic_ws/install/ur_simulation_gazebo/share/ur_simulation_gazebo/environment/path.dsv
-- Installing: /home/sebas/Documents/galactic_ws/install/ur_simulation_gazebo/share/ur_simulation_gazebo/local_setup.bash
-- Installing: /home/sebas/Documents/galactic_ws/install/ur_simulation_gazebo/share/ur_simulation_gazebo/local_setup.sh
-- Installing: /home/sebas/Documents/galactic_ws/install/ur_simulation_gazebo/share/ur_simulation_gazebo/local_setup.zsh
-- Installing: /home/sebas/Documents/galactic_ws/install/ur_simulation_gazebo/share/ur_simulation_gazebo/local_setup.dsv
-- Installing: /home/sebas/Documents/galactic_ws/install/ur_simulation_gazebo/share/ur_simulation_gazebo/package.dsv
-- Installing: /home/sebas/Documents/galactic_ws/install/ur_simulation_gazebo/share/ament_index/resource_index/packages/ur_simulation_gazebo
-- Installing: /home/sebas/Documents/galactic_ws/install/ur_simulation_gazebo/share/ur_simulation_gazebo/cmake/ur_simulation_gazeboConfig.cmake
-- Installing: /home/sebas/Documents/galactic_ws/install/ur_simulation_gazebo/share/ur_simulation_gazebo/cmake/ur_simulation_gazeboConfig-version.cmake
-- Installing: /home/sebas/Documents/galactic_ws/install/ur_simulation_gazebo/share/ur_simulation_gazebo/package.xml
