[0.011s] Invoking command in '/home/sebas/Documents/galactic_ws/build/ur_simulation_gazebo': CMAKE_PREFIX_PATH=/home/sebas/Documents/galactic_ws/install/ur_controllers:/home/sebas/Documents/galactic_ws/install/ur_moveit_config:/home/sebas/Documents/galactic_ws/install/ur_dashboard_msgs:/home/sebas/Documents/galactic_ws/install/ur_simulation_gazebo:/home/sebas/Documents/galactic_ws/install/ur_calibration:/home/sebas/Documents/galactic_ws/install/ur_robot_driver:/home/sebas/Documents/galactic_ws/install/ur_bringup:/home/sebas/Documents/galactic_ws/install/ur_description:/home/sebas/Documents/galactic_ws/install/ball_picker:/opt/ros/galactic LD_LIBRARY_PATH=/home/sebas/Documents/galactic_ws/install/ur_controllers/lib:/home/sebas/Documents/galactic_ws/install/ur_dashboard_msgs/lib:/home/sebas/Documents/galactic_ws/install/ur_robot_driver/lib:/opt/ros/galactic/opt/yaml_cpp_vendor/lib:/opt/ros/galactic/opt/rviz_ogre_vendor/lib:/opt/ros/galactic/lib/x86_64-linux-gnu:/opt/ros/galactic/lib PYTHONPATH=/home/sebas/Documents/galactic_ws/install/ur_moveit_config/lib/python3.8/site-packages:/home/sebas/Documents/galactic_ws/install/ur_dashboard_msgs/lib/python3.8/site-packages:/home/sebas/Documents/galactic_ws/install/ur_robot_driver/lib/python3.8/site-packages:/opt/ros/galactic/lib/python3.8/site-packages /usr/bin/cmake /home/sebas/Documents/galactic_ws/src/Universal_Robots_ROS2_Gazebo_Simulation/ur_simulation_gazebo -DCMAKE_INSTALL_PREFIX=/home/sebas/Documents/galactic_ws/install/ur_simulation_gazebo
[0.052s] -- The C compiler identification is GNU 9.4.0
[0.091s] -- The CXX compiler identification is GNU 9.4.0
[0.094s] -- Check for working C compiler: /usr/bin/cc
[0.140s] -- Check for working C compiler: /usr/bin/cc -- works
[0.141s] -- Detecting C compiler ABI info
[0.193s] -- Detecting C compiler ABI info - done
[0.200s] -- Detecting C compile features
[0.200s] -- Detecting C compile features - done
[0.201s] -- Check for working CXX compiler: /usr/bin/c++
[0.256s] -- Check for working CXX compiler: /usr/bin/c++ -- works
[0.257s] -- Detecting CXX compiler ABI info
[0.321s] -- Detecting CXX compiler ABI info - done
[0.330s] -- Detecting CXX compile features
[0.331s] -- Detecting CXX compile features - done
[0.332s] -- Found ament_cmake: 1.1.6 (/opt/ros/galactic/share/ament_cmake/cmake)
[0.352s] -- Found PythonInterp: /usr/bin/python3 (found suitable version "3.8.10", minimum required is "3") 
[0.353s] -- Using PYTHON_EXECUTABLE: /usr/bin/python3
[0.453s] -- Configuring done
[0.454s] -- Generating done
[0.455s] -- Build files have been written to: /home/sebas/Documents/galactic_ws/build/ur_simulation_gazebo
[0.458s] Invoked command in '/home/sebas/Documents/galactic_ws/build/ur_simulation_gazebo' returned '0': CMAKE_PREFIX_PATH=/home/sebas/Documents/galactic_ws/install/ur_controllers:/home/sebas/Documents/galactic_ws/install/ur_moveit_config:/home/sebas/Documents/galactic_ws/install/ur_dashboard_msgs:/home/sebas/Documents/galactic_ws/install/ur_simulation_gazebo:/home/sebas/Documents/galactic_ws/install/ur_calibration:/home/sebas/Documents/galactic_ws/install/ur_robot_driver:/home/sebas/Documents/galactic_ws/install/ur_bringup:/home/sebas/Documents/galactic_ws/install/ur_description:/home/sebas/Documents/galactic_ws/install/ball_picker:/opt/ros/galactic LD_LIBRARY_PATH=/home/sebas/Documents/galactic_ws/install/ur_controllers/lib:/home/sebas/Documents/galactic_ws/install/ur_dashboard_msgs/lib:/home/sebas/Documents/galactic_ws/install/ur_robot_driver/lib:/opt/ros/galactic/opt/yaml_cpp_vendor/lib:/opt/ros/galactic/opt/rviz_ogre_vendor/lib:/opt/ros/galactic/lib/x86_64-linux-gnu:/opt/ros/galactic/lib PYTHONPATH=/home/sebas/Documents/galactic_ws/install/ur_moveit_config/lib/python3.8/site-packages:/home/sebas/Documents/galactic_ws/install/ur_dashboard_msgs/lib/python3.8/site-packages:/home/sebas/Documents/galactic_ws/install/ur_robot_driver/lib/python3.8/site-packages:/opt/ros/galactic/lib/python3.8/site-packages /usr/bin/cmake /home/sebas/Documents/galactic_ws/src/Universal_Robots_ROS2_Gazebo_Simulation/ur_simulation_gazebo -DCMAKE_INSTALL_PREFIX=/home/sebas/Documents/galactic_ws/install/ur_simulation_gazebo
[0.461s] Invoking command in '/home/sebas/Documents/galactic_ws/build/ur_simulation_gazebo': CMAKE_PREFIX_PATH=/home/sebas/Documents/galactic_ws/install/ur_controllers:/home/sebas/Documents/galactic_ws/install/ur_moveit_config:/home/sebas/Documents/galactic_ws/install/ur_dashboard_msgs:/home/sebas/Documents/galactic_ws/install/ur_simulation_gazebo:/home/sebas/Documents/galactic_ws/install/ur_calibration:/home/sebas/Documents/galactic_ws/install/ur_robot_driver:/home/sebas/Documents/galactic_ws/install/ur_bringup:/home/sebas/Documents/galactic_ws/install/ur_description:/home/sebas/Documents/galactic_ws/install/ball_picker:/opt/ros/galactic LD_LIBRARY_PATH=/home/sebas/Documents/galactic_ws/install/ur_controllers/lib:/home/sebas/Documents/galactic_ws/install/ur_dashboard_msgs/lib:/home/sebas/Documents/galactic_ws/install/ur_robot_driver/lib:/opt/ros/galactic/opt/yaml_cpp_vendor/lib:/opt/ros/galactic/opt/rviz_ogre_vendor/lib:/opt/ros/galactic/lib/x86_64-linux-gnu:/opt/ros/galactic/lib PYTHONPATH=/home/sebas/Documents/galactic_ws/install/ur_moveit_config/lib/python3.8/site-packages:/home/sebas/Documents/galactic_ws/install/ur_dashboard_msgs/lib/python3.8/site-packages:/home/sebas/Documents/galactic_ws/install/ur_robot_driver/lib/python3.8/site-packages:/opt/ros/galactic/lib/python3.8/site-packages /usr/bin/cmake --build /home/sebas/Documents/galactic_ws/build/ur_simulation_gazebo -- -j16 -l16
[0.491s] Invoked command in '/home/sebas/Documents/galactic_ws/build/ur_simulation_gazebo' returned '0': CMAKE_PREFIX_PATH=/home/sebas/Documents/galactic_ws/install/ur_controllers:/home/sebas/Documents/galactic_ws/install/ur_moveit_config:/home/sebas/Documents/galactic_ws/install/ur_dashboard_msgs:/home/sebas/Documents/galactic_ws/install/ur_simulation_gazebo:/home/sebas/Documents/galactic_ws/install/ur_calibration:/home/sebas/Documents/galactic_ws/install/ur_robot_driver:/home/sebas/Documents/galactic_ws/install/ur_bringup:/home/sebas/Documents/galactic_ws/install/ur_description:/home/sebas/Documents/galactic_ws/install/ball_picker:/opt/ros/galactic LD_LIBRARY_PATH=/home/sebas/Documents/galactic_ws/install/ur_controllers/lib:/home/sebas/Documents/galactic_ws/install/ur_dashboard_msgs/lib:/home/sebas/Documents/galactic_ws/install/ur_robot_driver/lib:/opt/ros/galactic/opt/yaml_cpp_vendor/lib:/opt/ros/galactic/opt/rviz_ogre_vendor/lib:/opt/ros/galactic/lib/x86_64-linux-gnu:/opt/ros/galactic/lib PYTHONPATH=/home/sebas/Documents/galactic_ws/install/ur_moveit_config/lib/python3.8/site-packages:/home/sebas/Documents/galactic_ws/install/ur_dashboard_msgs/lib/python3.8/site-packages:/home/sebas/Documents/galactic_ws/install/ur_robot_driver/lib/python3.8/site-packages:/opt/ros/galactic/lib/python3.8/site-packages /usr/bin/cmake --build /home/sebas/Documents/galactic_ws/build/ur_simulation_gazebo -- -j16 -l16
[0.514s] Invoking command in '/home/sebas/Documents/galactic_ws/build/ur_simulation_gazebo': CMAKE_PREFIX_PATH=/home/sebas/Documents/galactic_ws/install/ur_controllers:/home/sebas/Documents/galactic_ws/install/ur_moveit_config:/home/sebas/Documents/galactic_ws/install/ur_dashboard_msgs:/home/sebas/Documents/galactic_ws/install/ur_simulation_gazebo:/home/sebas/Documents/galactic_ws/install/ur_calibration:/home/sebas/Documents/galactic_ws/install/ur_robot_driver:/home/sebas/Documents/galactic_ws/install/ur_bringup:/home/sebas/Documents/galactic_ws/install/ur_description:/home/sebas/Documents/galactic_ws/install/ball_picker:/opt/ros/galactic LD_LIBRARY_PATH=/home/sebas/Documents/galactic_ws/install/ur_controllers/lib:/home/sebas/Documents/galactic_ws/install/ur_dashboard_msgs/lib:/home/sebas/Documents/galactic_ws/install/ur_robot_driver/lib:/opt/ros/galactic/opt/yaml_cpp_vendor/lib:/opt/ros/galactic/opt/rviz_ogre_vendor/lib:/opt/ros/galactic/lib/x86_64-linux-gnu:/opt/ros/galactic/lib PYTHONPATH=/home/sebas/Documents/galactic_ws/install/ur_moveit_config/lib/python3.8/site-packages:/home/sebas/Documents/galactic_ws/install/ur_dashboard_msgs/lib/python3.8/site-packages:/home/sebas/Documents/galactic_ws/install/ur_robot_driver/lib/python3.8/site-packages:/opt/ros/galactic/lib/python3.8/site-packages /usr/bin/cmake --install /home/sebas/Documents/galactic_ws/build/ur_simulation_gazebo
[0.520s] -- Install configuration: ""
[0.521s] -- Installing: /home/sebas/Documents/galactic_ws/install/ur_simulation_gazebo/share/ur_simulation_gazebo/config
[0.521s] -- Installing: /home/sebas/Documents/galactic_ws/install/ur_simulation_gazebo/share/ur_simulation_gazebo/config/ur_controllers.yaml
[0.521s] -- Installing: /home/sebas/Documents/galactic_ws/install/ur_simulation_gazebo/share/ur_simulation_gazebo/launch
[0.521s] -- Installing: /home/sebas/Documents/galactic_ws/install/ur_simulation_gazebo/share/ur_simulation_gazebo/launch/ur_sim_control.launch.py
[0.521s] -- Installing: /home/sebas/Documents/galactic_ws/install/ur_simulation_gazebo/share/ur_simulation_gazebo/launch/ur.launch.py
[0.521s] -- Installing: /home/sebas/Documents/galactic_ws/install/ur_simulation_gazebo/share/ur_simulation_gazebo/launch/ur_sim_moveit.launch.py
[0.522s] -- Installing: /home/sebas/Documents/galactic_ws/install/ur_simulation_gazebo/share/ament_index/resource_index/package_run_dependencies/ur_simulation_gazebo
[0.522s] -- Installing: /home/sebas/Documents/galactic_ws/install/ur_simulation_gazebo/share/ament_index/resource_index/parent_prefix_path/ur_simulation_gazebo
[0.522s] -- Installing: /home/sebas/Documents/galactic_ws/install/ur_simulation_gazebo/share/ur_simulation_gazebo/environment/ament_prefix_path.sh
[0.522s] -- Installing: /home/sebas/Documents/galactic_ws/install/ur_simulation_gazebo/share/ur_simulation_gazebo/environment/ament_prefix_path.dsv
[0.522s] -- Installing: /home/sebas/Documents/galactic_ws/install/ur_simulation_gazebo/share/ur_simulation_gazebo/environment/path.sh
[0.522s] -- Installing: /home/sebas/Documents/galactic_ws/install/ur_simulation_gazebo/share/ur_simulation_gazebo/environment/path.dsv
[0.522s] -- Installing: /home/sebas/Documents/galactic_ws/install/ur_simulation_gazebo/share/ur_simulation_gazebo/local_setup.bash
[0.523s] -- Installing: /home/sebas/Documents/galactic_ws/install/ur_simulation_gazebo/share/ur_simulation_gazebo/local_setup.sh
[0.523s] -- Installing: /home/sebas/Documents/galactic_ws/install/ur_simulation_gazebo/share/ur_simulation_gazebo/local_setup.zsh
[0.523s] -- Installing: /home/sebas/Documents/galactic_ws/install/ur_simulation_gazebo/share/ur_simulation_gazebo/local_setup.dsv
[0.523s] -- Installing: /home/sebas/Documents/galactic_ws/install/ur_simulation_gazebo/share/ur_simulation_gazebo/package.dsv
[0.523s] -- Installing: /home/sebas/Documents/galactic_ws/install/ur_simulation_gazebo/share/ament_index/resource_index/packages/ur_simulation_gazebo
[0.523s] -- Installing: /home/sebas/Documents/galactic_ws/install/ur_simulation_gazebo/share/ur_simulation_gazebo/cmake/ur_simulation_gazeboConfig.cmake
[0.523s] -- Installing: /home/sebas/Documents/galactic_ws/install/ur_simulation_gazebo/share/ur_simulation_gazebo/cmake/ur_simulation_gazeboConfig-version.cmake
[0.523s] -- Installing: /home/sebas/Documents/galactic_ws/install/ur_simulation_gazebo/share/ur_simulation_gazebo/package.xml
[0.528s] Invoked command in '/home/sebas/Documents/galactic_ws/build/ur_simulation_gazebo' returned '0': CMAKE_PREFIX_PATH=/home/sebas/Documents/galactic_ws/install/ur_controllers:/home/sebas/Documents/galactic_ws/install/ur_moveit_config:/home/sebas/Documents/galactic_ws/install/ur_dashboard_msgs:/home/sebas/Documents/galactic_ws/install/ur_simulation_gazebo:/home/sebas/Documents/galactic_ws/install/ur_calibration:/home/sebas/Documents/galactic_ws/install/ur_robot_driver:/home/sebas/Documents/galactic_ws/install/ur_bringup:/home/sebas/Documents/galactic_ws/install/ur_description:/home/sebas/Documents/galactic_ws/install/ball_picker:/opt/ros/galactic LD_LIBRARY_PATH=/home/sebas/Documents/galactic_ws/install/ur_controllers/lib:/home/sebas/Documents/galactic_ws/install/ur_dashboard_msgs/lib:/home/sebas/Documents/galactic_ws/install/ur_robot_driver/lib:/opt/ros/galactic/opt/yaml_cpp_vendor/lib:/opt/ros/galactic/opt/rviz_ogre_vendor/lib:/opt/ros/galactic/lib/x86_64-linux-gnu:/opt/ros/galactic/lib PYTHONPATH=/home/sebas/Documents/galactic_ws/install/ur_moveit_config/lib/python3.8/site-packages:/home/sebas/Documents/galactic_ws/install/ur_dashboard_msgs/lib/python3.8/site-packages:/home/sebas/Documents/galactic_ws/install/ur_robot_driver/lib/python3.8/site-packages:/opt/ros/galactic/lib/python3.8/site-packages /usr/bin/cmake --install /home/sebas/Documents/galactic_ws/build/ur_simulation_gazebo
