[0.010s] Invoking command in '/home/sebas/Documents/galactic_ws/build/ur_controllers': CMAKE_PREFIX_PATH=/home/sebas/Documents/galactic_ws/install/ur_dashboard_msgs:/home/sebas/Documents/galactic_ws/install/ur_simulation_gazebo:/home/sebas/Documents/galactic_ws/install/ur_calibration:/home/sebas/Documents/galactic_ws/install/ur_robot_driver:/home/sebas/Documents/galactic_ws/install/ur_moveit_config:/home/sebas/Documents/galactic_ws/install/ur_bringup:/home/sebas/Documents/galactic_ws/install/ur_description:/home/sebas/Documents/galactic_ws/install/ur_controllers:/home/sebas/Documents/galactic_ws/install/ball_picker:/opt/ros/galactic LD_LIBRARY_PATH=/home/sebas/Documents/galactic_ws/install/ur_dashboard_msgs/lib:/home/sebas/Documents/galactic_ws/install/ur_robot_driver/lib:/home/sebas/Documents/galactic_ws/install/ur_controllers/lib:/opt/ros/galactic/opt/yaml_cpp_vendor/lib:/opt/ros/galactic/opt/rviz_ogre_vendor/lib:/opt/ros/galactic/lib/x86_64-linux-gnu:/opt/ros/galactic/lib PYTHONPATH=/home/sebas/Documents/galactic_ws/install/ur_dashboard_msgs/lib/python3.8/site-packages:/home/sebas/Documents/galactic_ws/install/ur_robot_driver/lib/python3.8/site-packages:/home/sebas/Documents/galactic_ws/install/ur_moveit_config/lib/python3.8/site-packages:/opt/ros/galactic/lib/python3.8/site-packages /usr/bin/cmake /home/sebas/Documents/galactic_ws/src/Universal_Robots_ROS2_Driver/ur_controllers -DCMAKE_INSTALL_PREFIX=/home/sebas/Documents/galactic_ws/install/ur_controllers
[0.054s] -- The C compiler identification is GNU 9.4.0
[0.094s] -- The CXX compiler identification is GNU 9.4.0
[0.098s] -- Check for working C compiler: /usr/bin/cc
[0.152s] -- Check for working C compiler: /usr/bin/cc -- works
[0.152s] -- Detecting C compiler ABI info
[0.205s] -- Detecting C compiler ABI info - done
[0.219s] -- Detecting C compile features
[0.219s] -- Detecting C compile features - done
[0.221s] -- Check for working CXX compiler: /usr/bin/c++
[0.279s] -- Check for working CXX compiler: /usr/bin/c++ -- works
[0.279s] -- Detecting CXX compiler ABI info
[0.339s] -- Detecting CXX compiler ABI info - done
[0.348s] -- Detecting CXX compile features
[0.348s] -- Detecting CXX compile features - done
[0.349s] -- Found ament_cmake: 1.1.6 (/opt/ros/galactic/share/ament_cmake/cmake)
[0.369s] -- Found PythonInterp: /usr/bin/python3 (found suitable version "3.8.10", minimum required is "3") 
[0.369s] -- Using PYTHON_EXECUTABLE: /usr/bin/python3
[0.427s] -- Found angles: 1.14.0 (/opt/ros/galactic/share/angles/cmake)
[0.430s] -- Found controller_interface: 1.6.0 (/opt/ros/galactic/share/controller_interface/cmake)
[0.459s] -- Using all available rosidl_typesupport_c: rosidl_typesupport_fastrtps_c;rosidl_typesupport_introspection_c
[0.463s] -- Found rosidl_adapter: 2.2.3 (/opt/ros/galactic/share/rosidl_adapter/cmake)
[0.530s] -- Found OpenSSL: /usr/lib/x86_64-linux-gnu/libcrypto.so (found version "1.1.1f")  
[0.556s] -- Found FastRTPS: /opt/ros/galactic/include  
[0.616s] -- Using all available rosidl_typesupport_cpp: rosidl_typesupport_fastrtps_cpp;rosidl_typesupport_introspection_cpp
[1.017s] -- Found rmw_implementation_cmake: 3.3.1 (/opt/ros/galactic/share/rmw_implementation_cmake/cmake)
[1.019s] -- Found rmw_cyclonedds_cpp: 0.22.6 (/opt/ros/galactic/share/rmw_cyclonedds_cpp/cmake)
[1.033s] -- Using RMW implementation 'rmw_cyclonedds_cpp' as default
[1.033s] -- Looking for pthread.h
[1.090s] -- Looking for pthread.h - found
[1.090s] -- Performing Test CMAKE_HAVE_LIBC_PTHREAD
[1.149s] -- Performing Test CMAKE_HAVE_LIBC_PTHREAD - Failed
[1.149s] -- Looking for pthread_create in pthreads
[1.195s] -- Looking for pthread_create in pthreads - not found
[1.196s] -- Looking for pthread_create in pthread
[1.250s] -- Looking for pthread_create in pthread - found
[1.251s] -- Found Threads: TRUE  
[1.489s] -- Found joint_trajectory_controller: 1.5.1 (/opt/ros/galactic/share/joint_trajectory_controller/cmake)
[1.602s] -- Found realtime_tools: 2.2.0 (/opt/ros/galactic/share/realtime_tools/cmake)
[1.643s] -- Found std_srvs: 2.2.4 (/opt/ros/galactic/share/std_srvs/cmake)
[1.652s] -- Found ur_dashboard_msgs: 2.1.2 (/home/sebas/Documents/galactic_ws/install/ur_dashboard_msgs/share/ur_dashboard_msgs/cmake)
[1.706s] -- Found ur_msgs: 2.0.0 (/opt/ros/galactic/share/ur_msgs/cmake)
[2.044s] -- Configuring done
[2.080s] -- Generating done
[2.081s] -- Build files have been written to: /home/sebas/Documents/galactic_ws/build/ur_controllers
[2.088s] Invoked command in '/home/sebas/Documents/galactic_ws/build/ur_controllers' returned '0': CMAKE_PREFIX_PATH=/home/sebas/Documents/galactic_ws/install/ur_dashboard_msgs:/home/sebas/Documents/galactic_ws/install/ur_simulation_gazebo:/home/sebas/Documents/galactic_ws/install/ur_calibration:/home/sebas/Documents/galactic_ws/install/ur_robot_driver:/home/sebas/Documents/galactic_ws/install/ur_moveit_config:/home/sebas/Documents/galactic_ws/install/ur_bringup:/home/sebas/Documents/galactic_ws/install/ur_description:/home/sebas/Documents/galactic_ws/install/ur_controllers:/home/sebas/Documents/galactic_ws/install/ball_picker:/opt/ros/galactic LD_LIBRARY_PATH=/home/sebas/Documents/galactic_ws/install/ur_dashboard_msgs/lib:/home/sebas/Documents/galactic_ws/install/ur_robot_driver/lib:/home/sebas/Documents/galactic_ws/install/ur_controllers/lib:/opt/ros/galactic/opt/yaml_cpp_vendor/lib:/opt/ros/galactic/opt/rviz_ogre_vendor/lib:/opt/ros/galactic/lib/x86_64-linux-gnu:/opt/ros/galactic/lib PYTHONPATH=/home/sebas/Documents/galactic_ws/install/ur_dashboard_msgs/lib/python3.8/site-packages:/home/sebas/Documents/galactic_ws/install/ur_robot_driver/lib/python3.8/site-packages:/home/sebas/Documents/galactic_ws/install/ur_moveit_config/lib/python3.8/site-packages:/opt/ros/galactic/lib/python3.8/site-packages /usr/bin/cmake /home/sebas/Documents/galactic_ws/src/Universal_Robots_ROS2_Driver/ur_controllers -DCMAKE_INSTALL_PREFIX=/home/sebas/Documents/galactic_ws/install/ur_controllers
[2.090s] Invoking command in '/home/sebas/Documents/galactic_ws/build/ur_controllers': CMAKE_PREFIX_PATH=/home/sebas/Documents/galactic_ws/install/ur_dashboard_msgs:/home/sebas/Documents/galactic_ws/install/ur_simulation_gazebo:/home/sebas/Documents/galactic_ws/install/ur_calibration:/home/sebas/Documents/galactic_ws/install/ur_robot_driver:/home/sebas/Documents/galactic_ws/install/ur_moveit_config:/home/sebas/Documents/galactic_ws/install/ur_bringup:/home/sebas/Documents/galactic_ws/install/ur_description:/home/sebas/Documents/galactic_ws/install/ur_controllers:/home/sebas/Documents/galactic_ws/install/ball_picker:/opt/ros/galactic LD_LIBRARY_PATH=/home/sebas/Documents/galactic_ws/install/ur_dashboard_msgs/lib:/home/sebas/Documents/galactic_ws/install/ur_robot_driver/lib:/home/sebas/Documents/galactic_ws/install/ur_controllers/lib:/opt/ros/galactic/opt/yaml_cpp_vendor/lib:/opt/ros/galactic/opt/rviz_ogre_vendor/lib:/opt/ros/galactic/lib/x86_64-linux-gnu:/opt/ros/galactic/lib PYTHONPATH=/home/sebas/Documents/galactic_ws/install/ur_dashboard_msgs/lib/python3.8/site-packages:/home/sebas/Documents/galactic_ws/install/ur_robot_driver/lib/python3.8/site-packages:/home/sebas/Documents/galactic_ws/install/ur_moveit_config/lib/python3.8/site-packages:/opt/ros/galactic/lib/python3.8/site-packages /usr/bin/cmake --build /home/sebas/Documents/galactic_ws/build/ur_controllers -- -j16 -l16
[2.123s] [35m[1mScanning dependencies of target ur_controllers[0m
[2.205s] [ 50%] [32mBuilding CXX object CMakeFiles/ur_controllers.dir/src/scaled_joint_trajectory_controller.cpp.o[0m
[2.205s] [ 50%] [32mBuilding CXX object CMakeFiles/ur_controllers.dir/src/speed_scaling_state_broadcaster.cpp.o[0m
[2.205s] [ 75%] [32mBuilding CXX object CMakeFiles/ur_controllers.dir/src/gpio_controller.cpp.o[0m
[7.781s] [100%] [32m[1mLinking CXX shared library libur_controllers.so[0m
[8.110s] [100%] Built target ur_controllers
[8.120s] Invoked command in '/home/sebas/Documents/galactic_ws/build/ur_controllers' returned '0': CMAKE_PREFIX_PATH=/home/sebas/Documents/galactic_ws/install/ur_dashboard_msgs:/home/sebas/Documents/galactic_ws/install/ur_simulation_gazebo:/home/sebas/Documents/galactic_ws/install/ur_calibration:/home/sebas/Documents/galactic_ws/install/ur_robot_driver:/home/sebas/Documents/galactic_ws/install/ur_moveit_config:/home/sebas/Documents/galactic_ws/install/ur_bringup:/home/sebas/Documents/galactic_ws/install/ur_description:/home/sebas/Documents/galactic_ws/install/ur_controllers:/home/sebas/Documents/galactic_ws/install/ball_picker:/opt/ros/galactic LD_LIBRARY_PATH=/home/sebas/Documents/galactic_ws/install/ur_dashboard_msgs/lib:/home/sebas/Documents/galactic_ws/install/ur_robot_driver/lib:/home/sebas/Documents/galactic_ws/install/ur_controllers/lib:/opt/ros/galactic/opt/yaml_cpp_vendor/lib:/opt/ros/galactic/opt/rviz_ogre_vendor/lib:/opt/ros/galactic/lib/x86_64-linux-gnu:/opt/ros/galactic/lib PYTHONPATH=/home/sebas/Documents/galactic_ws/install/ur_dashboard_msgs/lib/python3.8/site-packages:/home/sebas/Documents/galactic_ws/install/ur_robot_driver/lib/python3.8/site-packages:/home/sebas/Documents/galactic_ws/install/ur_moveit_config/lib/python3.8/site-packages:/opt/ros/galactic/lib/python3.8/site-packages /usr/bin/cmake --build /home/sebas/Documents/galactic_ws/build/ur_controllers -- -j16 -l16
[8.140s] Invoking command in '/home/sebas/Documents/galactic_ws/build/ur_controllers': CMAKE_PREFIX_PATH=/home/sebas/Documents/galactic_ws/install/ur_dashboard_msgs:/home/sebas/Documents/galactic_ws/install/ur_simulation_gazebo:/home/sebas/Documents/galactic_ws/install/ur_calibration:/home/sebas/Documents/galactic_ws/install/ur_robot_driver:/home/sebas/Documents/galactic_ws/install/ur_moveit_config:/home/sebas/Documents/galactic_ws/install/ur_bringup:/home/sebas/Documents/galactic_ws/install/ur_description:/home/sebas/Documents/galactic_ws/install/ur_controllers:/home/sebas/Documents/galactic_ws/install/ball_picker:/opt/ros/galactic LD_LIBRARY_PATH=/home/sebas/Documents/galactic_ws/install/ur_dashboard_msgs/lib:/home/sebas/Documents/galactic_ws/install/ur_robot_driver/lib:/home/sebas/Documents/galactic_ws/install/ur_controllers/lib:/opt/ros/galactic/opt/yaml_cpp_vendor/lib:/opt/ros/galactic/opt/rviz_ogre_vendor/lib:/opt/ros/galactic/lib/x86_64-linux-gnu:/opt/ros/galactic/lib PYTHONPATH=/home/sebas/Documents/galactic_ws/install/ur_dashboard_msgs/lib/python3.8/site-packages:/home/sebas/Documents/galactic_ws/install/ur_robot_driver/lib/python3.8/site-packages:/home/sebas/Documents/galactic_ws/install/ur_moveit_config/lib/python3.8/site-packages:/opt/ros/galactic/lib/python3.8/site-packages /usr/bin/cmake --install /home/sebas/Documents/galactic_ws/build/ur_controllers
[8.147s] -- Install configuration: ""
[8.147s] -- Installing: /home/sebas/Documents/galactic_ws/install/ur_controllers/share/ur_controllers/controller_plugins.xml
[8.148s] -- Installing: /home/sebas/Documents/galactic_ws/install/ur_controllers/lib/libur_controllers.so
[8.151s] -- Set runtime path of "/home/sebas/Documents/galactic_ws/install/ur_controllers/lib/libur_controllers.so" to ""
[8.151s] -- Installing: /home/sebas/Documents/galactic_ws/install/ur_controllers/include
[8.151s] -- Installing: /home/sebas/Documents/galactic_ws/install/ur_controllers/include/ur_controllers
[8.151s] -- Installing: /home/sebas/Documents/galactic_ws/install/ur_controllers/include/ur_controllers/scaled_joint_trajectory_controller.hpp
[8.151s] -- Installing: /home/sebas/Documents/galactic_ws/install/ur_controllers/include/ur_controllers/gpio_controller.hpp
[8.151s] -- Installing: /home/sebas/Documents/galactic_ws/install/ur_controllers/include/ur_controllers/speed_scaling_state_broadcaster.hpp
[8.151s] -- Up-to-date: /home/sebas/Documents/galactic_ws/install/ur_controllers/share/ur_controllers/controller_plugins.xml
[8.151s] -- Installing: /home/sebas/Documents/galactic_ws/install/ur_controllers/share/ur_controllers/environment/library_path.sh
[8.151s] -- Installing: /home/sebas/Documents/galactic_ws/install/ur_controllers/share/ur_controllers/environment/library_path.dsv
[8.151s] -- Installing: /home/sebas/Documents/galactic_ws/install/ur_controllers/share/ament_index/resource_index/package_run_dependencies/ur_controllers
[8.151s] -- Installing: /home/sebas/Documents/galactic_ws/install/ur_controllers/share/ament_index/resource_index/parent_prefix_path/ur_controllers
[8.152s] -- Installing: /home/sebas/Documents/galactic_ws/install/ur_controllers/share/ur_controllers/environment/ament_prefix_path.sh
[8.152s] -- Installing: /home/sebas/Documents/galactic_ws/install/ur_controllers/share/ur_controllers/environment/ament_prefix_path.dsv
[8.152s] -- Installing: /home/sebas/Documents/galactic_ws/install/ur_controllers/share/ur_controllers/environment/path.sh
[8.152s] -- Installing: /home/sebas/Documents/galactic_ws/install/ur_controllers/share/ur_controllers/environment/path.dsv
[8.152s] -- Installing: /home/sebas/Documents/galactic_ws/install/ur_controllers/share/ur_controllers/local_setup.bash
[8.152s] -- Installing: /home/sebas/Documents/galactic_ws/install/ur_controllers/share/ur_controllers/local_setup.sh
[8.152s] -- Installing: /home/sebas/Documents/galactic_ws/install/ur_controllers/share/ur_controllers/local_setup.zsh
[8.152s] -- Installing: /home/sebas/Documents/galactic_ws/install/ur_controllers/share/ur_controllers/local_setup.dsv
[8.152s] -- Installing: /home/sebas/Documents/galactic_ws/install/ur_controllers/share/ur_controllers/package.dsv
[8.152s] -- Installing: /home/sebas/Documents/galactic_ws/install/ur_controllers/share/ament_index/resource_index/packages/ur_controllers
[8.153s] -- Installing: /home/sebas/Documents/galactic_ws/install/ur_controllers/share/ament_index/resource_index/controller_interface__pluginlib__plugin/ur_controllers
[8.153s] -- Installing: /home/sebas/Documents/galactic_ws/install/ur_controllers/share/ur_controllers/cmake/ament_cmake_export_dependencies-extras.cmake
[8.153s] -- Installing: /home/sebas/Documents/galactic_ws/install/ur_controllers/share/ur_controllers/cmake/ament_cmake_export_include_directories-extras.cmake
[8.153s] -- Installing: /home/sebas/Documents/galactic_ws/install/ur_controllers/share/ur_controllers/cmake/ament_cmake_export_libraries-extras.cmake
[8.153s] -- Installing: /home/sebas/Documents/galactic_ws/install/ur_controllers/share/ur_controllers/cmake/ur_controllersConfig.cmake
[8.153s] -- Installing: /home/sebas/Documents/galactic_ws/install/ur_controllers/share/ur_controllers/cmake/ur_controllersConfig-version.cmake
[8.153s] -- Installing: /home/sebas/Documents/galactic_ws/install/ur_controllers/share/ur_controllers/package.xml
[8.157s] Invoked command in '/home/sebas/Documents/galactic_ws/build/ur_controllers' returned '0': CMAKE_PREFIX_PATH=/home/sebas/Documents/galactic_ws/install/ur_dashboard_msgs:/home/sebas/Documents/galactic_ws/install/ur_simulation_gazebo:/home/sebas/Documents/galactic_ws/install/ur_calibration:/home/sebas/Documents/galactic_ws/install/ur_robot_driver:/home/sebas/Documents/galactic_ws/install/ur_moveit_config:/home/sebas/Documents/galactic_ws/install/ur_bringup:/home/sebas/Documents/galactic_ws/install/ur_description:/home/sebas/Documents/galactic_ws/install/ur_controllers:/home/sebas/Documents/galactic_ws/install/ball_picker:/opt/ros/galactic LD_LIBRARY_PATH=/home/sebas/Documents/galactic_ws/install/ur_dashboard_msgs/lib:/home/sebas/Documents/galactic_ws/install/ur_robot_driver/lib:/home/sebas/Documents/galactic_ws/install/ur_controllers/lib:/opt/ros/galactic/opt/yaml_cpp_vendor/lib:/opt/ros/galactic/opt/rviz_ogre_vendor/lib:/opt/ros/galactic/lib/x86_64-linux-gnu:/opt/ros/galactic/lib PYTHONPATH=/home/sebas/Documents/galactic_ws/install/ur_dashboard_msgs/lib/python3.8/site-packages:/home/sebas/Documents/galactic_ws/install/ur_robot_driver/lib/python3.8/site-packages:/home/sebas/Documents/galactic_ws/install/ur_moveit_config/lib/python3.8/site-packages:/opt/ros/galactic/lib/python3.8/site-packages /usr/bin/cmake --install /home/sebas/Documents/galactic_ws/build/ur_controllers
