[0.015s] Invoking command in '/home/sebas/Documents/galactic_ws/build/ball_picker': CMAKE_PREFIX_PATH=${CMAKE_PREFIX_PATH}:/opt/ros/galactic /usr/bin/cmake --build /home/sebas/Documents/galactic_ws/build/ball_picker -- -j16 -l16
[0.055s] [ 33%] Built target ball_publisher
[0.056s] [ 66%] Built target ball_listener
[0.057s] [100%] Built target tracker
[0.065s] Invoked command in '/home/sebas/Documents/galactic_ws/build/ball_picker' returned '0': CMAKE_PREFIX_PATH=${CMAKE_PREFIX_PATH}:/opt/ros/galactic /usr/bin/cmake --build /home/sebas/Documents/galactic_ws/build/ball_picker -- -j16 -l16
[0.088s] Invoking command in '/home/sebas/Documents/galactic_ws/build/ball_picker': CMAKE_PREFIX_PATH=${CMAKE_PREFIX_PATH}:/opt/ros/galactic /usr/bin/cmake --install /home/sebas/Documents/galactic_ws/build/ball_picker
[0.094s] -- Install configuration: ""
[0.095s] -- Up-to-date: /home/sebas/Documents/galactic_ws/install/ball_picker/lib/ball_picker/ball_publisher
[0.095s] -- Up-to-date: /home/sebas/Documents/galactic_ws/install/ball_picker/lib/ball_picker/ball_listener
[0.095s] -- Up-to-date: /home/sebas/Documents/galactic_ws/install/ball_picker/lib/ball_picker/tracker
[0.095s] -- Up-to-date: /home/sebas/Documents/galactic_ws/install/ball_picker/share/ball_picker/launch
[0.095s] -- Up-to-date: /home/sebas/Documents/galactic_ws/install/ball_picker/share/ball_picker/launch/ball_picker_rviz_launch.py
[0.095s] -- Up-to-date: /home/sebas/Documents/galactic_ws/install/ball_picker/share/ball_picker/launch/__pycache__
[0.095s] -- Up-to-date: /home/sebas/Documents/galactic_ws/install/ball_picker/share/ball_picker/launch/__pycache__/arm_gazebo.launch.cpython-310.pyc
[0.095s] -- Up-to-date: /home/sebas/Documents/galactic_ws/install/ball_picker/share/ball_picker/launch/ur.launch.py
[0.096s] -- Up-to-date: /home/sebas/Documents/galactic_ws/install/ball_picker/share/ball_picker/launch/ball_picker_gazebo_launch.py
[0.096s] -- Up-to-date: /home/sebas/Documents/galactic_ws/install/ball_picker/share/ball_picker/launch/arm_gazebo.launch.py
[0.096s] -- Up-to-date: /home/sebas/Documents/galactic_ws/install/ball_picker/share/ball_picker/urdf
[0.096s] -- Up-to-date: /home/sebas/Documents/galactic_ws/install/ball_picker/share/ball_picker/urdf/ur10.urdf
[0.096s] -- Up-to-date: /home/sebas/Documents/galactic_ws/install/ball_picker/share/ball_picker/urdf/ur5e.urdf
[0.096s] -- Up-to-date: /home/sebas/Documents/galactic_ws/install/ball_picker/share/ball_picker/urdf/camera.xacro
[0.096s] -- Up-to-date: /home/sebas/Documents/galactic_ws/install/ball_picker/share/ball_picker/urdf/ball_picker.urdf
[0.096s] -- Up-to-date: /home/sebas/Documents/galactic_ws/install/ball_picker/share/ball_picker/config
[0.096s] -- Up-to-date: /home/sebas/Documents/galactic_ws/install/ball_picker/share/ball_picker/config/ur_controllers.yaml
[0.096s] -- Up-to-date: /home/sebas/Documents/galactic_ws/install/ball_picker/share/ament_index/resource_index/package_run_dependencies/ball_picker
[0.096s] -- Up-to-date: /home/sebas/Documents/galactic_ws/install/ball_picker/share/ament_index/resource_index/parent_prefix_path/ball_picker
[0.096s] -- Up-to-date: /home/sebas/Documents/galactic_ws/install/ball_picker/share/ball_picker/environment/ament_prefix_path.sh
[0.096s] -- Up-to-date: /home/sebas/Documents/galactic_ws/install/ball_picker/share/ball_picker/environment/ament_prefix_path.dsv
[0.096s] -- Up-to-date: /home/sebas/Documents/galactic_ws/install/ball_picker/share/ball_picker/environment/path.sh
[0.096s] -- Up-to-date: /home/sebas/Documents/galactic_ws/install/ball_picker/share/ball_picker/environment/path.dsv
[0.097s] -- Up-to-date: /home/sebas/Documents/galactic_ws/install/ball_picker/share/ball_picker/local_setup.bash
[0.097s] -- Up-to-date: /home/sebas/Documents/galactic_ws/install/ball_picker/share/ball_picker/local_setup.sh
[0.097s] -- Up-to-date: /home/sebas/Documents/galactic_ws/install/ball_picker/share/ball_picker/local_setup.zsh
[0.097s] -- Up-to-date: /home/sebas/Documents/galactic_ws/install/ball_picker/share/ball_picker/local_setup.dsv
[0.097s] -- Installing: /home/sebas/Documents/galactic_ws/install/ball_picker/share/ball_picker/package.dsv
[0.097s] -- Up-to-date: /home/sebas/Documents/galactic_ws/install/ball_picker/share/ament_index/resource_index/packages/ball_picker
[0.097s] -- Up-to-date: /home/sebas/Documents/galactic_ws/install/ball_picker/share/ball_picker/cmake/ball_pickerConfig.cmake
[0.097s] -- Up-to-date: /home/sebas/Documents/galactic_ws/install/ball_picker/share/ball_picker/cmake/ball_pickerConfig-version.cmake
[0.097s] -- Up-to-date: /home/sebas/Documents/galactic_ws/install/ball_picker/share/ball_picker/package.xml
[0.098s] Invoked command in '/home/sebas/Documents/galactic_ws/build/ball_picker' returned '0': CMAKE_PREFIX_PATH=${CMAKE_PREFIX_PATH}:/opt/ros/galactic /usr/bin/cmake --install /home/sebas/Documents/galactic_ws/build/ball_picker
