[0.020s] Invoking command in '/home/sebas/Documents/galactic_ws/build/ur_calibration': CMAKE_PREFIX_PATH=/home/sebas/Documents/galactic_ws/install/ur_robot_driver:/home/sebas/Documents/galactic_ws/install/ur_bringup:/home/sebas/Documents/galactic_ws/install/ur_controllers:/home/sebas/Documents/galactic_ws/install/ur_dashboard_msgs:/home/sebas/Documents/galactic_ws/install/ur_simulation_gazebo:/home/sebas/Documents/galactic_ws/install/ur_calibration:/home/sebas/Documents/galactic_ws/install/ur_moveit_config:/home/sebas/Documents/galactic_ws/install/ur_description:/home/sebas/Documents/galactic_ws/install/ball_picker:/opt/ros/galactic PYTHONPATH=/home/sebas/Documents/galactic_ws/install/ur_robot_driver/lib/python3.8/site-packages:/home/sebas/Documents/galactic_ws/install/ur_dashboard_msgs/lib/python3.8/site-packages:/home/sebas/Documents/galactic_ws/install/ur_moveit_config/lib/python3.8/site-packages:/opt/ros/galactic/lib/python3.8/site-packages /usr/bin/cmake --build /home/sebas/Documents/galactic_ws/build/ur_calibration -- -j16 -l16
[0.069s] [ 33%] Built target gmock_main
[0.069s] [ 41%] Built target gmock
[0.086s] [ 75%] Built target calibration_correction
[0.102s] [100%] Built target calibration_test
[0.116s] Invoked command in '/home/sebas/Documents/galactic_ws/build/ur_calibration' returned '0': CMAKE_PREFIX_PATH=/home/sebas/Documents/galactic_ws/install/ur_robot_driver:/home/sebas/Documents/galactic_ws/install/ur_bringup:/home/sebas/Documents/galactic_ws/install/ur_controllers:/home/sebas/Documents/galactic_ws/install/ur_dashboard_msgs:/home/sebas/Documents/galactic_ws/install/ur_simulation_gazebo:/home/sebas/Documents/galactic_ws/install/ur_calibration:/home/sebas/Documents/galactic_ws/install/ur_moveit_config:/home/sebas/Documents/galactic_ws/install/ur_description:/home/sebas/Documents/galactic_ws/install/ball_picker:/opt/ros/galactic PYTHONPATH=/home/sebas/Documents/galactic_ws/install/ur_robot_driver/lib/python3.8/site-packages:/home/sebas/Documents/galactic_ws/install/ur_dashboard_msgs/lib/python3.8/site-packages:/home/sebas/Documents/galactic_ws/install/ur_moveit_config/lib/python3.8/site-packages:/opt/ros/galactic/lib/python3.8/site-packages /usr/bin/cmake --build /home/sebas/Documents/galactic_ws/build/ur_calibration -- -j16 -l16
[0.168s] Invoking command in '/home/sebas/Documents/galactic_ws/build/ur_calibration': CMAKE_PREFIX_PATH=/home/sebas/Documents/galactic_ws/install/ur_robot_driver:/home/sebas/Documents/galactic_ws/install/ur_bringup:/home/sebas/Documents/galactic_ws/install/ur_controllers:/home/sebas/Documents/galactic_ws/install/ur_dashboard_msgs:/home/sebas/Documents/galactic_ws/install/ur_simulation_gazebo:/home/sebas/Documents/galactic_ws/install/ur_calibration:/home/sebas/Documents/galactic_ws/install/ur_moveit_config:/home/sebas/Documents/galactic_ws/install/ur_description:/home/sebas/Documents/galactic_ws/install/ball_picker:/opt/ros/galactic PYTHONPATH=/home/sebas/Documents/galactic_ws/install/ur_robot_driver/lib/python3.8/site-packages:/home/sebas/Documents/galactic_ws/install/ur_dashboard_msgs/lib/python3.8/site-packages:/home/sebas/Documents/galactic_ws/install/ur_moveit_config/lib/python3.8/site-packages:/opt/ros/galactic/lib/python3.8/site-packages /usr/bin/cmake --install /home/sebas/Documents/galactic_ws/build/ur_calibration
[0.180s] -- Install configuration: "RelWithDebInfo"
[0.180s] -- Up-to-date: /home/sebas/Documents/galactic_ws/install/ur_calibration/lib/ur_calibration/calibration_correction
[0.180s] -- Up-to-date: /home/sebas/Documents/galactic_ws/install/ur_calibration/include
[0.180s] -- Up-to-date: /home/sebas/Documents/galactic_ws/install/ur_calibration/include/ur_calibration
[0.180s] -- Up-to-date: /home/sebas/Documents/galactic_ws/install/ur_calibration/include/ur_calibration/calibration.hpp
[0.180s] -- Up-to-date: /home/sebas/Documents/galactic_ws/install/ur_calibration/include/ur_calibration/calibration_consumer.hpp
[0.180s] -- Up-to-date: /home/sebas/Documents/galactic_ws/install/ur_calibration/share/ur_calibration/launch
[0.180s] -- Up-to-date: /home/sebas/Documents/galactic_ws/install/ur_calibration/share/ur_calibration/launch/calibration_correction.launch.py
[0.180s] -- Up-to-date: /home/sebas/Documents/galactic_ws/install/ur_calibration/share/ament_index/resource_index/package_run_dependencies/ur_calibration
[0.181s] -- Up-to-date: /home/sebas/Documents/galactic_ws/install/ur_calibration/share/ament_index/resource_index/parent_prefix_path/ur_calibration
[0.181s] -- Up-to-date: /home/sebas/Documents/galactic_ws/install/ur_calibration/share/ur_calibration/environment/ament_prefix_path.sh
[0.181s] -- Up-to-date: /home/sebas/Documents/galactic_ws/install/ur_calibration/share/ur_calibration/environment/ament_prefix_path.dsv
[0.181s] -- Up-to-date: /home/sebas/Documents/galactic_ws/install/ur_calibration/share/ur_calibration/environment/path.sh
[0.181s] -- Up-to-date: /home/sebas/Documents/galactic_ws/install/ur_calibration/share/ur_calibration/environment/path.dsv
[0.181s] -- Up-to-date: /home/sebas/Documents/galactic_ws/install/ur_calibration/share/ur_calibration/local_setup.bash
[0.181s] -- Up-to-date: /home/sebas/Documents/galactic_ws/install/ur_calibration/share/ur_calibration/local_setup.sh
[0.181s] -- Up-to-date: /home/sebas/Documents/galactic_ws/install/ur_calibration/share/ur_calibration/local_setup.zsh
[0.181s] -- Up-to-date: /home/sebas/Documents/galactic_ws/install/ur_calibration/share/ur_calibration/local_setup.dsv
[0.181s] -- Installing: /home/sebas/Documents/galactic_ws/install/ur_calibration/share/ur_calibration/package.dsv
[0.181s] -- Up-to-date: /home/sebas/Documents/galactic_ws/install/ur_calibration/share/ament_index/resource_index/packages/ur_calibration
[0.181s] -- Up-to-date: /home/sebas/Documents/galactic_ws/install/ur_calibration/share/ur_calibration/cmake/ament_cmake_export_include_directories-extras.cmake
[0.181s] -- Up-to-date: /home/sebas/Documents/galactic_ws/install/ur_calibration/share/ur_calibration/cmake/ament_cmake_export_dependencies-extras.cmake
[0.181s] -- Up-to-date: /home/sebas/Documents/galactic_ws/install/ur_calibration/share/ur_calibration/cmake/ur_calibrationConfig.cmake
[0.182s] -- Up-to-date: /home/sebas/Documents/galactic_ws/install/ur_calibration/share/ur_calibration/cmake/ur_calibrationConfig-version.cmake
[0.182s] -- Up-to-date: /home/sebas/Documents/galactic_ws/install/ur_calibration/share/ur_calibration/package.xml
[0.186s] Invoked command in '/home/sebas/Documents/galactic_ws/build/ur_calibration' returned '0': CMAKE_PREFIX_PATH=/home/sebas/Documents/galactic_ws/install/ur_robot_driver:/home/sebas/Documents/galactic_ws/install/ur_bringup:/home/sebas/Documents/galactic_ws/install/ur_controllers:/home/sebas/Documents/galactic_ws/install/ur_dashboard_msgs:/home/sebas/Documents/galactic_ws/install/ur_simulation_gazebo:/home/sebas/Documents/galactic_ws/install/ur_calibration:/home/sebas/Documents/galactic_ws/install/ur_moveit_config:/home/sebas/Documents/galactic_ws/install/ur_description:/home/sebas/Documents/galactic_ws/install/ball_picker:/opt/ros/galactic PYTHONPATH=/home/sebas/Documents/galactic_ws/install/ur_robot_driver/lib/python3.8/site-packages:/home/sebas/Documents/galactic_ws/install/ur_dashboard_msgs/lib/python3.8/site-packages:/home/sebas/Documents/galactic_ws/install/ur_moveit_config/lib/python3.8/site-packages:/opt/ros/galactic/lib/python3.8/site-packages /usr/bin/cmake --install /home/sebas/Documents/galactic_ws/build/ur_calibration
