[100%] Built target ball_publisher
[100%] Built target ball_listener
-- Install configuration: ""
-- Execute custom install script
-- Up-to-date symlink: /home/sebas/Desktop/Projects/ur_ros2/install/ball_picker/lib/ball_picker/ball_publisher
-- Up-to-date symlink: /home/sebas/Desktop/Projects/ur_ros2/install/ball_picker/lib/ball_picker/ball_listener
-- Up-to-date symlink: /home/sebas/Desktop/Projects/ur_ros2/install/ball_picker/share/ball_picker/launch/__pycache__/arm_gazebo.launch.cpython-310.pyc
-- Up-to-date symlink: /home/sebas/Desktop/Projects/ur_ros2/install/ball_picker/share/ball_picker/launch/arm_gazebo.launch.py
-- Up-to-date symlink: /home/sebas/Desktop/Projects/ur_ros2/install/ball_picker/share/ball_picker/launch/ball_picker_gazebo_launch.py
-- Up-to-date symlink: /home/sebas/Desktop/Projects/ur_ros2/install/ball_picker/share/ball_picker/launch/ball_picker_rviz_launch.py
-- Up-to-date symlink: /home/sebas/Desktop/Projects/ur_ros2/install/ball_picker/share/ball_picker/urdf/ball_picker.urdf
-- Up-to-date symlink: /home/sebas/Desktop/Projects/ur_ros2/install/ball_picker/share/ball_picker/urdf/ur5e.urdf
-- Up-to-date symlink: /home/sebas/Desktop/Projects/ur_ros2/install/ball_picker/share/ball_picker/config/ur_controllers.yaml
-- Up-to-date symlink: /home/sebas/Desktop/Projects/ur_ros2/install/ball_picker/share/ament_index/resource_index/package_run_dependencies/ball_picker
-- Up-to-date symlink: /home/sebas/Desktop/Projects/ur_ros2/install/ball_picker/share/ament_index/resource_index/parent_prefix_path/ball_picker
-- Up-to-date symlink: /home/sebas/Desktop/Projects/ur_ros2/install/ball_picker/share/ball_picker/environment/ament_prefix_path.sh
-- Up-to-date symlink: /home/sebas/Desktop/Projects/ur_ros2/install/ball_picker/share/ball_picker/environment/ament_prefix_path.dsv
-- Up-to-date symlink: /home/sebas/Desktop/Projects/ur_ros2/install/ball_picker/share/ball_picker/environment/path.sh
-- Up-to-date symlink: /home/sebas/Desktop/Projects/ur_ros2/install/ball_picker/share/ball_picker/environment/path.dsv
-- Up-to-date symlink: /home/sebas/Desktop/Projects/ur_ros2/install/ball_picker/share/ball_picker/local_setup.bash
-- Up-to-date symlink: /home/sebas/Desktop/Projects/ur_ros2/install/ball_picker/share/ball_picker/local_setup.sh
-- Up-to-date symlink: /home/sebas/Desktop/Projects/ur_ros2/install/ball_picker/share/ball_picker/local_setup.zsh
-- Up-to-date symlink: /home/sebas/Desktop/Projects/ur_ros2/install/ball_picker/share/ball_picker/local_setup.dsv
-- Symlinking: /home/sebas/Desktop/Projects/ur_ros2/install/ball_picker/share/ball_picker/package.dsv
-- Up-to-date symlink: /home/sebas/Desktop/Projects/ur_ros2/install/ball_picker/share/ament_index/resource_index/packages/ball_picker
-- Up-to-date symlink: /home/sebas/Desktop/Projects/ur_ros2/install/ball_picker/share/ball_picker/cmake/ball_pickerConfig.cmake
-- Up-to-date symlink: /home/sebas/Desktop/Projects/ur_ros2/install/ball_picker/share/ball_picker/cmake/ball_pickerConfig-version.cmake
-- Up-to-date symlink: /home/sebas/Desktop/Projects/ur_ros2/install/ball_picker/share/ball_picker/package.xml
